ARM GAS  C:\Users\jisu8\AppData\Local\Temp\ccLzzIUN.s 			page 1


   1              		.cpu cortex-m0
   2              		.arch armv6s-m
   3              		.fpu softvfp
   4              		.eabi_attribute 20, 1
   5              		.eabi_attribute 21, 1
   6              		.eabi_attribute 23, 3
   7              		.eabi_attribute 24, 1
   8              		.eabi_attribute 25, 1
   9              		.eabi_attribute 26, 1
  10              		.eabi_attribute 30, 1
  11              		.eabi_attribute 34, 0
  12              		.eabi_attribute 18, 4
  13              		.file	"keypad.c"
  14              		.text
  15              	.Ltext0:
  16              		.cfi_sections	.debug_frame
  17              		.section	.text.Key_Scan,"ax",%progbits
  18              		.align	1
  19              		.global	Key_Scan
  20              		.syntax unified
  21              		.code	16
  22              		.thumb_func
  24              	Key_Scan:
  25              	.LFB40:
  26              		.file 1 "Core/Src/keypad.c"
   1:Core/Src/keypad.c **** #include "keypad.h"
   2:Core/Src/keypad.c **** 
   3:Core/Src/keypad.c **** uint8 keypadnum = KEYPAD_NUM_DEFAULT;
   4:Core/Src/keypad.c **** uint8 row , column;
   5:Core/Src/keypad.c **** uint32 debounce_counter;
   6:Core/Src/keypad.c **** uint32 debounce_counter1;
   7:Core/Src/keypad.c **** uint8 testread1,testread2,testread3,testread4;
   8:Core/Src/keypad.c **** void Key_Scan(void)
   9:Core/Src/keypad.c **** {
  27              		.loc 1 9 1 view -0
  28              		.cfi_startproc
  29              		@ args = 0, pretend = 0, frame = 0
  30              		@ frame_needed = 0, uses_anonymous_args = 0
  31 0000 70B5     		push	{r4, r5, r6, lr}
  32              	.LCFI0:
  33              		.cfi_def_cfa_offset 16
  34              		.cfi_offset 4, -16
  35              		.cfi_offset 5, -12
  36              		.cfi_offset 6, -8
  37              		.cfi_offset 14, -4
  10:Core/Src/keypad.c **** 	//row = 0 ;
  11:Core/Src/keypad.c **** 	switch(column)
  38              		.loc 1 11 2 view .LVU1
  39 0002 754B     		ldr	r3, .L44
  40 0004 1B78     		ldrb	r3, [r3]
  41 0006 022B     		cmp	r3, #2
  42 0008 5ED0     		beq	.L2
  43 000a 0FD8     		bhi	.L3
  44 000c 002B     		cmp	r3, #0
  45 000e 1BD0     		beq	.L4
  46 0010 012B     		cmp	r3, #1
  47 0012 24D1     		bne	.L6
ARM GAS  C:\Users\jisu8\AppData\Local\Temp\ccLzzIUN.s 			page 2


  12:Core/Src/keypad.c **** 	{
  13:Core/Src/keypad.c **** 
  14:Core/Src/keypad.c **** 		case(0) :
  15:Core/Src/keypad.c **** 		    HAL_GPIO_WritePin(GPIOC,GPIO_PIN_4,GPIO_PIN_RESET);
  16:Core/Src/keypad.c **** 			HAL_GPIO_WritePin(GPIOC,GPIO_PIN_5|GPIO_PIN_6|GPIO_PIN_7,GPIO_PIN_SET);
  17:Core/Src/keypad.c **** 		break;
  18:Core/Src/keypad.c **** 		case(1) :
  19:Core/Src/keypad.c **** 			HAL_GPIO_WritePin(GPIOC,GPIO_PIN_5,GPIO_PIN_RESET);
  48              		.loc 1 19 4 view .LVU2
  49 0014 714C     		ldr	r4, .L44+4
  50 0016 0022     		movs	r2, #0
  51 0018 2021     		movs	r1, #32
  52 001a 2000     		movs	r0, r4
  53 001c FFF7FEFF 		bl	HAL_GPIO_WritePin
  54              	.LVL0:
  20:Core/Src/keypad.c **** 			HAL_GPIO_WritePin(GPIOC,GPIO_PIN_4|GPIO_PIN_6|GPIO_PIN_7,GPIO_PIN_SET);
  55              		.loc 1 20 4 view .LVU3
  56 0020 0122     		movs	r2, #1
  57 0022 D021     		movs	r1, #208
  58 0024 2000     		movs	r0, r4
  59 0026 FFF7FEFF 		bl	HAL_GPIO_WritePin
  60              	.LVL1:
  21:Core/Src/keypad.c **** 		break;
  61              		.loc 1 21 3 view .LVU4
  62 002a 18E0     		b	.L6
  63              	.L3:
  11:Core/Src/keypad.c **** 	{
  64              		.loc 1 11 2 is_stmt 0 view .LVU5
  65 002c 032B     		cmp	r3, #3
  66 002e 16D1     		bne	.L6
  22:Core/Src/keypad.c **** 		case(2) :
  23:Core/Src/keypad.c **** 			HAL_GPIO_WritePin(GPIOC,GPIO_PIN_6,GPIO_PIN_RESET);
  24:Core/Src/keypad.c **** 			HAL_GPIO_WritePin(GPIOC,GPIO_PIN_4|GPIO_PIN_5|GPIO_PIN_7,GPIO_PIN_SET);
  25:Core/Src/keypad.c **** 		break;
  26:Core/Src/keypad.c **** 		case(3) :
  27:Core/Src/keypad.c **** 			HAL_GPIO_WritePin(GPIOC,GPIO_PIN_7,GPIO_PIN_RESET);
  67              		.loc 1 27 4 is_stmt 1 view .LVU6
  68 0030 6A4C     		ldr	r4, .L44+4
  69 0032 0022     		movs	r2, #0
  70 0034 8021     		movs	r1, #128
  71 0036 2000     		movs	r0, r4
  72 0038 FFF7FEFF 		bl	HAL_GPIO_WritePin
  73              	.LVL2:
  28:Core/Src/keypad.c **** 			HAL_GPIO_WritePin(GPIOC,GPIO_PIN_4|GPIO_PIN_5|GPIO_PIN_6,GPIO_PIN_SET);
  74              		.loc 1 28 4 view .LVU7
  75 003c 0122     		movs	r2, #1
  76 003e 7021     		movs	r1, #112
  77 0040 2000     		movs	r0, r4
  78 0042 FFF7FEFF 		bl	HAL_GPIO_WritePin
  79              	.LVL3:
  29:Core/Src/keypad.c **** 		break;
  80              		.loc 1 29 3 view .LVU8
  81 0046 0AE0     		b	.L6
  82              	.L4:
  15:Core/Src/keypad.c **** 			HAL_GPIO_WritePin(GPIOC,GPIO_PIN_5|GPIO_PIN_6|GPIO_PIN_7,GPIO_PIN_SET);
  83              		.loc 1 15 7 view .LVU9
  84 0048 644C     		ldr	r4, .L44+4
ARM GAS  C:\Users\jisu8\AppData\Local\Temp\ccLzzIUN.s 			page 3


  85 004a 0022     		movs	r2, #0
  86 004c 1021     		movs	r1, #16
  87 004e 2000     		movs	r0, r4
  88 0050 FFF7FEFF 		bl	HAL_GPIO_WritePin
  89              	.LVL4:
  16:Core/Src/keypad.c **** 		break;
  90              		.loc 1 16 4 view .LVU10
  91 0054 0122     		movs	r2, #1
  92 0056 E021     		movs	r1, #224
  93 0058 2000     		movs	r0, r4
  94 005a FFF7FEFF 		bl	HAL_GPIO_WritePin
  95              	.LVL5:
  17:Core/Src/keypad.c **** 		case(1) :
  96              		.loc 1 17 3 view .LVU11
  97              	.L6:
  30:Core/Src/keypad.c **** 		default :
  31:Core/Src/keypad.c **** 		break;
  32:Core/Src/keypad.c **** 	}
  33:Core/Src/keypad.c **** 
  34:Core/Src/keypad.c **** 	row =	HAL_GPIO_ReadPin(GPIOC,GPIO_PIN_0)		|
  98              		.loc 1 34 2 view .LVU12
  99              		.loc 1 34 8 is_stmt 0 view .LVU13
 100 005e 5F4D     		ldr	r5, .L44+4
 101 0060 0121     		movs	r1, #1
 102 0062 2800     		movs	r0, r5
 103 0064 FFF7FEFF 		bl	HAL_GPIO_ReadPin
 104              	.LVL6:
 105 0068 44B2     		sxtb	r4, r0
  35:Core/Src/keypad.c **** 		   (HAL_GPIO_ReadPin(GPIOC,GPIO_PIN_1)<<1)	|
 106              		.loc 1 35 7 view .LVU14
 107 006a 0221     		movs	r1, #2
 108 006c 2800     		movs	r0, r5
 109 006e FFF7FEFF 		bl	HAL_GPIO_ReadPin
 110              	.LVL7:
 111              		.loc 1 35 41 view .LVU15
 112 0072 4000     		lsls	r0, r0, #1
  34:Core/Src/keypad.c **** 		   (HAL_GPIO_ReadPin(GPIOC,GPIO_PIN_1)<<1)	|
 113              		.loc 1 34 44 view .LVU16
 114 0074 0443     		orrs	r4, r0
 115 0076 64B2     		sxtb	r4, r4
  36:Core/Src/keypad.c **** 		   (HAL_GPIO_ReadPin(GPIOC,GPIO_PIN_2)<<2)	|
 116              		.loc 1 36 7 view .LVU17
 117 0078 0421     		movs	r1, #4
 118 007a 2800     		movs	r0, r5
 119 007c FFF7FEFF 		bl	HAL_GPIO_ReadPin
 120              	.LVL8:
 121              		.loc 1 36 41 view .LVU18
 122 0080 8000     		lsls	r0, r0, #2
  35:Core/Src/keypad.c **** 		   (HAL_GPIO_ReadPin(GPIOC,GPIO_PIN_1)<<1)	|
 123              		.loc 1 35 46 view .LVU19
 124 0082 0443     		orrs	r4, r0
 125 0084 64B2     		sxtb	r4, r4
  37:Core/Src/keypad.c **** 		   (HAL_GPIO_ReadPin(GPIOC,GPIO_PIN_3)<<3);
 126              		.loc 1 37 7 view .LVU20
 127 0086 0821     		movs	r1, #8
 128 0088 2800     		movs	r0, r5
 129 008a FFF7FEFF 		bl	HAL_GPIO_ReadPin
ARM GAS  C:\Users\jisu8\AppData\Local\Temp\ccLzzIUN.s 			page 4


 130              	.LVL9:
 131              		.loc 1 37 41 view .LVU21
 132 008e C000     		lsls	r0, r0, #3
  36:Core/Src/keypad.c **** 		   (HAL_GPIO_ReadPin(GPIOC,GPIO_PIN_2)<<2)	|
 133              		.loc 1 36 46 view .LVU22
 134 0090 0443     		orrs	r4, r0
 135 0092 E4B2     		uxtb	r4, r4
  34:Core/Src/keypad.c **** 		   (HAL_GPIO_ReadPin(GPIOC,GPIO_PIN_1)<<1)	|
 136              		.loc 1 34 6 view .LVU23
 137 0094 524B     		ldr	r3, .L44+8
 138 0096 1C70     		strb	r4, [r3]
  38:Core/Src/keypad.c **** 
  39:Core/Src/keypad.c **** 	if(row != 0)
 139              		.loc 1 39 2 is_stmt 1 view .LVU24
 140              		.loc 1 39 4 is_stmt 0 view .LVU25
 141 0098 002C     		cmp	r4, #0
 142 009a 03D0     		beq	.L8
  40:Core/Src/keypad.c **** 	{
  41:Core/Src/keypad.c **** 		debounce_counter1++;
 143              		.loc 1 41 3 is_stmt 1 view .LVU26
 144              		.loc 1 41 20 is_stmt 0 view .LVU27
 145 009c 514A     		ldr	r2, .L44+12
 146 009e 1368     		ldr	r3, [r2]
 147 00a0 0133     		adds	r3, r3, #1
 148 00a2 1360     		str	r3, [r2]
 149              	.L8:
  42:Core/Src/keypad.c **** 	}
  43:Core/Src/keypad.c **** 
  44:Core/Src/keypad.c **** 	if((column == 0) && (row != 0))
 150              		.loc 1 44 2 is_stmt 1 view .LVU28
 151              		.loc 1 44 13 is_stmt 0 view .LVU29
 152 00a4 4C4B     		ldr	r3, .L44
 153 00a6 1B78     		ldrb	r3, [r3]
 154              		.loc 1 44 4 view .LVU30
 155 00a8 002B     		cmp	r3, #0
 156 00aa 25D1     		bne	.L9
 157              		.loc 1 44 19 discriminator 1 view .LVU31
 158 00ac 002C     		cmp	r4, #0
 159 00ae 23D0     		beq	.L9
  45:Core/Src/keypad.c **** 	{
  46:Core/Src/keypad.c **** 		if(row == 7)
 160              		.loc 1 46 3 is_stmt 1 view .LVU32
 161              		.loc 1 46 5 is_stmt 0 view .LVU33
 162 00b0 072C     		cmp	r4, #7
 163 00b2 15D0     		beq	.L28
  47:Core/Src/keypad.c **** 		{
  48:Core/Src/keypad.c **** 			keypadnum = KEYPAD_NUM_1;
  49:Core/Src/keypad.c **** 		}
  50:Core/Src/keypad.c **** 		else if(row == 11)
 164              		.loc 1 50 8 is_stmt 1 view .LVU34
 165              		.loc 1 50 10 is_stmt 0 view .LVU35
 166 00b4 0B2C     		cmp	r4, #11
 167 00b6 17D0     		beq	.L29
  51:Core/Src/keypad.c **** 		{
  52:Core/Src/keypad.c **** 			keypadnum = KEYPAD_NUM_2;
  53:Core/Src/keypad.c **** 		}
  54:Core/Src/keypad.c **** 		else if(row == 13)
ARM GAS  C:\Users\jisu8\AppData\Local\Temp\ccLzzIUN.s 			page 5


 168              		.loc 1 54 8 is_stmt 1 view .LVU36
 169              		.loc 1 54 10 is_stmt 0 view .LVU37
 170 00b8 0D2C     		cmp	r4, #13
 171 00ba 19D0     		beq	.L30
  55:Core/Src/keypad.c **** 		{
  56:Core/Src/keypad.c **** 			keypadnum = KEYPAD_NUM_3;
  57:Core/Src/keypad.c **** 		}
  58:Core/Src/keypad.c **** 		else if(row == 14)
 172              		.loc 1 58 8 is_stmt 1 view .LVU38
 173              		.loc 1 58 10 is_stmt 0 view .LVU39
 174 00bc 0E2C     		cmp	r4, #14
 175 00be 21D1     		bne	.L11
  59:Core/Src/keypad.c **** 		{
  60:Core/Src/keypad.c **** 			keypadnum = KEYPAD_NUM_4;
 176              		.loc 1 60 4 is_stmt 1 view .LVU40
 177              		.loc 1 60 14 is_stmt 0 view .LVU41
 178 00c0 494A     		ldr	r2, .L44+16
 179 00c2 2321     		movs	r1, #35
 180 00c4 1170     		strb	r1, [r2]
 181 00c6 1DE0     		b	.L11
 182              	.L2:
  23:Core/Src/keypad.c **** 			HAL_GPIO_WritePin(GPIOC,GPIO_PIN_4|GPIO_PIN_5|GPIO_PIN_7,GPIO_PIN_SET);
 183              		.loc 1 23 4 is_stmt 1 view .LVU42
 184 00c8 444C     		ldr	r4, .L44+4
 185 00ca 0022     		movs	r2, #0
 186 00cc 4021     		movs	r1, #64
 187 00ce 2000     		movs	r0, r4
 188 00d0 FFF7FEFF 		bl	HAL_GPIO_WritePin
 189              	.LVL10:
  24:Core/Src/keypad.c **** 		break;
 190              		.loc 1 24 4 view .LVU43
 191 00d4 0122     		movs	r2, #1
 192 00d6 B021     		movs	r1, #176
 193 00d8 2000     		movs	r0, r4
 194 00da FFF7FEFF 		bl	HAL_GPIO_WritePin
 195              	.LVL11:
  25:Core/Src/keypad.c **** 		case(3) :
 196              		.loc 1 25 3 view .LVU44
 197 00de BEE7     		b	.L6
 198              	.L28:
  48:Core/Src/keypad.c **** 		}
 199              		.loc 1 48 4 view .LVU45
  48:Core/Src/keypad.c **** 		}
 200              		.loc 1 48 14 is_stmt 0 view .LVU46
 201 00e0 414A     		ldr	r2, .L44+16
 202 00e2 2A21     		movs	r1, #42
 203 00e4 1170     		strb	r1, [r2]
 204 00e6 0DE0     		b	.L11
 205              	.L29:
  52:Core/Src/keypad.c **** 		}
 206              		.loc 1 52 4 is_stmt 1 view .LVU47
  52:Core/Src/keypad.c **** 		}
 207              		.loc 1 52 14 is_stmt 0 view .LVU48
 208 00e8 3F4A     		ldr	r2, .L44+16
 209 00ea 3021     		movs	r1, #48
 210 00ec 1170     		strb	r1, [r2]
 211 00ee 09E0     		b	.L11
ARM GAS  C:\Users\jisu8\AppData\Local\Temp\ccLzzIUN.s 			page 6


 212              	.L30:
  56:Core/Src/keypad.c **** 		}
 213              		.loc 1 56 4 is_stmt 1 view .LVU49
  56:Core/Src/keypad.c **** 		}
 214              		.loc 1 56 14 is_stmt 0 view .LVU50
 215 00f0 3D4A     		ldr	r2, .L44+16
 216 00f2 4421     		movs	r1, #68
 217 00f4 1170     		strb	r1, [r2]
 218 00f6 05E0     		b	.L11
 219              	.L9:
  61:Core/Src/keypad.c **** 		}
  62:Core/Src/keypad.c **** 	}
  63:Core/Src/keypad.c **** 	else if((column == 1) && (row != 0))
 220              		.loc 1 63 7 is_stmt 1 view .LVU51
 221              		.loc 1 63 9 is_stmt 0 view .LVU52
 222 00f8 012B     		cmp	r3, #1
 223 00fa 12D0     		beq	.L31
 224              	.L14:
  64:Core/Src/keypad.c **** 	{
  65:Core/Src/keypad.c **** 		if(row == 7)
  66:Core/Src/keypad.c **** 		{
  67:Core/Src/keypad.c **** 			keypadnum = KEYPAD_NUM_5;
  68:Core/Src/keypad.c **** 		}
  69:Core/Src/keypad.c **** 		else if(row == 11)
  70:Core/Src/keypad.c **** 		{
  71:Core/Src/keypad.c **** 			keypadnum = KEYPAD_NUM_6;
  72:Core/Src/keypad.c **** 		}
  73:Core/Src/keypad.c **** 		else if(row == 13)
  74:Core/Src/keypad.c **** 		{
  75:Core/Src/keypad.c **** 			keypadnum = KEYPAD_NUM_7;
  76:Core/Src/keypad.c **** 		}
  77:Core/Src/keypad.c **** 		else if(row == 14)
  78:Core/Src/keypad.c **** 		{
  79:Core/Src/keypad.c **** 			keypadnum = KEYPAD_NUM_8;
  80:Core/Src/keypad.c **** 		}
  81:Core/Src/keypad.c **** 	}
  82:Core/Src/keypad.c **** 	else if((column == 2) && (row != 0))
 225              		.loc 1 82 7 is_stmt 1 view .LVU53
 226              		.loc 1 82 9 is_stmt 0 view .LVU54
 227 00fc 022B     		cmp	r3, #2
 228 00fe 2AD0     		beq	.L32
 229              	.L18:
  83:Core/Src/keypad.c **** 	{
  84:Core/Src/keypad.c **** 		if(row == 7)
  85:Core/Src/keypad.c **** 		{
  86:Core/Src/keypad.c **** 			keypadnum = KEYPAD_NUM_9;
  87:Core/Src/keypad.c **** 		}
  88:Core/Src/keypad.c **** 		else if(row == 11)
  89:Core/Src/keypad.c **** 		{
  90:Core/Src/keypad.c **** 			keypadnum = KEYPAD_NUM_10;
  91:Core/Src/keypad.c **** 		}
  92:Core/Src/keypad.c **** 		else if(row == 13)
  93:Core/Src/keypad.c **** 		{
  94:Core/Src/keypad.c **** 			keypadnum = KEYPAD_NUM_11;
  95:Core/Src/keypad.c **** 		}
  96:Core/Src/keypad.c **** 		else if(row == 14)
  97:Core/Src/keypad.c **** 		{
ARM GAS  C:\Users\jisu8\AppData\Local\Temp\ccLzzIUN.s 			page 7


  98:Core/Src/keypad.c **** 			keypadnum = KEYPAD_NUM_12;
  99:Core/Src/keypad.c **** 		}
 100:Core/Src/keypad.c **** 	}
 101:Core/Src/keypad.c **** 	else if((column == 3) && (row != 0))
 230              		.loc 1 101 7 is_stmt 1 view .LVU55
 231              		.loc 1 101 9 is_stmt 0 view .LVU56
 232 0100 032B     		cmp	r3, #3
 233 0102 42D0     		beq	.L33
 234              	.L11:
 102:Core/Src/keypad.c **** 	{
 103:Core/Src/keypad.c **** 		if(row == 7)
 104:Core/Src/keypad.c **** 		{
 105:Core/Src/keypad.c **** 			keypadnum = KEYPAD_NUM_13;
 106:Core/Src/keypad.c **** 		}
 107:Core/Src/keypad.c **** 		else if(row == 11)
 108:Core/Src/keypad.c **** 		{
 109:Core/Src/keypad.c **** 			keypadnum = KEYPAD_NUM_14;
 110:Core/Src/keypad.c **** 		}
 111:Core/Src/keypad.c **** 		else if(row == 13)
 112:Core/Src/keypad.c **** 		{
 113:Core/Src/keypad.c **** 			keypadnum = KEYPAD_NUM_15;
 114:Core/Src/keypad.c **** 		}
 115:Core/Src/keypad.c **** 		else if(row == 14)
 116:Core/Src/keypad.c **** 		{
 117:Core/Src/keypad.c **** 			keypadnum = KEYPAD_NUM_16;
 118:Core/Src/keypad.c **** 		}
 119:Core/Src/keypad.c **** 	}
 120:Core/Src/keypad.c **** 
 121:Core/Src/keypad.c **** 	column++;
 235              		.loc 1 121 2 is_stmt 1 view .LVU57
 236              		.loc 1 121 8 is_stmt 0 view .LVU58
 237 0104 0133     		adds	r3, r3, #1
 238 0106 DBB2     		uxtb	r3, r3
 239 0108 334A     		ldr	r2, .L44
 240 010a 1370     		strb	r3, [r2]
 122:Core/Src/keypad.c **** 
 123:Core/Src/keypad.c **** 	if(column>3)
 241              		.loc 1 123 2 is_stmt 1 view .LVU59
 242              		.loc 1 123 4 is_stmt 0 view .LVU60
 243 010c 032B     		cmp	r3, #3
 244 010e 02D9     		bls	.L25
 124:Core/Src/keypad.c **** 	{
 125:Core/Src/keypad.c **** 		column=0;
 245              		.loc 1 125 3 is_stmt 1 view .LVU61
 246              		.loc 1 125 9 is_stmt 0 view .LVU62
 247 0110 1300     		movs	r3, r2
 248 0112 0022     		movs	r2, #0
 249 0114 1A70     		strb	r2, [r3]
 250              	.L25:
 126:Core/Src/keypad.c **** 	}
 127:Core/Src/keypad.c **** 	if((row == 15))
 251              		.loc 1 127 2 is_stmt 1 view .LVU63
 252              		.loc 1 127 4 is_stmt 0 view .LVU64
 253 0116 0F2C     		cmp	r4, #15
 254 0118 51D0     		beq	.L34
 128:Core/Src/keypad.c **** 	{
 129:Core/Src/keypad.c **** 		debounce_counter++;
ARM GAS  C:\Users\jisu8\AppData\Local\Temp\ccLzzIUN.s 			page 8


 130:Core/Src/keypad.c **** 		if(debounce_counter >KEYPAD_DEBOUNCE)
 131:Core/Src/keypad.c **** 		{
 132:Core/Src/keypad.c **** 			keypadnum = KEYPAD_NUM_DEFAULT;
 133:Core/Src/keypad.c **** 			debounce_counter = 0;
 134:Core/Src/keypad.c **** 		}
 135:Core/Src/keypad.c **** 	}
 136:Core/Src/keypad.c **** 	else
 137:Core/Src/keypad.c **** 	{
 138:Core/Src/keypad.c **** 		debounce_counter = 0;
 255              		.loc 1 138 3 is_stmt 1 view .LVU65
 256              		.loc 1 138 20 is_stmt 0 view .LVU66
 257 011a 344B     		ldr	r3, .L44+20
 258 011c 0022     		movs	r2, #0
 259 011e 1A60     		str	r2, [r3]
 139:Core/Src/keypad.c **** 	}
 140:Core/Src/keypad.c **** 
 141:Core/Src/keypad.c **** 
 142:Core/Src/keypad.c **** 	return;
 260              		.loc 1 142 2 is_stmt 1 view .LVU67
 261              	.L1:
 143:Core/Src/keypad.c **** }
 262              		.loc 1 143 1 is_stmt 0 view .LVU68
 263              		@ sp needed
 264 0120 70BD     		pop	{r4, r5, r6, pc}
 265              	.L31:
  63:Core/Src/keypad.c **** 	{
 266              		.loc 1 63 24 discriminator 1 view .LVU69
 267 0122 002C     		cmp	r4, #0
 268 0124 EAD0     		beq	.L14
  65:Core/Src/keypad.c **** 		{
 269              		.loc 1 65 3 is_stmt 1 view .LVU70
  65:Core/Src/keypad.c **** 		{
 270              		.loc 1 65 5 is_stmt 0 view .LVU71
 271 0126 072C     		cmp	r4, #7
 272 0128 09D0     		beq	.L35
  69:Core/Src/keypad.c **** 		{
 273              		.loc 1 69 8 is_stmt 1 view .LVU72
  69:Core/Src/keypad.c **** 		{
 274              		.loc 1 69 10 is_stmt 0 view .LVU73
 275 012a 0B2C     		cmp	r4, #11
 276 012c 0BD0     		beq	.L36
  73:Core/Src/keypad.c **** 		{
 277              		.loc 1 73 8 is_stmt 1 view .LVU74
  73:Core/Src/keypad.c **** 		{
 278              		.loc 1 73 10 is_stmt 0 view .LVU75
 279 012e 0D2C     		cmp	r4, #13
 280 0130 0DD0     		beq	.L37
  77:Core/Src/keypad.c **** 		{
 281              		.loc 1 77 8 is_stmt 1 view .LVU76
  77:Core/Src/keypad.c **** 		{
 282              		.loc 1 77 10 is_stmt 0 view .LVU77
 283 0132 0E2C     		cmp	r4, #14
 284 0134 E6D1     		bne	.L11
  79:Core/Src/keypad.c **** 		}
 285              		.loc 1 79 4 is_stmt 1 view .LVU78
  79:Core/Src/keypad.c **** 		}
 286              		.loc 1 79 14 is_stmt 0 view .LVU79
ARM GAS  C:\Users\jisu8\AppData\Local\Temp\ccLzzIUN.s 			page 9


 287 0136 2C4A     		ldr	r2, .L44+16
 288 0138 4221     		movs	r1, #66
 289 013a 1170     		strb	r1, [r2]
 290 013c E2E7     		b	.L11
 291              	.L35:
  67:Core/Src/keypad.c **** 		}
 292              		.loc 1 67 4 is_stmt 1 view .LVU80
  67:Core/Src/keypad.c **** 		}
 293              		.loc 1 67 14 is_stmt 0 view .LVU81
 294 013e 2A4A     		ldr	r2, .L44+16
 295 0140 3421     		movs	r1, #52
 296 0142 1170     		strb	r1, [r2]
 297 0144 DEE7     		b	.L11
 298              	.L36:
  71:Core/Src/keypad.c **** 		}
 299              		.loc 1 71 4 is_stmt 1 view .LVU82
  71:Core/Src/keypad.c **** 		}
 300              		.loc 1 71 14 is_stmt 0 view .LVU83
 301 0146 284A     		ldr	r2, .L44+16
 302 0148 3521     		movs	r1, #53
 303 014a 1170     		strb	r1, [r2]
 304 014c DAE7     		b	.L11
 305              	.L37:
  75:Core/Src/keypad.c **** 		}
 306              		.loc 1 75 4 is_stmt 1 view .LVU84
  75:Core/Src/keypad.c **** 		}
 307              		.loc 1 75 14 is_stmt 0 view .LVU85
 308 014e 264A     		ldr	r2, .L44+16
 309 0150 3621     		movs	r1, #54
 310 0152 1170     		strb	r1, [r2]
 311 0154 D6E7     		b	.L11
 312              	.L32:
  82:Core/Src/keypad.c **** 	{
 313              		.loc 1 82 24 discriminator 1 view .LVU86
 314 0156 002C     		cmp	r4, #0
 315 0158 D2D0     		beq	.L18
  84:Core/Src/keypad.c **** 		{
 316              		.loc 1 84 3 is_stmt 1 view .LVU87
  84:Core/Src/keypad.c **** 		{
 317              		.loc 1 84 5 is_stmt 0 view .LVU88
 318 015a 072C     		cmp	r4, #7
 319 015c 09D0     		beq	.L38
  88:Core/Src/keypad.c **** 		{
 320              		.loc 1 88 8 is_stmt 1 view .LVU89
  88:Core/Src/keypad.c **** 		{
 321              		.loc 1 88 10 is_stmt 0 view .LVU90
 322 015e 0B2C     		cmp	r4, #11
 323 0160 0BD0     		beq	.L39
  92:Core/Src/keypad.c **** 		{
 324              		.loc 1 92 8 is_stmt 1 view .LVU91
  92:Core/Src/keypad.c **** 		{
 325              		.loc 1 92 10 is_stmt 0 view .LVU92
 326 0162 0D2C     		cmp	r4, #13
 327 0164 0DD0     		beq	.L40
  96:Core/Src/keypad.c **** 		{
 328              		.loc 1 96 8 is_stmt 1 view .LVU93
  96:Core/Src/keypad.c **** 		{
ARM GAS  C:\Users\jisu8\AppData\Local\Temp\ccLzzIUN.s 			page 10


 329              		.loc 1 96 10 is_stmt 0 view .LVU94
 330 0166 0E2C     		cmp	r4, #14
 331 0168 CCD1     		bne	.L11
  98:Core/Src/keypad.c **** 		}
 332              		.loc 1 98 4 is_stmt 1 view .LVU95
  98:Core/Src/keypad.c **** 		}
 333              		.loc 1 98 14 is_stmt 0 view .LVU96
 334 016a 1F4A     		ldr	r2, .L44+16
 335 016c 4321     		movs	r1, #67
 336 016e 1170     		strb	r1, [r2]
 337 0170 C8E7     		b	.L11
 338              	.L38:
  86:Core/Src/keypad.c **** 		}
 339              		.loc 1 86 4 is_stmt 1 view .LVU97
  86:Core/Src/keypad.c **** 		}
 340              		.loc 1 86 14 is_stmt 0 view .LVU98
 341 0172 1D4A     		ldr	r2, .L44+16
 342 0174 3721     		movs	r1, #55
 343 0176 1170     		strb	r1, [r2]
 344 0178 C4E7     		b	.L11
 345              	.L39:
  90:Core/Src/keypad.c **** 		}
 346              		.loc 1 90 4 is_stmt 1 view .LVU99
  90:Core/Src/keypad.c **** 		}
 347              		.loc 1 90 14 is_stmt 0 view .LVU100
 348 017a 1B4A     		ldr	r2, .L44+16
 349 017c 3821     		movs	r1, #56
 350 017e 1170     		strb	r1, [r2]
 351 0180 C0E7     		b	.L11
 352              	.L40:
  94:Core/Src/keypad.c **** 		}
 353              		.loc 1 94 4 is_stmt 1 view .LVU101
  94:Core/Src/keypad.c **** 		}
 354              		.loc 1 94 14 is_stmt 0 view .LVU102
 355 0182 194A     		ldr	r2, .L44+16
 356 0184 3921     		movs	r1, #57
 357 0186 1170     		strb	r1, [r2]
 358 0188 BCE7     		b	.L11
 359              	.L33:
 101:Core/Src/keypad.c **** 	{
 360              		.loc 1 101 24 discriminator 1 view .LVU103
 361 018a 002C     		cmp	r4, #0
 362 018c BAD0     		beq	.L11
 103:Core/Src/keypad.c **** 		{
 363              		.loc 1 103 3 is_stmt 1 view .LVU104
 103:Core/Src/keypad.c **** 		{
 364              		.loc 1 103 5 is_stmt 0 view .LVU105
 365 018e 072C     		cmp	r4, #7
 366 0190 09D0     		beq	.L41
 107:Core/Src/keypad.c **** 		{
 367              		.loc 1 107 8 is_stmt 1 view .LVU106
 107:Core/Src/keypad.c **** 		{
 368              		.loc 1 107 10 is_stmt 0 view .LVU107
 369 0192 0B2C     		cmp	r4, #11
 370 0194 0BD0     		beq	.L42
 111:Core/Src/keypad.c **** 		{
 371              		.loc 1 111 8 is_stmt 1 view .LVU108
ARM GAS  C:\Users\jisu8\AppData\Local\Temp\ccLzzIUN.s 			page 11


 111:Core/Src/keypad.c **** 		{
 372              		.loc 1 111 10 is_stmt 0 view .LVU109
 373 0196 0D2C     		cmp	r4, #13
 374 0198 0DD0     		beq	.L43
 115:Core/Src/keypad.c **** 		{
 375              		.loc 1 115 8 is_stmt 1 view .LVU110
 115:Core/Src/keypad.c **** 		{
 376              		.loc 1 115 10 is_stmt 0 view .LVU111
 377 019a 0E2C     		cmp	r4, #14
 378 019c B2D1     		bne	.L11
 117:Core/Src/keypad.c **** 		}
 379              		.loc 1 117 4 is_stmt 1 view .LVU112
 117:Core/Src/keypad.c **** 		}
 380              		.loc 1 117 14 is_stmt 0 view .LVU113
 381 019e 124A     		ldr	r2, .L44+16
 382 01a0 3321     		movs	r1, #51
 383 01a2 1170     		strb	r1, [r2]
 384 01a4 AEE7     		b	.L11
 385              	.L41:
 105:Core/Src/keypad.c **** 		}
 386              		.loc 1 105 4 is_stmt 1 view .LVU114
 105:Core/Src/keypad.c **** 		}
 387              		.loc 1 105 14 is_stmt 0 view .LVU115
 388 01a6 104A     		ldr	r2, .L44+16
 389 01a8 3121     		movs	r1, #49
 390 01aa 1170     		strb	r1, [r2]
 391 01ac AAE7     		b	.L11
 392              	.L42:
 109:Core/Src/keypad.c **** 		}
 393              		.loc 1 109 4 is_stmt 1 view .LVU116
 109:Core/Src/keypad.c **** 		}
 394              		.loc 1 109 14 is_stmt 0 view .LVU117
 395 01ae 0E4A     		ldr	r2, .L44+16
 396 01b0 3221     		movs	r1, #50
 397 01b2 1170     		strb	r1, [r2]
 398 01b4 A6E7     		b	.L11
 399              	.L43:
 113:Core/Src/keypad.c **** 		}
 400              		.loc 1 113 4 is_stmt 1 view .LVU118
 113:Core/Src/keypad.c **** 		}
 401              		.loc 1 113 14 is_stmt 0 view .LVU119
 402 01b6 0C4A     		ldr	r2, .L44+16
 403 01b8 4121     		movs	r1, #65
 404 01ba 1170     		strb	r1, [r2]
 405 01bc A2E7     		b	.L11
 406              	.L34:
 129:Core/Src/keypad.c **** 		if(debounce_counter >KEYPAD_DEBOUNCE)
 407              		.loc 1 129 3 is_stmt 1 view .LVU120
 129:Core/Src/keypad.c **** 		if(debounce_counter >KEYPAD_DEBOUNCE)
 408              		.loc 1 129 19 is_stmt 0 view .LVU121
 409 01be 0B4A     		ldr	r2, .L44+20
 410 01c0 1368     		ldr	r3, [r2]
 411 01c2 0133     		adds	r3, r3, #1
 412 01c4 1360     		str	r3, [r2]
 130:Core/Src/keypad.c **** 		{
 413              		.loc 1 130 3 is_stmt 1 view .LVU122
 130:Core/Src/keypad.c **** 		{
ARM GAS  C:\Users\jisu8\AppData\Local\Temp\ccLzzIUN.s 			page 12


 414              		.loc 1 130 5 is_stmt 0 view .LVU123
 415 01c6 322B     		cmp	r3, #50
 416 01c8 AAD9     		bls	.L1
 132:Core/Src/keypad.c **** 			debounce_counter = 0;
 417              		.loc 1 132 4 is_stmt 1 view .LVU124
 132:Core/Src/keypad.c **** 			debounce_counter = 0;
 418              		.loc 1 132 14 is_stmt 0 view .LVU125
 419 01ca 074B     		ldr	r3, .L44+16
 420 01cc 2022     		movs	r2, #32
 421 01ce 1A70     		strb	r2, [r3]
 133:Core/Src/keypad.c **** 		}
 422              		.loc 1 133 4 is_stmt 1 view .LVU126
 133:Core/Src/keypad.c **** 		}
 423              		.loc 1 133 21 is_stmt 0 view .LVU127
 424 01d0 064B     		ldr	r3, .L44+20
 425 01d2 0022     		movs	r2, #0
 426 01d4 1A60     		str	r2, [r3]
 427 01d6 A3E7     		b	.L1
 428              	.L45:
 429              		.align	2
 430              	.L44:
 431 01d8 00000000 		.word	.LANCHOR0
 432 01dc 00080048 		.word	1207961600
 433 01e0 00000000 		.word	.LANCHOR1
 434 01e4 00000000 		.word	.LANCHOR2
 435 01e8 00000000 		.word	.LANCHOR3
 436 01ec 00000000 		.word	.LANCHOR4
 437              		.cfi_endproc
 438              	.LFE40:
 440              		.section	.text.Key_Input,"ax",%progbits
 441              		.align	1
 442              		.global	Key_Input
 443              		.syntax unified
 444              		.code	16
 445              		.thumb_func
 447              	Key_Input:
 448              	.LFB41:
 144:Core/Src/keypad.c **** 
 145:Core/Src/keypad.c **** uint8 Key_stDIP1,Key_stDIP2,Key_stDIP3;
 146:Core/Src/keypad.c **** uint8 Key_OnOff;
 147:Core/Src/keypad.c **** void Key_Input(void)
 148:Core/Src/keypad.c **** {
 449              		.loc 1 148 1 is_stmt 1 view -0
 450              		.cfi_startproc
 451              		@ args = 0, pretend = 0, frame = 0
 452              		@ frame_needed = 0, uses_anonymous_args = 0
 453 0000 70B5     		push	{r4, r5, r6, lr}
 454              	.LCFI1:
 455              		.cfi_def_cfa_offset 16
 456              		.cfi_offset 4, -16
 457              		.cfi_offset 5, -12
 458              		.cfi_offset 6, -8
 459              		.cfi_offset 14, -4
 149:Core/Src/keypad.c **** 	static uint8 timer;
 460              		.loc 1 149 2 view .LVU129
 150:Core/Src/keypad.c **** 	Key_stDIP1 = HAL_GPIO_ReadPin(GPIOB,GPIO_PIN_0);
 461              		.loc 1 150 2 view .LVU130
ARM GAS  C:\Users\jisu8\AppData\Local\Temp\ccLzzIUN.s 			page 13


 462              		.loc 1 150 15 is_stmt 0 view .LVU131
 463 0002 614C     		ldr	r4, .L50
 464 0004 0121     		movs	r1, #1
 465 0006 2000     		movs	r0, r4
 466 0008 FFF7FEFF 		bl	HAL_GPIO_ReadPin
 467              	.LVL12:
 468              		.loc 1 150 13 view .LVU132
 469 000c 5F4B     		ldr	r3, .L50+4
 470 000e 1870     		strb	r0, [r3]
 151:Core/Src/keypad.c **** 	Key_stDIP2 = HAL_GPIO_ReadPin(GPIOB,GPIO_PIN_1);
 471              		.loc 1 151 2 is_stmt 1 view .LVU133
 472              		.loc 1 151 15 is_stmt 0 view .LVU134
 473 0010 0221     		movs	r1, #2
 474 0012 2000     		movs	r0, r4
 475 0014 FFF7FEFF 		bl	HAL_GPIO_ReadPin
 476              	.LVL13:
 477              		.loc 1 151 13 view .LVU135
 478 0018 5D4B     		ldr	r3, .L50+8
 479 001a 1870     		strb	r0, [r3]
 152:Core/Src/keypad.c **** 	Key_stDIP3 = HAL_GPIO_ReadPin(GPIOB,GPIO_PIN_2);
 480              		.loc 1 152 2 is_stmt 1 view .LVU136
 481              		.loc 1 152 15 is_stmt 0 view .LVU137
 482 001c 0421     		movs	r1, #4
 483 001e 2000     		movs	r0, r4
 484 0020 FFF7FEFF 		bl	HAL_GPIO_ReadPin
 485              	.LVL14:
 486              		.loc 1 152 13 view .LVU138
 487 0024 5B4B     		ldr	r3, .L50+12
 488 0026 1870     		strb	r0, [r3]
 153:Core/Src/keypad.c **** 	Key_OnOff = HAL_GPIO_ReadPin(GPIOA,GPIO_PIN_15);
 489              		.loc 1 153 2 is_stmt 1 view .LVU139
 490              		.loc 1 153 14 is_stmt 0 view .LVU140
 491 0028 8021     		movs	r1, #128
 492 002a 9020     		movs	r0, #144
 493 002c 0902     		lsls	r1, r1, #8
 494 002e C005     		lsls	r0, r0, #23
 495 0030 FFF7FEFF 		bl	HAL_GPIO_ReadPin
 496              	.LVL15:
 497              		.loc 1 153 12 view .LVU141
 498 0034 584B     		ldr	r3, .L50+16
 499 0036 1870     		strb	r0, [r3]
 154:Core/Src/keypad.c **** 
 155:Core/Src/keypad.c **** 	timer++;
 500              		.loc 1 155 2 is_stmt 1 view .LVU142
 501              		.loc 1 155 7 is_stmt 0 view .LVU143
 502 0038 584A     		ldr	r2, .L50+20
 503 003a 1378     		ldrb	r3, [r2]
 504 003c 0133     		adds	r3, r3, #1
 505 003e DBB2     		uxtb	r3, r3
 506 0040 1370     		strb	r3, [r2]
 156:Core/Src/keypad.c **** 	if(timer > 20)
 507              		.loc 1 156 2 is_stmt 1 view .LVU144
 508              		.loc 1 156 4 is_stmt 0 view .LVU145
 509 0042 142B     		cmp	r3, #20
 510 0044 02D9     		bls	.L47
 157:Core/Src/keypad.c **** 	{
 158:Core/Src/keypad.c **** 		timer = 0;
ARM GAS  C:\Users\jisu8\AppData\Local\Temp\ccLzzIUN.s 			page 14


 511              		.loc 1 158 3 is_stmt 1 view .LVU146
 512              		.loc 1 158 9 is_stmt 0 view .LVU147
 513 0046 1300     		movs	r3, r2
 514 0048 0022     		movs	r2, #0
 515 004a 1A70     		strb	r2, [r3]
 516              	.L47:
 159:Core/Src/keypad.c **** 	}
 160:Core/Src/keypad.c **** 
 161:Core/Src/keypad.c **** 	if(timer<10)
 517              		.loc 1 161 2 is_stmt 1 view .LVU148
 518              		.loc 1 161 10 is_stmt 0 view .LVU149
 519 004c 534B     		ldr	r3, .L50+20
 520 004e 1B78     		ldrb	r3, [r3]
 521              		.loc 1 161 4 view .LVU150
 522 0050 092B     		cmp	r3, #9
 523 0052 4ED8     		bhi	.L48
 162:Core/Src/keypad.c **** 	{
 163:Core/Src/keypad.c **** 		//HAL_GPIO_WritePin(GPIOB,GPIO_PIN_3,0);
 164:Core/Src/keypad.c **** 		//HAL_GPIO_WritePin(GPIOB,GPIO_PIN_4,0);
 165:Core/Src/keypad.c **** 		//HAL_GPIO_WritePin(GPIOB,GPIO_PIN_5,0);
 166:Core/Src/keypad.c **** 		HAL_GPIO_WritePin(GPIOB,GPIO_PIN_6,0);
 524              		.loc 1 166 3 is_stmt 1 view .LVU151
 525 0054 4C4C     		ldr	r4, .L50
 526 0056 0022     		movs	r2, #0
 527 0058 4021     		movs	r1, #64
 528 005a 2000     		movs	r0, r4
 529 005c FFF7FEFF 		bl	HAL_GPIO_WritePin
 530              	.LVL16:
 167:Core/Src/keypad.c **** 		HAL_GPIO_WritePin(GPIOB,GPIO_PIN_7,0);
 531              		.loc 1 167 3 view .LVU152
 532 0060 0022     		movs	r2, #0
 533 0062 8021     		movs	r1, #128
 534 0064 2000     		movs	r0, r4
 535 0066 FFF7FEFF 		bl	HAL_GPIO_WritePin
 536              	.LVL17:
 168:Core/Src/keypad.c **** 		HAL_GPIO_WritePin(GPIOB,GPIO_PIN_8,0);
 537              		.loc 1 168 3 view .LVU153
 538 006a 8026     		movs	r6, #128
 539 006c 7600     		lsls	r6, r6, #1
 540 006e 0022     		movs	r2, #0
 541 0070 3100     		movs	r1, r6
 542 0072 2000     		movs	r0, r4
 543 0074 FFF7FEFF 		bl	HAL_GPIO_WritePin
 544              	.LVL18:
 169:Core/Src/keypad.c **** 		HAL_GPIO_WritePin(GPIOB,GPIO_PIN_9,0);
 545              		.loc 1 169 3 view .LVU154
 546 0078 8025     		movs	r5, #128
 547 007a AD00     		lsls	r5, r5, #2
 548 007c 0022     		movs	r2, #0
 549 007e 2900     		movs	r1, r5
 550 0080 2000     		movs	r0, r4
 551 0082 FFF7FEFF 		bl	HAL_GPIO_WritePin
 552              	.LVL19:
 170:Core/Src/keypad.c **** 		HAL_GPIO_WritePin(GPIOA,GPIO_PIN_8,0);
 553              		.loc 1 170 3 view .LVU155
 554 0086 9024     		movs	r4, #144
 555 0088 E405     		lsls	r4, r4, #23
ARM GAS  C:\Users\jisu8\AppData\Local\Temp\ccLzzIUN.s 			page 15


 556 008a 0022     		movs	r2, #0
 557 008c 3100     		movs	r1, r6
 558 008e 2000     		movs	r0, r4
 559 0090 FFF7FEFF 		bl	HAL_GPIO_WritePin
 560              	.LVL20:
 171:Core/Src/keypad.c **** 		HAL_GPIO_WritePin(GPIOA,GPIO_PIN_9,0);
 561              		.loc 1 171 3 view .LVU156
 562 0094 0022     		movs	r2, #0
 563 0096 2900     		movs	r1, r5
 564 0098 2000     		movs	r0, r4
 565 009a FFF7FEFF 		bl	HAL_GPIO_WritePin
 566              	.LVL21:
 172:Core/Src/keypad.c **** 		HAL_GPIO_WritePin(GPIOC,GPIO_PIN_8,0);
 567              		.loc 1 172 3 view .LVU157
 568 009e 404C     		ldr	r4, .L50+24
 569 00a0 0022     		movs	r2, #0
 570 00a2 3100     		movs	r1, r6
 571 00a4 2000     		movs	r0, r4
 572 00a6 FFF7FEFF 		bl	HAL_GPIO_WritePin
 573              	.LVL22:
 173:Core/Src/keypad.c **** 		HAL_GPIO_WritePin(GPIOC,GPIO_PIN_9,0);
 574              		.loc 1 173 3 view .LVU158
 575 00aa 0022     		movs	r2, #0
 576 00ac 2900     		movs	r1, r5
 577 00ae 2000     		movs	r0, r4
 578 00b0 FFF7FEFF 		bl	HAL_GPIO_WritePin
 579              	.LVL23:
 174:Core/Src/keypad.c **** 		HAL_GPIO_WritePin(GPIOC,GPIO_PIN_10,0);
 580              		.loc 1 174 3 view .LVU159
 581 00b4 8021     		movs	r1, #128
 582 00b6 0022     		movs	r2, #0
 583 00b8 C900     		lsls	r1, r1, #3
 584 00ba 2000     		movs	r0, r4
 585 00bc FFF7FEFF 		bl	HAL_GPIO_WritePin
 586              	.LVL24:
 175:Core/Src/keypad.c **** 		HAL_GPIO_WritePin(GPIOC,GPIO_PIN_11,0);
 587              		.loc 1 175 3 view .LVU160
 588 00c0 8021     		movs	r1, #128
 589 00c2 0022     		movs	r2, #0
 590 00c4 0901     		lsls	r1, r1, #4
 591 00c6 2000     		movs	r0, r4
 592 00c8 FFF7FEFF 		bl	HAL_GPIO_WritePin
 593              	.LVL25:
 176:Core/Src/keypad.c **** 		HAL_GPIO_WritePin(GPIOC,GPIO_PIN_12,0);
 594              		.loc 1 176 3 view .LVU161
 595 00cc 8021     		movs	r1, #128
 596 00ce 0022     		movs	r2, #0
 597 00d0 4901     		lsls	r1, r1, #5
 598 00d2 2000     		movs	r0, r4
 599 00d4 FFF7FEFF 		bl	HAL_GPIO_WritePin
 600              	.LVL26:
 177:Core/Src/keypad.c **** 		HAL_GPIO_WritePin(GPIOC,GPIO_PIN_13,0);
 601              		.loc 1 177 3 view .LVU162
 602 00d8 8021     		movs	r1, #128
 603 00da 0022     		movs	r2, #0
 604 00dc 8901     		lsls	r1, r1, #6
 605 00de 2000     		movs	r0, r4
ARM GAS  C:\Users\jisu8\AppData\Local\Temp\ccLzzIUN.s 			page 16


 606 00e0 FFF7FEFF 		bl	HAL_GPIO_WritePin
 607              	.LVL27:
 178:Core/Src/keypad.c **** 		HAL_GPIO_WritePin(GPIOC,GPIO_PIN_14,0);
 608              		.loc 1 178 3 view .LVU163
 609 00e4 8021     		movs	r1, #128
 610 00e6 0022     		movs	r2, #0
 611 00e8 C901     		lsls	r1, r1, #7
 612 00ea 2000     		movs	r0, r4
 613 00ec FFF7FEFF 		bl	HAL_GPIO_WritePin
 614              	.LVL28:
 615              	.L46:
 179:Core/Src/keypad.c **** 	}
 180:Core/Src/keypad.c **** 	else
 181:Core/Src/keypad.c **** 	{
 182:Core/Src/keypad.c **** 		//HAL_GPIO_WritePin(GPIOB,GPIO_PIN_3,1);
 183:Core/Src/keypad.c **** 		//HAL_GPIO_WritePin(GPIOB,GPIO_PIN_4,1);
 184:Core/Src/keypad.c **** 		//HAL_GPIO_WritePin(GPIOB,GPIO_PIN_5,1);
 185:Core/Src/keypad.c **** 		HAL_GPIO_WritePin(GPIOB,GPIO_PIN_6,1);
 186:Core/Src/keypad.c **** 		HAL_GPIO_WritePin(GPIOB,GPIO_PIN_7,1);
 187:Core/Src/keypad.c **** 		HAL_GPIO_WritePin(GPIOB,GPIO_PIN_8,1);
 188:Core/Src/keypad.c **** 		HAL_GPIO_WritePin(GPIOB,GPIO_PIN_9,1);
 189:Core/Src/keypad.c **** 		HAL_GPIO_WritePin(GPIOA,GPIO_PIN_8,1);
 190:Core/Src/keypad.c **** 		HAL_GPIO_WritePin(GPIOA,GPIO_PIN_9,1);
 191:Core/Src/keypad.c **** 		HAL_GPIO_WritePin(GPIOC,GPIO_PIN_9,1);
 192:Core/Src/keypad.c **** 		HAL_GPIO_WritePin(GPIOC,GPIO_PIN_10,1);
 193:Core/Src/keypad.c **** 		HAL_GPIO_WritePin(GPIOC,GPIO_PIN_11,1);
 194:Core/Src/keypad.c **** 		HAL_GPIO_WritePin(GPIOC,GPIO_PIN_12,1);
 195:Core/Src/keypad.c **** 		HAL_GPIO_WritePin(GPIOC,GPIO_PIN_13,1);
 196:Core/Src/keypad.c **** 		HAL_GPIO_WritePin(GPIOC,GPIO_PIN_14,1);
 197:Core/Src/keypad.c **** 	}
 198:Core/Src/keypad.c **** }...
 616              		.loc 1 198 1 is_stmt 0 view .LVU164
 617              		@ sp needed
 618 00f0 70BD     		pop	{r4, r5, r6, pc}
 619              	.L48:
 185:Core/Src/keypad.c **** 		HAL_GPIO_WritePin(GPIOB,GPIO_PIN_6,1);
 620              		.loc 1 185 3 is_stmt 1 view .LVU165
 621 00f2 254C     		ldr	r4, .L50
 622 00f4 0122     		movs	r2, #1
 623 00f6 4021     		movs	r1, #64
 624 00f8 2000     		movs	r0, r4
 625 00fa FFF7FEFF 		bl	HAL_GPIO_WritePin
 626              	.LVL29:
 186:Core/Src/keypad.c **** 		HAL_GPIO_WritePin(GPIOB,GPIO_PIN_7,1);
 627              		.loc 1 186 3 view .LVU166
 628 00fe 0122     		movs	r2, #1
 629 0100 8021     		movs	r1, #128
 630 0102 2000     		movs	r0, r4
 631 0104 FFF7FEFF 		bl	HAL_GPIO_WritePin
 632              	.LVL30:
 187:Core/Src/keypad.c **** 		HAL_GPIO_WritePin(GPIOB,GPIO_PIN_8,1);
 633              		.loc 1 187 3 view .LVU167
 634 0108 8026     		movs	r6, #128
 635 010a 7600     		lsls	r6, r6, #1
 636 010c 0122     		movs	r2, #1
 637 010e 3100     		movs	r1, r6
 638 0110 2000     		movs	r0, r4
ARM GAS  C:\Users\jisu8\AppData\Local\Temp\ccLzzIUN.s 			page 17


 639 0112 FFF7FEFF 		bl	HAL_GPIO_WritePin
 640              	.LVL31:
 188:Core/Src/keypad.c **** 		HAL_GPIO_WritePin(GPIOB,GPIO_PIN_9,1);
 641              		.loc 1 188 3 view .LVU168
 642 0116 8025     		movs	r5, #128
 643 0118 AD00     		lsls	r5, r5, #2
 644 011a 0122     		movs	r2, #1
 645 011c 2900     		movs	r1, r5
 646 011e 2000     		movs	r0, r4
 647 0120 FFF7FEFF 		bl	HAL_GPIO_WritePin
 648              	.LVL32:
 189:Core/Src/keypad.c **** 		HAL_GPIO_WritePin(GPIOA,GPIO_PIN_8,1);
 649              		.loc 1 189 3 view .LVU169
 650 0124 9024     		movs	r4, #144
 651 0126 E405     		lsls	r4, r4, #23
 652 0128 0122     		movs	r2, #1
 653 012a 3100     		movs	r1, r6
 654 012c 2000     		movs	r0, r4
 655 012e FFF7FEFF 		bl	HAL_GPIO_WritePin
 656              	.LVL33:
 190:Core/Src/keypad.c **** 		HAL_GPIO_WritePin(GPIOA,GPIO_PIN_9,1);
 657              		.loc 1 190 3 view .LVU170
 658 0132 0122     		movs	r2, #1
 659 0134 2900     		movs	r1, r5
 660 0136 2000     		movs	r0, r4
 661 0138 FFF7FEFF 		bl	HAL_GPIO_WritePin
 662              	.LVL34:
 191:Core/Src/keypad.c **** 		HAL_GPIO_WritePin(GPIOC,GPIO_PIN_9,1);
 663              		.loc 1 191 3 view .LVU171
 664 013c 184C     		ldr	r4, .L50+24
 665 013e 0122     		movs	r2, #1
 666 0140 2900     		movs	r1, r5
 667 0142 2000     		movs	r0, r4
 668 0144 FFF7FEFF 		bl	HAL_GPIO_WritePin
 669              	.LVL35:
 192:Core/Src/keypad.c **** 		HAL_GPIO_WritePin(GPIOC,GPIO_PIN_10,1);
 670              		.loc 1 192 3 view .LVU172
 671 0148 8021     		movs	r1, #128
 672 014a 0122     		movs	r2, #1
 673 014c C900     		lsls	r1, r1, #3
 674 014e 2000     		movs	r0, r4
 675 0150 FFF7FEFF 		bl	HAL_GPIO_WritePin
 676              	.LVL36:
 193:Core/Src/keypad.c **** 		HAL_GPIO_WritePin(GPIOC,GPIO_PIN_11,1);
 677              		.loc 1 193 3 view .LVU173
 678 0154 8021     		movs	r1, #128
 679 0156 0122     		movs	r2, #1
 680 0158 0901     		lsls	r1, r1, #4
 681 015a 2000     		movs	r0, r4
 682 015c FFF7FEFF 		bl	HAL_GPIO_WritePin
 683              	.LVL37:
 194:Core/Src/keypad.c **** 		HAL_GPIO_WritePin(GPIOC,GPIO_PIN_12,1);
 684              		.loc 1 194 3 view .LVU174
 685 0160 8021     		movs	r1, #128
 686 0162 0122     		movs	r2, #1
 687 0164 4901     		lsls	r1, r1, #5
 688 0166 2000     		movs	r0, r4
ARM GAS  C:\Users\jisu8\AppData\Local\Temp\ccLzzIUN.s 			page 18


 689 0168 FFF7FEFF 		bl	HAL_GPIO_WritePin
 690              	.LVL38:
 195:Core/Src/keypad.c **** 		HAL_GPIO_WritePin(GPIOC,GPIO_PIN_13,1);
 691              		.loc 1 195 3 view .LVU175
 692 016c 8021     		movs	r1, #128
 693 016e 0122     		movs	r2, #1
 694 0170 8901     		lsls	r1, r1, #6
 695 0172 2000     		movs	r0, r4
 696 0174 FFF7FEFF 		bl	HAL_GPIO_WritePin
 697              	.LVL39:
 196:Core/Src/keypad.c **** 		HAL_GPIO_WritePin(GPIOC,GPIO_PIN_14,1);
 698              		.loc 1 196 3 view .LVU176
 699 0178 8021     		movs	r1, #128
 700 017a 0122     		movs	r2, #1
 701 017c C901     		lsls	r1, r1, #7
 702 017e 2000     		movs	r0, r4
 703 0180 FFF7FEFF 		bl	HAL_GPIO_WritePin
 704              	.LVL40:
 705              		.loc 1 198 1 is_stmt 0 view .LVU177
 706 0184 B4E7     		b	.L46
 707              	.L51:
 708 0186 C046     		.align	2
 709              	.L50:
 710 0188 00040048 		.word	1207960576
 711 018c 00000000 		.word	.LANCHOR5
 712 0190 00000000 		.word	.LANCHOR6
 713 0194 00000000 		.word	.LANCHOR7
 714 0198 00000000 		.word	.LANCHOR8
 715 019c 00000000 		.word	.LANCHOR9
 716 01a0 00080048 		.word	1207961600
 717              		.cfi_endproc
 718              	.LFE41:
 720              		.global	Key_OnOff
 721              		.global	Key_stDIP3
 722              		.global	Key_stDIP2
 723              		.global	Key_stDIP1
 724              		.global	testread4
 725              		.global	testread3
 726              		.global	testread2
 727              		.global	testread1
 728              		.global	debounce_counter1
 729              		.global	debounce_counter
 730              		.global	column
 731              		.global	row
 732              		.global	keypadnum
 733              		.section	.bss.Key_OnOff,"aw",%nobits
 734              		.set	.LANCHOR8,. + 0
 737              	Key_OnOff:
 738 0000 00       		.space	1
 739              		.section	.bss.Key_stDIP1,"aw",%nobits
 740              		.set	.LANCHOR5,. + 0
 743              	Key_stDIP1:
 744 0000 00       		.space	1
 745              		.section	.bss.Key_stDIP2,"aw",%nobits
 746              		.set	.LANCHOR6,. + 0
 749              	Key_stDIP2:
 750 0000 00       		.space	1
ARM GAS  C:\Users\jisu8\AppData\Local\Temp\ccLzzIUN.s 			page 19


 751              		.section	.bss.Key_stDIP3,"aw",%nobits
 752              		.set	.LANCHOR7,. + 0
 755              	Key_stDIP3:
 756 0000 00       		.space	1
 757              		.section	.bss.column,"aw",%nobits
 758              		.set	.LANCHOR0,. + 0
 761              	column:
 762 0000 00       		.space	1
 763              		.section	.bss.debounce_counter,"aw",%nobits
 764              		.align	2
 765              		.set	.LANCHOR4,. + 0
 768              	debounce_counter:
 769 0000 00000000 		.space	4
 770              		.section	.bss.debounce_counter1,"aw",%nobits
 771              		.align	2
 772              		.set	.LANCHOR2,. + 0
 775              	debounce_counter1:
 776 0000 00000000 		.space	4
 777              		.section	.bss.row,"aw",%nobits
 778              		.set	.LANCHOR1,. + 0
 781              	row:
 782 0000 00       		.space	1
 783              		.section	.bss.testread1,"aw",%nobits
 786              	testread1:
 787 0000 00       		.space	1
 788              		.section	.bss.testread2,"aw",%nobits
 791              	testread2:
 792 0000 00       		.space	1
 793              		.section	.bss.testread3,"aw",%nobits
 796              	testread3:
 797 0000 00       		.space	1
 798              		.section	.bss.testread4,"aw",%nobits
 801              	testread4:
 802 0000 00       		.space	1
 803              		.section	.bss.timer.0,"aw",%nobits
 804              		.set	.LANCHOR9,. + 0
 807              	timer.0:
 808 0000 00       		.space	1
 809              		.section	.data.keypadnum,"aw"
 810              		.set	.LANCHOR3,. + 0
 813              	keypadnum:
 814 0000 20       		.byte	32
 815              		.text
 816              	.Letext0:
 817              		.file 2 "d:\\3.tools\\arm_gcc_toolchain\\arm-none-eabi\\include\\machine\\_default_types.h"
 818              		.file 3 "d:\\3.tools\\arm_gcc_toolchain\\arm-none-eabi\\include\\sys\\_stdint.h"
 819              		.file 4 "Drivers/CMSIS/Device/ST/STM32F0xx/Include/stm32f072xb.h"
 820              		.file 5 "Core/Inc/vardef.h"
 821              		.file 6 "Core/Inc/keypad.h"
 822              		.file 7 "Drivers/STM32F0xx_HAL_Driver/Inc/stm32f0xx_hal_gpio.h"
ARM GAS  C:\Users\jisu8\AppData\Local\Temp\ccLzzIUN.s 			page 20


DEFINED SYMBOLS
                            *ABS*:00000000 keypad.c
C:\Users\jisu8\AppData\Local\Temp\ccLzzIUN.s:18     .text.Key_Scan:00000000 $t
C:\Users\jisu8\AppData\Local\Temp\ccLzzIUN.s:24     .text.Key_Scan:00000000 Key_Scan
C:\Users\jisu8\AppData\Local\Temp\ccLzzIUN.s:431    .text.Key_Scan:000001d8 $d
C:\Users\jisu8\AppData\Local\Temp\ccLzzIUN.s:441    .text.Key_Input:00000000 $t
C:\Users\jisu8\AppData\Local\Temp\ccLzzIUN.s:447    .text.Key_Input:00000000 Key_Input
C:\Users\jisu8\AppData\Local\Temp\ccLzzIUN.s:710    .text.Key_Input:00000188 $d
C:\Users\jisu8\AppData\Local\Temp\ccLzzIUN.s:737    .bss.Key_OnOff:00000000 Key_OnOff
C:\Users\jisu8\AppData\Local\Temp\ccLzzIUN.s:755    .bss.Key_stDIP3:00000000 Key_stDIP3
C:\Users\jisu8\AppData\Local\Temp\ccLzzIUN.s:749    .bss.Key_stDIP2:00000000 Key_stDIP2
C:\Users\jisu8\AppData\Local\Temp\ccLzzIUN.s:743    .bss.Key_stDIP1:00000000 Key_stDIP1
C:\Users\jisu8\AppData\Local\Temp\ccLzzIUN.s:801    .bss.testread4:00000000 testread4
C:\Users\jisu8\AppData\Local\Temp\ccLzzIUN.s:796    .bss.testread3:00000000 testread3
C:\Users\jisu8\AppData\Local\Temp\ccLzzIUN.s:791    .bss.testread2:00000000 testread2
C:\Users\jisu8\AppData\Local\Temp\ccLzzIUN.s:786    .bss.testread1:00000000 testread1
C:\Users\jisu8\AppData\Local\Temp\ccLzzIUN.s:775    .bss.debounce_counter1:00000000 debounce_counter1
C:\Users\jisu8\AppData\Local\Temp\ccLzzIUN.s:768    .bss.debounce_counter:00000000 debounce_counter
C:\Users\jisu8\AppData\Local\Temp\ccLzzIUN.s:761    .bss.column:00000000 column
C:\Users\jisu8\AppData\Local\Temp\ccLzzIUN.s:781    .bss.row:00000000 row
C:\Users\jisu8\AppData\Local\Temp\ccLzzIUN.s:813    .data.keypadnum:00000000 keypadnum
C:\Users\jisu8\AppData\Local\Temp\ccLzzIUN.s:738    .bss.Key_OnOff:00000000 $d
C:\Users\jisu8\AppData\Local\Temp\ccLzzIUN.s:744    .bss.Key_stDIP1:00000000 $d
C:\Users\jisu8\AppData\Local\Temp\ccLzzIUN.s:750    .bss.Key_stDIP2:00000000 $d
C:\Users\jisu8\AppData\Local\Temp\ccLzzIUN.s:756    .bss.Key_stDIP3:00000000 $d
C:\Users\jisu8\AppData\Local\Temp\ccLzzIUN.s:762    .bss.column:00000000 $d
C:\Users\jisu8\AppData\Local\Temp\ccLzzIUN.s:764    .bss.debounce_counter:00000000 $d
C:\Users\jisu8\AppData\Local\Temp\ccLzzIUN.s:771    .bss.debounce_counter1:00000000 $d
C:\Users\jisu8\AppData\Local\Temp\ccLzzIUN.s:782    .bss.row:00000000 $d
C:\Users\jisu8\AppData\Local\Temp\ccLzzIUN.s:787    .bss.testread1:00000000 $d
C:\Users\jisu8\AppData\Local\Temp\ccLzzIUN.s:792    .bss.testread2:00000000 $d
C:\Users\jisu8\AppData\Local\Temp\ccLzzIUN.s:797    .bss.testread3:00000000 $d
C:\Users\jisu8\AppData\Local\Temp\ccLzzIUN.s:802    .bss.testread4:00000000 $d
C:\Users\jisu8\AppData\Local\Temp\ccLzzIUN.s:807    .bss.timer.0:00000000 timer.0
C:\Users\jisu8\AppData\Local\Temp\ccLzzIUN.s:808    .bss.timer.0:00000000 $d

UNDEFINED SYMBOLS
HAL_GPIO_WritePin
HAL_GPIO_ReadPin
