ARM GAS  C:\Users\jisu8\AppData\Local\Temp\cctpPzFE.s 			page 1


   1              		.cpu cortex-m0
   2              		.arch armv6s-m
   3              		.fpu softvfp
   4              		.eabi_attribute 20, 1
   5              		.eabi_attribute 21, 1
   6              		.eabi_attribute 23, 3
   7              		.eabi_attribute 24, 1
   8              		.eabi_attribute 25, 1
   9              		.eabi_attribute 26, 1
  10              		.eabi_attribute 30, 1
  11              		.eabi_attribute 34, 0
  12              		.eabi_attribute 18, 4
  13              		.file	"oled.c"
  14              		.text
  15              	.Ltext0:
  16              		.cfi_sections	.debug_frame
  17              		.section	.text.Clear_TxBuffer,"ax",%progbits
  18              		.align	1
  19              		.syntax unified
  20              		.code	16
  21              		.thumb_func
  23              	Clear_TxBuffer:
  24              	.LFB43:
  25              		.file 1 "Core/Src/oled.c"
   1:Core/Src/oled.c **** #include "oled.h"
   2:Core/Src/oled.c **** 
   3:Core/Src/oled.c **** uint8 OLED_Address;
   4:Core/Src/oled.c **** OLED_t OLED;
   5:Core/Src/oled.c **** 
   6:Core/Src/oled.c **** uint8 Tx_data[100]; 
   7:Core/Src/oled.c **** uint8 Tx_data_Korean[100];
   8:Core/Src/oled.c **** 
   9:Core/Src/oled.c **** /* OLED data buffer */
  10:Core/Src/oled.c **** static uint8 OLED_Buffer[OLED_WIDTH * OLED_HEIGHT / 8];
  11:Core/Src/oled.c **** static void Clear_TxBuffer(void);
  12:Core/Src/oled.c **** static void Print_TxBuffer(void);
  13:Core/Src/oled.c **** static void Print_TxBufferKorean(void);
  14:Core/Src/oled.c **** static void OLED_Write_Command(uint8 command);
  15:Core/Src/oled.c **** static void OLED_Fill_Screen(OLED_COLOR_t color);
  16:Core/Src/oled.c **** static void OLED_Update_Screen(void);
  17:Core/Src/oled.c **** static void OLED_DrawPixel(uint16 x, uint16 y, OLED_COLOR_t color);
  18:Core/Src/oled.c **** static char OLED_Set_Char(char ch, OLED_Font_t* Font, OLED_COLOR_t color);
  19:Core/Src/oled.c **** static char OLED_Set_Str(char* str, OLED_Font_t* Font, OLED_COLOR_t color); 
  20:Core/Src/oled.c **** static void OLED_Set_X_Y(uint16 x, uint16 y);
  21:Core/Src/oled.c **** static void OLED_Print_Run(void);
  22:Core/Src/oled.c **** static void OLED_Print_Select(void);
  23:Core/Src/oled.c **** static void OLED_Print_Idle(void);
  24:Core/Src/oled.c **** static void OLED_Print_Custom(void);
  25:Core/Src/oled.c **** static void OLED_KoreanFonts(uint8 submenu);
  26:Core/Src/oled.c **** static void OLED_Select_Menu(void);
  27:Core/Src/oled.c **** 
  28:Core/Src/oled.c **** void OLED_FindAddress(void)
  29:Core/Src/oled.c **** {
  30:Core/Src/oled.c ****     if(HAL_OK == HAL_I2C_IsDeviceReady(&OLED_HW_MODULE,OLED_Address,3,10))
  31:Core/Src/oled.c ****     {
  32:Core/Src/oled.c ****         /*do noThing*/
  33:Core/Src/oled.c ****     }
ARM GAS  C:\Users\jisu8\AppData\Local\Temp\cctpPzFE.s 			page 2


  34:Core/Src/oled.c ****     else
  35:Core/Src/oled.c ****     {
  36:Core/Src/oled.c ****         OLED_Address++;
  37:Core/Src/oled.c ****     }
  38:Core/Src/oled.c **** }
  39:Core/Src/oled.c **** 
  40:Core/Src/oled.c **** void OLED_Init(void)
  41:Core/Src/oled.c **** {
  42:Core/Src/oled.c ****     uint8 length;
  43:Core/Src/oled.c ****  /* Init LCD */
  44:Core/Src/oled.c ****     OLED_Write_Command(0xAE); // Set display off
  45:Core/Src/oled.c ****     OLED_Write_Command(0xA8); // Set multiplex ratio
  46:Core/Src/oled.c ****     OLED_Write_Command(0x1F); // -- from default 63 to 31 (i.e. 32MUX)
  47:Core/Src/oled.c ****     OLED_Write_Command(0xD3); // Set display offset
  48:Core/Src/oled.c ****     OLED_Write_Command(0x00); // -- no offset
  49:Core/Src/oled.c ****     OLED_Write_Command(0x40); // Set display start line
  50:Core/Src/oled.c ****     OLED_Write_Command(0xA1); // Set segment re-map, column address 127 is mapped to SEG0
  51:Core/Src/oled.c ****     OLED_Write_Command(0xC8); // Set COM output scan direction - remapped mode
  52:Core/Src/oled.c ****     OLED_Write_Command(0x81); // Set contrast control for BANK0
  53:Core/Src/oled.c ****     OLED_Write_Command(0x7F); // -- range 0x00 to 0xFF => 50%
  54:Core/Src/oled.c ****     OLED_Write_Command(0xA4); // Enable display outputs according to the GDDRAM contents.
  55:Core/Src/oled.c ****     OLED_Write_Command(0xA6); // Set normal display
  56:Core/Src/oled.c ****     OLED_Write_Command(0xD5); // Set display clock divide ration and oscillator frequency
  57:Core/Src/oled.c ****     OLED_Write_Command(0x80); // -- frequency (1000 - default); display clock divide ratio (0000 - 
  58:Core/Src/oled.c ****     OLED_Write_Command(0x8D); // Charge pump setting
  59:Core/Src/oled.c ****     OLED_Write_Command(0x14); // -- enable charge pump
  60:Core/Src/oled.c **** 
  61:Core/Src/oled.c ****     OLED_Write_Command(0x2E); // Deactivate scroll
  62:Core/Src/oled.c ****     OLED_Write_Command(0x20); // Set memory addressing mode
  63:Core/Src/oled.c ****     OLED_Write_Command(0x10); // -- Page Addressing Mode (RESET)
  64:Core/Src/oled.c ****     OLED_Write_Command(0xDA); // Set COM pins hardware configuration
  65:Core/Src/oled.c ****     OLED_Write_Command(0x02); // --
  66:Core/Src/oled.c ****     OLED_Write_Command(0xD9); // Set pre-charge period
  67:Core/Src/oled.c ****     OLED_Write_Command(0x22); // --
  68:Core/Src/oled.c ****     OLED_Write_Command(0xDB); // Set Vcomh deselect level
  69:Core/Src/oled.c ****     OLED_Write_Command(0x20); // -- 0.77 x Vcc (RESET)
  70:Core/Src/oled.c **** 
  71:Core/Src/oled.c ****     OLED_Write_Command(0xB0); // Set page start address for page addressing mode
  72:Core/Src/oled.c ****     OLED_Write_Command(0x00); // Set lower column start address for page addressing mode
  73:Core/Src/oled.c ****     OLED_Write_Command(0x10); // Set higher column start address for page addressing mode
  74:Core/Src/oled.c **** 
  75:Core/Src/oled.c ****     OLED_Write_Command(0xAF); // Set display on    
  76:Core/Src/oled.c **** 
  77:Core/Src/oled.c ****     OLED_Fill_Screen(OLED_COLOR_BLACK);
  78:Core/Src/oled.c ****     OLED_Update_Screen();
  79:Core/Src/oled.c **** 
  80:Core/Src/oled.c ****     Clear_TxBuffer();
  81:Core/Src/oled.c ****     sprintf(Tx_data,"https://www.allprime.co.kr");
  82:Core/Src/oled.c ****     length = strlen(Tx_data);
  83:Core/Src/oled.c ****     Tx_data[length] = ' ';
  84:Core/Src/oled.c ****     Print_TxBuffer();
  85:Core/Src/oled.c ****     
  86:Core/Src/oled.c ****     OLED_Update_Screen();
  87:Core/Src/oled.c **** }
  88:Core/Src/oled.c **** 
  89:Core/Src/oled.c **** void OLED_Display(void)
  90:Core/Src/oled.c **** {
ARM GAS  C:\Users\jisu8\AppData\Local\Temp\cctpPzFE.s 			page 3


  91:Core/Src/oled.c ****     uint8 length;
  92:Core/Src/oled.c ****     Clear_TxBuffer();
  93:Core/Src/oled.c ****     sprintf(Tx_data,"https://www.allprime.co.kr");
  94:Core/Src/oled.c ****     length = strlen(Tx_data);
  95:Core/Src/oled.c ****     Tx_data[length] = ' ';
  96:Core/Src/oled.c ****     Print_TxBuffer();
  97:Core/Src/oled.c ****     
  98:Core/Src/oled.c ****     OLED_Update_Screen();
  99:Core/Src/oled.c **** }
 100:Core/Src/oled.c **** 
 101:Core/Src/oled.c **** static void Clear_TxBuffer(void)
 102:Core/Src/oled.c **** {
  26              		.loc 1 102 1 view -0
  27              		.cfi_startproc
  28              		@ args = 0, pretend = 0, frame = 0
  29              		@ frame_needed = 0, uses_anonymous_args = 0
  30              		@ link register save eliminated.
 103:Core/Src/oled.c ****     for(int i=0;i<100;i++)
  31              		.loc 1 103 5 view .LVU1
  32              	.LBB2:
  33              		.loc 1 103 9 view .LVU2
  34              	.LVL0:
  35              		.loc 1 103 13 is_stmt 0 view .LVU3
  36 0000 0023     		movs	r3, #0
  37              		.loc 1 103 5 view .LVU4
  38 0002 06E0     		b	.L2
  39              	.LVL1:
  40              	.L3:
 104:Core/Src/oled.c ****     {
 105:Core/Src/oled.c ****         Tx_data[i] = ' ';
  41              		.loc 1 105 9 is_stmt 1 discriminator 3 view .LVU5
  42              		.loc 1 105 20 is_stmt 0 discriminator 3 view .LVU6
  43 0004 044A     		ldr	r2, .L4
  44 0006 2021     		movs	r1, #32
  45 0008 D154     		strb	r1, [r2, r3]
 106:Core/Src/oled.c ****         Tx_data_Korean[i] = 43u;
  46              		.loc 1 106 9 is_stmt 1 discriminator 3 view .LVU7
  47              		.loc 1 106 27 is_stmt 0 discriminator 3 view .LVU8
  48 000a 044A     		ldr	r2, .L4+4
  49 000c 0B31     		adds	r1, r1, #11
  50 000e D154     		strb	r1, [r2, r3]
 103:Core/Src/oled.c ****     for(int i=0;i<100;i++)
  51              		.loc 1 103 23 is_stmt 1 discriminator 3 view .LVU9
 103:Core/Src/oled.c ****     for(int i=0;i<100;i++)
  52              		.loc 1 103 24 is_stmt 0 discriminator 3 view .LVU10
  53 0010 0133     		adds	r3, r3, #1
  54              	.LVL2:
  55              	.L2:
 103:Core/Src/oled.c ****     for(int i=0;i<100;i++)
  56              		.loc 1 103 17 is_stmt 1 discriminator 1 view .LVU11
 103:Core/Src/oled.c ****     for(int i=0;i<100;i++)
  57              		.loc 1 103 5 is_stmt 0 discriminator 1 view .LVU12
  58 0012 632B     		cmp	r3, #99
  59 0014 F6DD     		ble	.L3
  60              	.LBE2:
 107:Core/Src/oled.c ****     }
 108:Core/Src/oled.c **** }
ARM GAS  C:\Users\jisu8\AppData\Local\Temp\cctpPzFE.s 			page 4


  61              		.loc 1 108 1 view .LVU13
  62              		@ sp needed
  63 0016 7047     		bx	lr
  64              	.L5:
  65              		.align	2
  66              	.L4:
  67 0018 00000000 		.word	.LANCHOR0
  68 001c 00000000 		.word	.LANCHOR1
  69              		.cfi_endproc
  70              	.LFE43:
  72              		.section	.text.OLED_Set_X_Y,"ax",%progbits
  73              		.align	1
  74              		.syntax unified
  75              		.code	16
  76              		.thumb_func
  78              	OLED_Set_X_Y:
  79              	.LVL3:
  80              	.LFB53:
 109:Core/Src/oled.c **** 
 110:Core/Src/oled.c **** static void Print_TxBuffer(void)
 111:Core/Src/oled.c **** {
 112:Core/Src/oled.c ****     uint8 dummy;
 113:Core/Src/oled.c ****     for(uint8 idx=0;idx<69;idx++)
 114:Core/Src/oled.c ****     {
 115:Core/Src/oled.c ****         if(7*(idx+1)<128)
 116:Core/Src/oled.c ****         {
 117:Core/Src/oled.c ****             OLED_Set_X_Y(7*idx,0); 
 118:Core/Src/oled.c ****         }
 119:Core/Src/oled.c ****         else if(7*(idx+1)<256)
 120:Core/Src/oled.c ****         {
 121:Core/Src/oled.c ****             OLED_Set_X_Y(7*(idx-18),10);  
 122:Core/Src/oled.c ****         }
 123:Core/Src/oled.c ****         else
 124:Core/Src/oled.c ****         {
 125:Core/Src/oled.c ****             OLED_Set_X_Y(7*(idx-36),20);                 
 126:Core/Src/oled.c ****         }
 127:Core/Src/oled.c ****         dummy = OLED_Set_Char(Tx_data[idx]-32,&OLED_Font_7x10,OLED_COLOR_WHITE);
 128:Core/Src/oled.c ****     }
 129:Core/Src/oled.c **** }
 130:Core/Src/oled.c **** 
 131:Core/Src/oled.c **** static void Print_TxBufferKorean(void)
 132:Core/Src/oled.c **** {
 133:Core/Src/oled.c ****     uint8 dummy;
 134:Core/Src/oled.c ****     for(uint8 idx=0;idx<25;idx++)
 135:Core/Src/oled.c ****     {
 136:Core/Src/oled.c ****         if(10*(idx+1)<128)
 137:Core/Src/oled.c ****         {
 138:Core/Src/oled.c ****             OLED_Set_X_Y(10*idx,0); 
 139:Core/Src/oled.c ****         }
 140:Core/Src/oled.c ****         else if(10*(idx+1)<256)
 141:Core/Src/oled.c ****         {
 142:Core/Src/oled.c ****             OLED_Set_X_Y(10*(idx-12),15);  
 143:Core/Src/oled.c ****         }
 144:Core/Src/oled.c ****         dummy = OLED_Set_Char(Tx_data_Korean[idx],&OLED_Font_10x16,OLED_COLOR_WHITE);
 145:Core/Src/oled.c ****     }
 146:Core/Src/oled.c **** }
 147:Core/Src/oled.c **** static void OLED_Print_Run(void)
ARM GAS  C:\Users\jisu8\AppData\Local\Temp\cctpPzFE.s 			page 5


 148:Core/Src/oled.c **** {
 149:Core/Src/oled.c **** 
 150:Core/Src/oled.c **** }
 151:Core/Src/oled.c **** 
 152:Core/Src/oled.c **** static void OLED_Print_Select(void)
 153:Core/Src/oled.c **** {    
 154:Core/Src/oled.c ****  
 155:Core/Src/oled.c **** }
 156:Core/Src/oled.c **** 
 157:Core/Src/oled.c **** static void OLED_Print_Custom(void)
 158:Core/Src/oled.c **** {
 159:Core/Src/oled.c **** 
 160:Core/Src/oled.c **** }
 161:Core/Src/oled.c **** 
 162:Core/Src/oled.c **** static void OLED_Print_Idle(void)
 163:Core/Src/oled.c **** {    
 164:Core/Src/oled.c ****     uint8 n1,n10;
 165:Core/Src/oled.c **** 
 166:Core/Src/oled.c **** }
 167:Core/Src/oled.c **** 
 168:Core/Src/oled.c **** static void OLED_Write_Command(uint8 command)
 169:Core/Src/oled.c **** {
 170:Core/Src/oled.c ****     uint8 data[2] = {0x00,command};
 171:Core/Src/oled.c ****     HAL_I2C_Master_Transmit(&OLED_HW_MODULE,OLED_ADDRESS<<1,data,sizeof(data),1000);
 172:Core/Src/oled.c **** }
 173:Core/Src/oled.c **** 
 174:Core/Src/oled.c **** static void OLED_Fill_Screen(OLED_COLOR_t color)
 175:Core/Src/oled.c **** {
 176:Core/Src/oled.c ****     /* Set memory */
 177:Core/Src/oled.c ****     memset(OLED_Buffer, (color == OLED_COLOR_BLACK) ? 0x00 : 0xFF, sizeof(OLED_Buffer));    
 178:Core/Src/oled.c **** }
 179:Core/Src/oled.c **** 
 180:Core/Src/oled.c **** static void OLED_Update_Screen(void)
 181:Core/Src/oled.c **** {
 182:Core/Src/oled.c ****     for (uint8 idx = 0; idx < 8; idx++) 
 183:Core/Src/oled.c ****     {
 184:Core/Src/oled.c ****         OLED_Write_Command(0xB0 + idx);
 185:Core/Src/oled.c ****         OLED_Write_Command(0x00);
 186:Core/Src/oled.c ****         OLED_Write_Command(0x10);
 187:Core/Src/oled.c **** 
 188:Core/Src/oled.c ****         HAL_I2C_Mem_Write(&OLED_HW_MODULE,OLED_ADDRESS<<1,0x40,I2C_MEMADD_SIZE_8BIT,&OLED_Buffer[OL
 189:Core/Src/oled.c ****     }    
 190:Core/Src/oled.c **** }
 191:Core/Src/oled.c **** 
 192:Core/Src/oled.c **** static void OLED_Set_X_Y(uint16 x, uint16 y) 
 193:Core/Src/oled.c **** {
  81              		.loc 1 193 1 is_stmt 1 view -0
  82              		.cfi_startproc
  83              		@ args = 0, pretend = 0, frame = 0
  84              		@ frame_needed = 0, uses_anonymous_args = 0
  85              		@ link register save eliminated.
 194:Core/Src/oled.c ****     /* Set write pointers */
 195:Core/Src/oled.c ****     OLED.X_point = x;
  86              		.loc 1 195 5 view .LVU15
  87              		.loc 1 195 18 is_stmt 0 view .LVU16
  88 0000 014B     		ldr	r3, .L7
  89 0002 1880     		strh	r0, [r3]
ARM GAS  C:\Users\jisu8\AppData\Local\Temp\cctpPzFE.s 			page 6


 196:Core/Src/oled.c ****     OLED.Y_point = y;
  90              		.loc 1 196 5 is_stmt 1 view .LVU17
  91              		.loc 1 196 18 is_stmt 0 view .LVU18
  92 0004 5980     		strh	r1, [r3, #2]
 197:Core/Src/oled.c **** }
  93              		.loc 1 197 1 view .LVU19
  94              		@ sp needed
  95 0006 7047     		bx	lr
  96              	.L8:
  97              		.align	2
  98              	.L7:
  99 0008 00000000 		.word	.LANCHOR2
 100              		.cfi_endproc
 101              	.LFE53:
 103              		.section	.text.OLED_DrawPixel,"ax",%progbits
 104              		.align	1
 105              		.syntax unified
 106              		.code	16
 107              		.thumb_func
 109              	OLED_DrawPixel:
 110              	.LVL4:
 111              	.LFB56:
 198:Core/Src/oled.c **** 
 199:Core/Src/oled.c **** static char OLED_Set_Char(char ch, OLED_Font_t* Font, OLED_COLOR_t color) 
 200:Core/Src/oled.c **** {
 201:Core/Src/oled.c ****     /* Check available space in LCD */
 202:Core/Src/oled.c ****     if (OLED_WIDTH <= (OLED.X_point + Font->FontWidth) || OLED_HEIGHT <= (OLED.Y_point + Font->Font
 203:Core/Src/oled.c ****     {/* Error */ return 0;}
 204:Core/Src/oled.c **** 
 205:Core/Src/oled.c ****     /* Go through font */
 206:Core/Src/oled.c ****     for (uint32 i = 0; i < Font->FontHeight; i++) 
 207:Core/Src/oled.c ****     {
 208:Core/Src/oled.c ****         uint32 b = Font->data[ch * (Font->FontHeight) + i];
 209:Core/Src/oled.c **** 
 210:Core/Src/oled.c ****         for (uint32 j = 0; j < Font->FontWidth; j++) 
 211:Core/Src/oled.c ****         {
 212:Core/Src/oled.c ****             if ((b << j) & 0x8000) 
 213:Core/Src/oled.c ****             {
 214:Core/Src/oled.c ****                 OLED_DrawPixel(OLED.X_point + j, (OLED.Y_point + i), (OLED_COLOR_t) color);
 215:Core/Src/oled.c ****             } 
 216:Core/Src/oled.c ****             else 
 217:Core/Src/oled.c ****             {
 218:Core/Src/oled.c ****                 OLED_DrawPixel(OLED.X_point + j, (OLED.Y_point + i), (OLED_COLOR_t)!color);
 219:Core/Src/oled.c ****             }
 220:Core/Src/oled.c ****         }
 221:Core/Src/oled.c ****     }
 222:Core/Src/oled.c **** 
 223:Core/Src/oled.c ****     /* Increase pointer */
 224:Core/Src/oled.c ****     OLED.X_point += Font->FontWidth;
 225:Core/Src/oled.c **** 
 226:Core/Src/oled.c ****     /* Return character written */
 227:Core/Src/oled.c ****     return ch;
 228:Core/Src/oled.c **** }
 229:Core/Src/oled.c **** 
 230:Core/Src/oled.c **** static char OLED_Set_Str(char* str, OLED_Font_t* Font, OLED_COLOR_t color) 
 231:Core/Src/oled.c **** {
 232:Core/Src/oled.c ****     /* Write characters */
ARM GAS  C:\Users\jisu8\AppData\Local\Temp\cctpPzFE.s 			page 7


 233:Core/Src/oled.c ****     while (*str) 
 234:Core/Src/oled.c ****     {
 235:Core/Src/oled.c ****         /* Write character by character */
 236:Core/Src/oled.c ****         if (OLED_Set_Char(*str, Font, color) != *str) 
 237:Core/Src/oled.c ****         {
 238:Core/Src/oled.c ****             /* Return error */
 239:Core/Src/oled.c ****             return *str;
 240:Core/Src/oled.c ****         }
 241:Core/Src/oled.c **** 
 242:Core/Src/oled.c ****         /* Increase string pointer */
 243:Core/Src/oled.c ****         str++;
 244:Core/Src/oled.c ****     }
 245:Core/Src/oled.c **** 
 246:Core/Src/oled.c ****     /* Everything OK, zero should be returned */
 247:Core/Src/oled.c ****     return *str;
 248:Core/Src/oled.c **** }
 249:Core/Src/oled.c **** 
 250:Core/Src/oled.c **** static void OLED_DrawPixel(uint16 x, uint16 y, OLED_COLOR_t color) 
 251:Core/Src/oled.c **** {
 112              		.loc 1 251 1 is_stmt 1 view -0
 113              		.cfi_startproc
 114              		@ args = 0, pretend = 0, frame = 0
 115              		@ frame_needed = 0, uses_anonymous_args = 0
 116              		@ link register save eliminated.
 252:Core/Src/oled.c ****     if ((x >= OLED_WIDTH) || (y >= OLED_HEIGHT)) 
 117              		.loc 1 252 5 view .LVU21
 118              		.loc 1 252 8 is_stmt 0 view .LVU22
 119 0000 7F28     		cmp	r0, #127
 120 0002 0ED8     		bhi	.L9
 121              		.loc 1 252 27 discriminator 1 view .LVU23
 122 0004 3F29     		cmp	r1, #63
 123 0006 0CD8     		bhi	.L9
 253:Core/Src/oled.c ****     {
 254:Core/Src/oled.c ****         /* Error */
 255:Core/Src/oled.c ****         return;
 256:Core/Src/oled.c ****     }
 257:Core/Src/oled.c **** 
 258:Core/Src/oled.c ****     /* Set color */
 259:Core/Src/oled.c ****     if (color == OLED_COLOR_WHITE) 
 124              		.loc 1 259 5 is_stmt 1 view .LVU24
 125              		.loc 1 259 8 is_stmt 0 view .LVU25
 126 0008 012A     		cmp	r2, #1
 127 000a 0BD0     		beq	.L12
 260:Core/Src/oled.c ****     {
 261:Core/Src/oled.c ****         OLED_Buffer[x + (y / 8) * OLED_WIDTH] |= 1 << (y % 8);
 262:Core/Src/oled.c ****     } 
 263:Core/Src/oled.c ****     else 
 264:Core/Src/oled.c ****     {
 265:Core/Src/oled.c ****         OLED_Buffer[x + (y / 8) * OLED_WIDTH] &= ~(1 << (y % 8));
 128              		.loc 1 265 9 is_stmt 1 view .LVU26
 129              		.loc 1 265 47 is_stmt 0 view .LVU27
 130 000c CB08     		lsrs	r3, r1, #3
 131 000e DB01     		lsls	r3, r3, #7
 132 0010 1818     		adds	r0, r3, r0
 133              	.LVL5:
 134              		.loc 1 265 60 view .LVU28
 135 0012 0723     		movs	r3, #7
ARM GAS  C:\Users\jisu8\AppData\Local\Temp\cctpPzFE.s 			page 8


 136 0014 1940     		ands	r1, r3
 137              	.LVL6:
 138              		.loc 1 265 54 view .LVU29
 139 0016 0122     		movs	r2, #1
 140              	.LVL7:
 141              		.loc 1 265 54 view .LVU30
 142 0018 8A40     		lsls	r2, r2, r1
 143              		.loc 1 265 47 view .LVU31
 144 001a 0849     		ldr	r1, .L13
 145 001c 0B5C     		ldrb	r3, [r1, r0]
 146 001e 9343     		bics	r3, r2
 147 0020 0B54     		strb	r3, [r1, r0]
 148              	.L9:
 266:Core/Src/oled.c ****     }
 267:Core/Src/oled.c **** }
 149              		.loc 1 267 1 view .LVU32
 150              		@ sp needed
 151 0022 7047     		bx	lr
 152              	.LVL8:
 153              	.L12:
 261:Core/Src/oled.c ****     } 
 154              		.loc 1 261 9 is_stmt 1 view .LVU33
 261:Core/Src/oled.c ****     } 
 155              		.loc 1 261 47 is_stmt 0 view .LVU34
 156 0024 CB08     		lsrs	r3, r1, #3
 157 0026 DB01     		lsls	r3, r3, #7
 158 0028 1818     		adds	r0, r3, r0
 159              	.LVL9:
 261:Core/Src/oled.c ****     } 
 160              		.loc 1 261 58 view .LVU35
 161 002a 0723     		movs	r3, #7
 162 002c 1940     		ands	r1, r3
 163              	.LVL10:
 261:Core/Src/oled.c ****     } 
 164              		.loc 1 261 52 view .LVU36
 165 002e 8A40     		lsls	r2, r2, r1
 166              	.LVL11:
 261:Core/Src/oled.c ****     } 
 167              		.loc 1 261 47 view .LVU37
 168 0030 0249     		ldr	r1, .L13
 169 0032 0B5C     		ldrb	r3, [r1, r0]
 170 0034 1343     		orrs	r3, r2
 171 0036 0B54     		strb	r3, [r1, r0]
 172 0038 F3E7     		b	.L9
 173              	.L14:
 174 003a C046     		.align	2
 175              	.L13:
 176 003c 00000000 		.word	OLED_Buffer
 177              		.cfi_endproc
 178              	.LFE56:
 180              		.section	.text.OLED_Set_Char,"ax",%progbits
 181              		.align	1
 182              		.syntax unified
 183              		.code	16
 184              		.thumb_func
 186              	OLED_Set_Char:
 187              	.LVL12:
ARM GAS  C:\Users\jisu8\AppData\Local\Temp\cctpPzFE.s 			page 9


 188              	.LFB54:
 200:Core/Src/oled.c ****     /* Check available space in LCD */
 189              		.loc 1 200 1 is_stmt 1 view -0
 190              		.cfi_startproc
 191              		@ args = 0, pretend = 0, frame = 0
 192              		@ frame_needed = 0, uses_anonymous_args = 0
 200:Core/Src/oled.c ****     /* Check available space in LCD */
 193              		.loc 1 200 1 is_stmt 0 view .LVU39
 194 0000 F8B5     		push	{r3, r4, r5, r6, r7, lr}
 195              	.LCFI0:
 196              		.cfi_def_cfa_offset 24
 197              		.cfi_offset 3, -24
 198              		.cfi_offset 4, -20
 199              		.cfi_offset 5, -16
 200              		.cfi_offset 6, -12
 201              		.cfi_offset 7, -8
 202              		.cfi_offset 14, -4
 203 0002 CE46     		mov	lr, r9
 204 0004 4746     		mov	r7, r8
 205 0006 80B5     		push	{r7, lr}
 206              	.LCFI1:
 207              		.cfi_def_cfa_offset 32
 208              		.cfi_offset 8, -32
 209              		.cfi_offset 9, -28
 210 0008 8146     		mov	r9, r0
 211 000a 0D00     		movs	r5, r1
 212 000c 9046     		mov	r8, r2
 202:Core/Src/oled.c ****     {/* Error */ return 0;}
 213              		.loc 1 202 5 is_stmt 1 view .LVU40
 202:Core/Src/oled.c ****     {/* Error */ return 0;}
 214              		.loc 1 202 28 is_stmt 0 view .LVU41
 215 000e 244B     		ldr	r3, .L27
 216 0010 1B88     		ldrh	r3, [r3]
 202:Core/Src/oled.c ****     {/* Error */ return 0;}
 217              		.loc 1 202 43 view .LVU42
 218 0012 0A78     		ldrb	r2, [r1]
 219              	.LVL13:
 202:Core/Src/oled.c ****     {/* Error */ return 0;}
 220              		.loc 1 202 37 view .LVU43
 221 0014 9B18     		adds	r3, r3, r2
 202:Core/Src/oled.c ****     {/* Error */ return 0;}
 222              		.loc 1 202 8 view .LVU44
 223 0016 7F2B     		cmp	r3, #127
 224 0018 3DDC     		bgt	.L23
 202:Core/Src/oled.c ****     {/* Error */ return 0;}
 225              		.loc 1 202 79 discriminator 1 view .LVU45
 226 001a 214B     		ldr	r3, .L27
 227 001c 5B88     		ldrh	r3, [r3, #2]
 202:Core/Src/oled.c ****     {/* Error */ return 0;}
 228              		.loc 1 202 94 discriminator 1 view .LVU46
 229 001e 4A78     		ldrb	r2, [r1, #1]
 202:Core/Src/oled.c ****     {/* Error */ return 0;}
 230              		.loc 1 202 88 discriminator 1 view .LVU47
 231 0020 9B18     		adds	r3, r3, r2
 202:Core/Src/oled.c ****     {/* Error */ return 0;}
 232              		.loc 1 202 56 discriminator 1 view .LVU48
 233 0022 3F2B     		cmp	r3, #63
ARM GAS  C:\Users\jisu8\AppData\Local\Temp\cctpPzFE.s 			page 10


 234 0024 39DC     		bgt	.L24
 235              	.LBB3:
 206:Core/Src/oled.c ****     {
 236              		.loc 1 206 17 view .LVU49
 237 0026 0026     		movs	r6, #0
 238 0028 20E0     		b	.L17
 239              	.LVL14:
 240              	.L19:
 241              	.LBB4:
 242              	.LBB5:
 218:Core/Src/oled.c ****             }
 243              		.loc 1 218 17 is_stmt 1 view .LVU50
 218:Core/Src/oled.c ****             }
 244              		.loc 1 218 36 is_stmt 0 view .LVU51
 245 002a 1D4B     		ldr	r3, .L27
 246 002c 1888     		ldrh	r0, [r3]
 218:Core/Src/oled.c ****             }
 247              		.loc 1 218 55 view .LVU52
 248 002e 5988     		ldrh	r1, [r3, #2]
 218:Core/Src/oled.c ****             }
 249              		.loc 1 218 17 view .LVU53
 250 0030 4346     		mov	r3, r8
 251 0032 5A42     		rsbs	r2, r3, #0
 252 0034 5A41     		adcs	r2, r2, r3
 253 0036 D2B2     		uxtb	r2, r2
 254 0038 8919     		adds	r1, r1, r6
 255 003a 89B2     		uxth	r1, r1
 256 003c 0019     		adds	r0, r0, r4
 257 003e 80B2     		uxth	r0, r0
 258 0040 FFF7FEFF 		bl	OLED_DrawPixel
 259              	.LVL15:
 260              	.L20:
 210:Core/Src/oled.c ****         {
 261              		.loc 1 210 49 is_stmt 1 discriminator 2 view .LVU54
 210:Core/Src/oled.c ****         {
 262              		.loc 1 210 50 is_stmt 0 discriminator 2 view .LVU55
 263 0044 0134     		adds	r4, r4, #1
 264              	.LVL16:
 265              	.L18:
 210:Core/Src/oled.c ****         {
 266              		.loc 1 210 28 is_stmt 1 discriminator 1 view .LVU56
 210:Core/Src/oled.c ****         {
 267              		.loc 1 210 36 is_stmt 0 discriminator 1 view .LVU57
 268 0046 2B78     		ldrb	r3, [r5]
 210:Core/Src/oled.c ****         {
 269              		.loc 1 210 9 discriminator 1 view .LVU58
 270 0048 A342     		cmp	r3, r4
 271 004a 0ED9     		bls	.L25
 212:Core/Src/oled.c ****             {
 272              		.loc 1 212 13 is_stmt 1 view .LVU59
 212:Core/Src/oled.c ****             {
 273              		.loc 1 212 20 is_stmt 0 view .LVU60
 274 004c 3B00     		movs	r3, r7
 275 004e A340     		lsls	r3, r3, r4
 212:Core/Src/oled.c ****             {
 276              		.loc 1 212 16 view .LVU61
 277 0050 1B04     		lsls	r3, r3, #16
ARM GAS  C:\Users\jisu8\AppData\Local\Temp\cctpPzFE.s 			page 11


 278 0052 EAD5     		bpl	.L19
 214:Core/Src/oled.c ****             } 
 279              		.loc 1 214 17 is_stmt 1 view .LVU62
 214:Core/Src/oled.c ****             } 
 280              		.loc 1 214 36 is_stmt 0 view .LVU63
 281 0054 124B     		ldr	r3, .L27
 282 0056 1888     		ldrh	r0, [r3]
 214:Core/Src/oled.c ****             } 
 283              		.loc 1 214 55 view .LVU64
 284 0058 5988     		ldrh	r1, [r3, #2]
 214:Core/Src/oled.c ****             } 
 285              		.loc 1 214 17 view .LVU65
 286 005a 8919     		adds	r1, r1, r6
 287 005c 89B2     		uxth	r1, r1
 288 005e 0019     		adds	r0, r0, r4
 289 0060 80B2     		uxth	r0, r0
 290 0062 4246     		mov	r2, r8
 291 0064 FFF7FEFF 		bl	OLED_DrawPixel
 292              	.LVL17:
 293 0068 ECE7     		b	.L20
 294              	.L25:
 214:Core/Src/oled.c ****             } 
 295              		.loc 1 214 17 view .LVU66
 296              	.LBE5:
 297              	.LBE4:
 206:Core/Src/oled.c ****     {
 298              		.loc 1 206 46 is_stmt 1 discriminator 2 view .LVU67
 206:Core/Src/oled.c ****     {
 299              		.loc 1 206 47 is_stmt 0 discriminator 2 view .LVU68
 300 006a 0136     		adds	r6, r6, #1
 301              	.LVL18:
 302              	.L17:
 206:Core/Src/oled.c ****     {
 303              		.loc 1 206 24 is_stmt 1 discriminator 1 view .LVU69
 206:Core/Src/oled.c ****     {
 304              		.loc 1 206 32 is_stmt 0 discriminator 1 view .LVU70
 305 006c 6B78     		ldrb	r3, [r5, #1]
 206:Core/Src/oled.c ****     {
 306              		.loc 1 206 5 discriminator 1 view .LVU71
 307 006e B342     		cmp	r3, r6
 308 0070 07D9     		bls	.L26
 309              	.LBB7:
 208:Core/Src/oled.c **** 
 310              		.loc 1 208 9 is_stmt 1 view .LVU72
 208:Core/Src/oled.c **** 
 311              		.loc 1 208 34 is_stmt 0 view .LVU73
 312 0072 4A46     		mov	r2, r9
 313 0074 5343     		muls	r3, r2
 208:Core/Src/oled.c **** 
 314              		.loc 1 208 55 view .LVU74
 315 0076 9B19     		adds	r3, r3, r6
 208:Core/Src/oled.c **** 
 316              		.loc 1 208 30 view .LVU75
 317 0078 5B00     		lsls	r3, r3, #1
 318 007a 6A68     		ldr	r2, [r5, #4]
 319 007c 9F5A     		ldrh	r7, [r3, r2]
 320              	.LVL19:
ARM GAS  C:\Users\jisu8\AppData\Local\Temp\cctpPzFE.s 			page 12


 210:Core/Src/oled.c ****         {
 321              		.loc 1 210 9 is_stmt 1 view .LVU76
 322              	.LBB6:
 210:Core/Src/oled.c ****         {
 323              		.loc 1 210 14 view .LVU77
 210:Core/Src/oled.c ****         {
 324              		.loc 1 210 21 is_stmt 0 view .LVU78
 325 007e 0024     		movs	r4, #0
 210:Core/Src/oled.c ****         {
 326              		.loc 1 210 9 view .LVU79
 327 0080 E1E7     		b	.L18
 328              	.LVL20:
 329              	.L26:
 210:Core/Src/oled.c ****         {
 330              		.loc 1 210 9 view .LVU80
 331              	.LBE6:
 332              	.LBE7:
 333              	.LBE3:
 224:Core/Src/oled.c **** 
 334              		.loc 1 224 5 is_stmt 1 view .LVU81
 224:Core/Src/oled.c **** 
 335              		.loc 1 224 25 is_stmt 0 view .LVU82
 336 0082 2B78     		ldrb	r3, [r5]
 224:Core/Src/oled.c **** 
 337              		.loc 1 224 18 view .LVU83
 338 0084 064A     		ldr	r2, .L27
 339 0086 1188     		ldrh	r1, [r2]
 340 0088 5B18     		adds	r3, r3, r1
 341 008a 1380     		strh	r3, [r2]
 227:Core/Src/oled.c **** }
 342              		.loc 1 227 5 is_stmt 1 view .LVU84
 227:Core/Src/oled.c **** }
 343              		.loc 1 227 12 is_stmt 0 view .LVU85
 344 008c 4846     		mov	r0, r9
 345              	.LVL21:
 346              	.L16:
 228:Core/Src/oled.c **** 
 347              		.loc 1 228 1 view .LVU86
 348              		@ sp needed
 349              	.LVL22:
 228:Core/Src/oled.c **** 
 350              		.loc 1 228 1 view .LVU87
 351 008e C0BC     		pop	{r6, r7}
 352 0090 B946     		mov	r9, r7
 353 0092 B046     		mov	r8, r6
 354 0094 F8BD     		pop	{r3, r4, r5, r6, r7, pc}
 355              	.LVL23:
 356              	.L23:
 203:Core/Src/oled.c **** 
 357              		.loc 1 203 25 view .LVU88
 358 0096 0020     		movs	r0, #0
 359              	.LVL24:
 203:Core/Src/oled.c **** 
 360              		.loc 1 203 25 view .LVU89
 361 0098 F9E7     		b	.L16
 362              	.LVL25:
 363              	.L24:
ARM GAS  C:\Users\jisu8\AppData\Local\Temp\cctpPzFE.s 			page 13


 203:Core/Src/oled.c **** 
 364              		.loc 1 203 25 view .LVU90
 365 009a 0020     		movs	r0, #0
 366              	.LVL26:
 203:Core/Src/oled.c **** 
 367              		.loc 1 203 25 view .LVU91
 368 009c F7E7     		b	.L16
 369              	.L28:
 370 009e C046     		.align	2
 371              	.L27:
 372 00a0 00000000 		.word	.LANCHOR2
 373              		.cfi_endproc
 374              	.LFE54:
 376              		.section	.text.Print_TxBuffer,"ax",%progbits
 377              		.align	1
 378              		.syntax unified
 379              		.code	16
 380              		.thumb_func
 382              	Print_TxBuffer:
 383              	.LFB44:
 111:Core/Src/oled.c ****     uint8 dummy;
 384              		.loc 1 111 1 is_stmt 1 view -0
 385              		.cfi_startproc
 386              		@ args = 0, pretend = 0, frame = 0
 387              		@ frame_needed = 0, uses_anonymous_args = 0
 388 0000 70B5     		push	{r4, r5, r6, lr}
 389              	.LCFI2:
 390              		.cfi_def_cfa_offset 16
 391              		.cfi_offset 4, -16
 392              		.cfi_offset 5, -12
 393              		.cfi_offset 6, -8
 394              		.cfi_offset 14, -4
 112:Core/Src/oled.c ****     for(uint8 idx=0;idx<69;idx++)
 395              		.loc 1 112 5 view .LVU93
 113:Core/Src/oled.c ****     {
 396              		.loc 1 113 5 view .LVU94
 397              	.LBB8:
 113:Core/Src/oled.c ****     {
 398              		.loc 1 113 9 view .LVU95
 399              	.LVL27:
 113:Core/Src/oled.c ****     {
 400              		.loc 1 113 15 is_stmt 0 view .LVU96
 401 0002 0024     		movs	r4, #0
 113:Core/Src/oled.c ****     {
 402              		.loc 1 113 5 view .LVU97
 403 0004 15E0     		b	.L30
 404              	.LVL28:
 405              	.L34:
 115:Core/Src/oled.c ****         {
 406              		.loc 1 115 9 is_stmt 1 view .LVU98
 115:Core/Src/oled.c ****         {
 407              		.loc 1 115 18 is_stmt 0 view .LVU99
 408 0006 2500     		movs	r5, r4
 409 0008 621C     		adds	r2, r4, #1
 115:Core/Src/oled.c ****         {
 410              		.loc 1 115 13 view .LVU100
 411 000a D300     		lsls	r3, r2, #3
ARM GAS  C:\Users\jisu8\AppData\Local\Temp\cctpPzFE.s 			page 14


 412 000c 9B1A     		subs	r3, r3, r2
 115:Core/Src/oled.c ****         {
 413              		.loc 1 115 11 view .LVU101
 414 000e 7F2B     		cmp	r3, #127
 415 0010 12DC     		bgt	.L31
 117:Core/Src/oled.c ****         }
 416              		.loc 1 117 13 is_stmt 1 view .LVU102
 417 0012 E000     		lsls	r0, r4, #3
 418 0014 001B     		subs	r0, r0, r4
 419 0016 80B2     		uxth	r0, r0
 420 0018 0021     		movs	r1, #0
 421 001a FFF7FEFF 		bl	OLED_Set_X_Y
 422              	.LVL29:
 423              	.L32:
 127:Core/Src/oled.c ****     }
 424              		.loc 1 127 9 discriminator 2 view .LVU103
 127:Core/Src/oled.c ****     }
 425              		.loc 1 127 38 is_stmt 0 discriminator 2 view .LVU104
 426 001e 104B     		ldr	r3, .L35
 427 0020 585D     		ldrb	r0, [r3, r5]
 127:Core/Src/oled.c ****     }
 428              		.loc 1 127 17 discriminator 2 view .LVU105
 429 0022 2038     		subs	r0, r0, #32
 430 0024 C0B2     		uxtb	r0, r0
 431 0026 0122     		movs	r2, #1
 432 0028 0E49     		ldr	r1, .L35+4
 433 002a FFF7FEFF 		bl	OLED_Set_Char
 434              	.LVL30:
 113:Core/Src/oled.c ****     {
 435              		.loc 1 113 28 is_stmt 1 discriminator 2 view .LVU106
 113:Core/Src/oled.c ****     {
 436              		.loc 1 113 31 is_stmt 0 discriminator 2 view .LVU107
 437 002e 0134     		adds	r4, r4, #1
 438              	.LVL31:
 113:Core/Src/oled.c ****     {
 439              		.loc 1 113 31 discriminator 2 view .LVU108
 440 0030 E4B2     		uxtb	r4, r4
 441              	.LVL32:
 442              	.L30:
 113:Core/Src/oled.c ****     {
 443              		.loc 1 113 21 is_stmt 1 discriminator 1 view .LVU109
 113:Core/Src/oled.c ****     {
 444              		.loc 1 113 5 is_stmt 0 discriminator 1 view .LVU110
 445 0032 442C     		cmp	r4, #68
 446 0034 E7D9     		bls	.L34
 447              	.LBE8:
 129:Core/Src/oled.c **** 
 448              		.loc 1 129 1 view .LVU111
 449              		@ sp needed
 450              	.LVL33:
 129:Core/Src/oled.c **** 
 451              		.loc 1 129 1 view .LVU112
 452 0036 70BD     		pop	{r4, r5, r6, pc}
 453              	.LVL34:
 454              	.L31:
 455              	.LBB9:
 119:Core/Src/oled.c ****         {
ARM GAS  C:\Users\jisu8\AppData\Local\Temp\cctpPzFE.s 			page 15


 456              		.loc 1 119 14 is_stmt 1 view .LVU113
 119:Core/Src/oled.c ****         {
 457              		.loc 1 119 16 is_stmt 0 view .LVU114
 458 0038 FF2B     		cmp	r3, #255
 459 003a 08DC     		bgt	.L33
 121:Core/Src/oled.c ****         }
 460              		.loc 1 121 13 is_stmt 1 view .LVU115
 121:Core/Src/oled.c ****         }
 461              		.loc 1 121 32 is_stmt 0 view .LVU116
 462 003c 2300     		movs	r3, r4
 463 003e 123B     		subs	r3, r3, #18
 121:Core/Src/oled.c ****         }
 464              		.loc 1 121 13 view .LVU117
 465 0040 0720     		movs	r0, #7
 466 0042 5843     		muls	r0, r3
 467 0044 80B2     		uxth	r0, r0
 468 0046 0A21     		movs	r1, #10
 469 0048 FFF7FEFF 		bl	OLED_Set_X_Y
 470              	.LVL35:
 471 004c E7E7     		b	.L32
 472              	.L33:
 125:Core/Src/oled.c ****         }
 473              		.loc 1 125 13 is_stmt 1 view .LVU118
 125:Core/Src/oled.c ****         }
 474              		.loc 1 125 32 is_stmt 0 view .LVU119
 475 004e 2300     		movs	r3, r4
 476 0050 243B     		subs	r3, r3, #36
 125:Core/Src/oled.c ****         }
 477              		.loc 1 125 13 view .LVU120
 478 0052 0720     		movs	r0, #7
 479 0054 5843     		muls	r0, r3
 480 0056 80B2     		uxth	r0, r0
 481 0058 1421     		movs	r1, #20
 482 005a FFF7FEFF 		bl	OLED_Set_X_Y
 483              	.LVL36:
 484 005e DEE7     		b	.L32
 485              	.L36:
 486              		.align	2
 487              	.L35:
 488 0060 00000000 		.word	.LANCHOR0
 489 0064 00000000 		.word	OLED_Font_7x10
 490              	.LBE9:
 491              		.cfi_endproc
 492              	.LFE44:
 494              		.section	.text.OLED_Write_Command,"ax",%progbits
 495              		.align	1
 496              		.syntax unified
 497              		.code	16
 498              		.thumb_func
 500              	OLED_Write_Command:
 501              	.LVL37:
 502              	.LFB50:
 169:Core/Src/oled.c ****     uint8 data[2] = {0x00,command};
 503              		.loc 1 169 1 is_stmt 1 view -0
 504              		.cfi_startproc
 505              		@ args = 0, pretend = 0, frame = 8
 506              		@ frame_needed = 0, uses_anonymous_args = 0
ARM GAS  C:\Users\jisu8\AppData\Local\Temp\cctpPzFE.s 			page 16


 169:Core/Src/oled.c ****     uint8 data[2] = {0x00,command};
 507              		.loc 1 169 1 is_stmt 0 view .LVU122
 508 0000 00B5     		push	{lr}
 509              	.LCFI3:
 510              		.cfi_def_cfa_offset 4
 511              		.cfi_offset 14, -4
 512 0002 85B0     		sub	sp, sp, #20
 513              	.LCFI4:
 514              		.cfi_def_cfa_offset 24
 170:Core/Src/oled.c ****     HAL_I2C_Master_Transmit(&OLED_HW_MODULE,OLED_ADDRESS<<1,data,sizeof(data),1000);
 515              		.loc 1 170 5 is_stmt 1 view .LVU123
 170:Core/Src/oled.c ****     HAL_I2C_Master_Transmit(&OLED_HW_MODULE,OLED_ADDRESS<<1,data,sizeof(data),1000);
 516              		.loc 1 170 11 is_stmt 0 view .LVU124
 517 0004 0023     		movs	r3, #0
 518 0006 6A46     		mov	r2, sp
 519 0008 1373     		strb	r3, [r2, #12]
 520 000a 5073     		strb	r0, [r2, #13]
 171:Core/Src/oled.c **** }
 521              		.loc 1 171 5 is_stmt 1 view .LVU125
 522 000c FA23     		movs	r3, #250
 523 000e 9B00     		lsls	r3, r3, #2
 524 0010 0093     		str	r3, [sp]
 525 0012 0223     		movs	r3, #2
 526 0014 03AA     		add	r2, sp, #12
 527 0016 7821     		movs	r1, #120
 528 0018 0248     		ldr	r0, .L38
 529              	.LVL38:
 171:Core/Src/oled.c **** }
 530              		.loc 1 171 5 is_stmt 0 view .LVU126
 531 001a FFF7FEFF 		bl	HAL_I2C_Master_Transmit
 532              	.LVL39:
 172:Core/Src/oled.c **** 
 533              		.loc 1 172 1 view .LVU127
 534 001e 05B0     		add	sp, sp, #20
 535              		@ sp needed
 536 0020 00BD     		pop	{pc}
 537              	.L39:
 538 0022 C046     		.align	2
 539              	.L38:
 540 0024 00000000 		.word	hi2c2
 541              		.cfi_endproc
 542              	.LFE50:
 544              		.section	.text.OLED_Fill_Screen,"ax",%progbits
 545              		.align	1
 546              		.syntax unified
 547              		.code	16
 548              		.thumb_func
 550              	OLED_Fill_Screen:
 551              	.LVL40:
 552              	.LFB51:
 175:Core/Src/oled.c ****     /* Set memory */
 553              		.loc 1 175 1 is_stmt 1 view -0
 554              		.cfi_startproc
 555              		@ args = 0, pretend = 0, frame = 0
 556              		@ frame_needed = 0, uses_anonymous_args = 0
 175:Core/Src/oled.c ****     /* Set memory */
 557              		.loc 1 175 1 is_stmt 0 view .LVU129
ARM GAS  C:\Users\jisu8\AppData\Local\Temp\cctpPzFE.s 			page 17


 558 0000 10B5     		push	{r4, lr}
 559              	.LCFI5:
 560              		.cfi_def_cfa_offset 8
 561              		.cfi_offset 4, -8
 562              		.cfi_offset 14, -4
 177:Core/Src/oled.c **** }
 563              		.loc 1 177 5 is_stmt 1 view .LVU130
 564 0002 0028     		cmp	r0, #0
 565 0004 06D1     		bne	.L42
 566 0006 0021     		movs	r1, #0
 567              	.L41:
 177:Core/Src/oled.c **** }
 568              		.loc 1 177 5 is_stmt 0 discriminator 4 view .LVU131
 569 0008 8022     		movs	r2, #128
 570 000a D200     		lsls	r2, r2, #3
 571 000c 0248     		ldr	r0, .L43
 572              	.LVL41:
 177:Core/Src/oled.c **** }
 573              		.loc 1 177 5 discriminator 4 view .LVU132
 574 000e FFF7FEFF 		bl	memset
 575              	.LVL42:
 178:Core/Src/oled.c **** 
 576              		.loc 1 178 1 discriminator 4 view .LVU133
 577              		@ sp needed
 578 0012 10BD     		pop	{r4, pc}
 579              	.LVL43:
 580              	.L42:
 177:Core/Src/oled.c **** }
 581              		.loc 1 177 5 view .LVU134
 582 0014 FF21     		movs	r1, #255
 583 0016 F7E7     		b	.L41
 584              	.L44:
 585              		.align	2
 586              	.L43:
 587 0018 00000000 		.word	OLED_Buffer
 588              		.cfi_endproc
 589              	.LFE51:
 591              		.section	.text.OLED_Update_Screen,"ax",%progbits
 592              		.align	1
 593              		.syntax unified
 594              		.code	16
 595              		.thumb_func
 597              	OLED_Update_Screen:
 598              	.LFB52:
 181:Core/Src/oled.c ****     for (uint8 idx = 0; idx < 8; idx++) 
 599              		.loc 1 181 1 is_stmt 1 view -0
 600              		.cfi_startproc
 601              		@ args = 0, pretend = 0, frame = 0
 602              		@ frame_needed = 0, uses_anonymous_args = 0
 603 0000 10B5     		push	{r4, lr}
 604              	.LCFI6:
 605              		.cfi_def_cfa_offset 8
 606              		.cfi_offset 4, -8
 607              		.cfi_offset 14, -4
 608 0002 84B0     		sub	sp, sp, #16
 609              	.LCFI7:
 610              		.cfi_def_cfa_offset 24
ARM GAS  C:\Users\jisu8\AppData\Local\Temp\cctpPzFE.s 			page 18


 182:Core/Src/oled.c ****     {
 611              		.loc 1 182 5 view .LVU136
 612              	.LBB10:
 182:Core/Src/oled.c ****     {
 613              		.loc 1 182 10 view .LVU137
 614              	.LVL44:
 182:Core/Src/oled.c ****     {
 615              		.loc 1 182 16 is_stmt 0 view .LVU138
 616 0004 0024     		movs	r4, #0
 182:Core/Src/oled.c ****     {
 617              		.loc 1 182 5 view .LVU139
 618 0006 1BE0     		b	.L46
 619              	.LVL45:
 620              	.L47:
 184:Core/Src/oled.c ****         OLED_Write_Command(0x00);
 621              		.loc 1 184 9 is_stmt 1 discriminator 3 view .LVU140
 622 0008 2000     		movs	r0, r4
 623 000a 5038     		subs	r0, r0, #80
 624 000c C0B2     		uxtb	r0, r0
 625 000e FFF7FEFF 		bl	OLED_Write_Command
 626              	.LVL46:
 185:Core/Src/oled.c ****         OLED_Write_Command(0x10);
 627              		.loc 1 185 9 discriminator 3 view .LVU141
 628 0012 0020     		movs	r0, #0
 629 0014 FFF7FEFF 		bl	OLED_Write_Command
 630              	.LVL47:
 186:Core/Src/oled.c **** 
 631              		.loc 1 186 9 discriminator 3 view .LVU142
 632 0018 1020     		movs	r0, #16
 633 001a FFF7FEFF 		bl	OLED_Write_Command
 634              	.LVL48:
 188:Core/Src/oled.c ****     }    
 635              		.loc 1 188 9 discriminator 3 view .LVU143
 188:Core/Src/oled.c ****     }    
 636              		.loc 1 188 109 is_stmt 0 discriminator 3 view .LVU144
 637 001e E301     		lsls	r3, r4, #7
 188:Core/Src/oled.c ****     }    
 638              		.loc 1 188 85 discriminator 3 view .LVU145
 639 0020 094A     		ldr	r2, .L48
 640 0022 9B18     		adds	r3, r3, r2
 188:Core/Src/oled.c ****     }    
 641              		.loc 1 188 9 discriminator 3 view .LVU146
 642 0024 FA22     		movs	r2, #250
 643 0026 9200     		lsls	r2, r2, #2
 644 0028 0292     		str	r2, [sp, #8]
 645 002a 8022     		movs	r2, #128
 646 002c 0192     		str	r2, [sp, #4]
 647 002e 0093     		str	r3, [sp]
 648 0030 0123     		movs	r3, #1
 649 0032 403A     		subs	r2, r2, #64
 650 0034 7821     		movs	r1, #120
 651 0036 0548     		ldr	r0, .L48+4
 652 0038 FFF7FEFF 		bl	HAL_I2C_Mem_Write
 653              	.LVL49:
 182:Core/Src/oled.c ****     {
 654              		.loc 1 182 34 is_stmt 1 discriminator 3 view .LVU147
 182:Core/Src/oled.c ****     {
ARM GAS  C:\Users\jisu8\AppData\Local\Temp\cctpPzFE.s 			page 19


 655              		.loc 1 182 37 is_stmt 0 discriminator 3 view .LVU148
 656 003c 0134     		adds	r4, r4, #1
 657              	.LVL50:
 182:Core/Src/oled.c ****     {
 658              		.loc 1 182 37 discriminator 3 view .LVU149
 659 003e E4B2     		uxtb	r4, r4
 660              	.LVL51:
 661              	.L46:
 182:Core/Src/oled.c ****     {
 662              		.loc 1 182 25 is_stmt 1 discriminator 1 view .LVU150
 182:Core/Src/oled.c ****     {
 663              		.loc 1 182 5 is_stmt 0 discriminator 1 view .LVU151
 664 0040 072C     		cmp	r4, #7
 665 0042 E1D9     		bls	.L47
 666              	.LBE10:
 190:Core/Src/oled.c **** 
 667              		.loc 1 190 1 view .LVU152
 668 0044 04B0     		add	sp, sp, #16
 669              		@ sp needed
 670              	.LVL52:
 190:Core/Src/oled.c **** 
 671              		.loc 1 190 1 view .LVU153
 672 0046 10BD     		pop	{r4, pc}
 673              	.L49:
 674              		.align	2
 675              	.L48:
 676 0048 00000000 		.word	OLED_Buffer
 677 004c 00000000 		.word	hi2c2
 678              		.cfi_endproc
 679              	.LFE52:
 681              		.section	.text.OLED_FindAddress,"ax",%progbits
 682              		.align	1
 683              		.global	OLED_FindAddress
 684              		.syntax unified
 685              		.code	16
 686              		.thumb_func
 688              	OLED_FindAddress:
 689              	.LFB40:
  29:Core/Src/oled.c ****     if(HAL_OK == HAL_I2C_IsDeviceReady(&OLED_HW_MODULE,OLED_Address,3,10))
 690              		.loc 1 29 1 is_stmt 1 view -0
 691              		.cfi_startproc
 692              		@ args = 0, pretend = 0, frame = 0
 693              		@ frame_needed = 0, uses_anonymous_args = 0
 694 0000 10B5     		push	{r4, lr}
 695              	.LCFI8:
 696              		.cfi_def_cfa_offset 8
 697              		.cfi_offset 4, -8
 698              		.cfi_offset 14, -4
  30:Core/Src/oled.c ****     {
 699              		.loc 1 30 5 view .LVU155
  30:Core/Src/oled.c ****     {
 700              		.loc 1 30 18 is_stmt 0 view .LVU156
 701 0002 074B     		ldr	r3, .L52
 702 0004 1978     		ldrb	r1, [r3]
 703 0006 0A23     		movs	r3, #10
 704 0008 0322     		movs	r2, #3
 705 000a 0648     		ldr	r0, .L52+4
ARM GAS  C:\Users\jisu8\AppData\Local\Temp\cctpPzFE.s 			page 20


 706 000c FFF7FEFF 		bl	HAL_I2C_IsDeviceReady
 707              	.LVL53:
  30:Core/Src/oled.c ****     {
 708              		.loc 1 30 7 view .LVU157
 709 0010 0028     		cmp	r0, #0
 710 0012 03D0     		beq	.L50
  36:Core/Src/oled.c ****     }
 711              		.loc 1 36 9 is_stmt 1 view .LVU158
  36:Core/Src/oled.c ****     }
 712              		.loc 1 36 21 is_stmt 0 view .LVU159
 713 0014 024A     		ldr	r2, .L52
 714 0016 1378     		ldrb	r3, [r2]
 715 0018 0133     		adds	r3, r3, #1
 716 001a 1370     		strb	r3, [r2]
 717              	.L50:
  38:Core/Src/oled.c **** 
 718              		.loc 1 38 1 view .LVU160
 719              		@ sp needed
 720 001c 10BD     		pop	{r4, pc}
 721              	.L53:
 722 001e C046     		.align	2
 723              	.L52:
 724 0020 00000000 		.word	.LANCHOR3
 725 0024 00000000 		.word	hi2c2
 726              		.cfi_endproc
 727              	.LFE40:
 729              		.section	.rodata.OLED_Init.str1.4,"aMS",%progbits,1
 730              		.align	2
 731              	.LC14:
 732 0000 68747470 		.ascii	"https://www.allprime.co.kr\000"
 732      733A2F2F 
 732      7777772E 
 732      616C6C70 
 732      72696D65 
 733              		.section	.text.OLED_Init,"ax",%progbits
 734              		.align	1
 735              		.global	OLED_Init
 736              		.syntax unified
 737              		.code	16
 738              		.thumb_func
 740              	OLED_Init:
 741              	.LFB41:
  41:Core/Src/oled.c ****     uint8 length;
 742              		.loc 1 41 1 is_stmt 1 view -0
 743              		.cfi_startproc
 744              		@ args = 0, pretend = 0, frame = 0
 745              		@ frame_needed = 0, uses_anonymous_args = 0
 746 0000 70B5     		push	{r4, r5, r6, lr}
 747              	.LCFI9:
 748              		.cfi_def_cfa_offset 16
 749              		.cfi_offset 4, -16
 750              		.cfi_offset 5, -12
 751              		.cfi_offset 6, -8
 752              		.cfi_offset 14, -4
  42:Core/Src/oled.c ****  /* Init LCD */
 753              		.loc 1 42 5 view .LVU162
  44:Core/Src/oled.c ****     OLED_Write_Command(0xA8); // Set multiplex ratio
ARM GAS  C:\Users\jisu8\AppData\Local\Temp\cctpPzFE.s 			page 21


 754              		.loc 1 44 5 view .LVU163
 755 0002 AE20     		movs	r0, #174
 756 0004 FFF7FEFF 		bl	OLED_Write_Command
 757              	.LVL54:
  45:Core/Src/oled.c ****     OLED_Write_Command(0x1F); // -- from default 63 to 31 (i.e. 32MUX)
 758              		.loc 1 45 5 view .LVU164
 759 0008 A820     		movs	r0, #168
 760 000a FFF7FEFF 		bl	OLED_Write_Command
 761              	.LVL55:
  46:Core/Src/oled.c ****     OLED_Write_Command(0xD3); // Set display offset
 762              		.loc 1 46 5 view .LVU165
 763 000e 1F20     		movs	r0, #31
 764 0010 FFF7FEFF 		bl	OLED_Write_Command
 765              	.LVL56:
  47:Core/Src/oled.c ****     OLED_Write_Command(0x00); // -- no offset
 766              		.loc 1 47 5 view .LVU166
 767 0014 D320     		movs	r0, #211
 768 0016 FFF7FEFF 		bl	OLED_Write_Command
 769              	.LVL57:
  48:Core/Src/oled.c ****     OLED_Write_Command(0x40); // Set display start line
 770              		.loc 1 48 5 view .LVU167
 771 001a 0020     		movs	r0, #0
 772 001c FFF7FEFF 		bl	OLED_Write_Command
 773              	.LVL58:
  49:Core/Src/oled.c ****     OLED_Write_Command(0xA1); // Set segment re-map, column address 127 is mapped to SEG0
 774              		.loc 1 49 5 view .LVU168
 775 0020 4020     		movs	r0, #64
 776 0022 FFF7FEFF 		bl	OLED_Write_Command
 777              	.LVL59:
  50:Core/Src/oled.c ****     OLED_Write_Command(0xC8); // Set COM output scan direction - remapped mode
 778              		.loc 1 50 5 view .LVU169
 779 0026 A120     		movs	r0, #161
 780 0028 FFF7FEFF 		bl	OLED_Write_Command
 781              	.LVL60:
  51:Core/Src/oled.c ****     OLED_Write_Command(0x81); // Set contrast control for BANK0
 782              		.loc 1 51 5 view .LVU170
 783 002c C820     		movs	r0, #200
 784 002e FFF7FEFF 		bl	OLED_Write_Command
 785              	.LVL61:
  52:Core/Src/oled.c ****     OLED_Write_Command(0x7F); // -- range 0x00 to 0xFF => 50%
 786              		.loc 1 52 5 view .LVU171
 787 0032 8120     		movs	r0, #129
 788 0034 FFF7FEFF 		bl	OLED_Write_Command
 789              	.LVL62:
  53:Core/Src/oled.c ****     OLED_Write_Command(0xA4); // Enable display outputs according to the GDDRAM contents.
 790              		.loc 1 53 5 view .LVU172
 791 0038 7F20     		movs	r0, #127
 792 003a FFF7FEFF 		bl	OLED_Write_Command
 793              	.LVL63:
  54:Core/Src/oled.c ****     OLED_Write_Command(0xA6); // Set normal display
 794              		.loc 1 54 5 view .LVU173
 795 003e A420     		movs	r0, #164
 796 0040 FFF7FEFF 		bl	OLED_Write_Command
 797              	.LVL64:
  55:Core/Src/oled.c ****     OLED_Write_Command(0xD5); // Set display clock divide ration and oscillator frequency
 798              		.loc 1 55 5 view .LVU174
 799 0044 A620     		movs	r0, #166
ARM GAS  C:\Users\jisu8\AppData\Local\Temp\cctpPzFE.s 			page 22


 800 0046 FFF7FEFF 		bl	OLED_Write_Command
 801              	.LVL65:
  56:Core/Src/oled.c ****     OLED_Write_Command(0x80); // -- frequency (1000 - default); display clock divide ratio (0000 - 
 802              		.loc 1 56 5 view .LVU175
 803 004a D520     		movs	r0, #213
 804 004c FFF7FEFF 		bl	OLED_Write_Command
 805              	.LVL66:
  57:Core/Src/oled.c ****     OLED_Write_Command(0x8D); // Charge pump setting
 806              		.loc 1 57 5 view .LVU176
 807 0050 8020     		movs	r0, #128
 808 0052 FFF7FEFF 		bl	OLED_Write_Command
 809              	.LVL67:
  58:Core/Src/oled.c ****     OLED_Write_Command(0x14); // -- enable charge pump
 810              		.loc 1 58 5 view .LVU177
 811 0056 8D20     		movs	r0, #141
 812 0058 FFF7FEFF 		bl	OLED_Write_Command
 813              	.LVL68:
  59:Core/Src/oled.c **** 
 814              		.loc 1 59 5 view .LVU178
 815 005c 1420     		movs	r0, #20
 816 005e FFF7FEFF 		bl	OLED_Write_Command
 817              	.LVL69:
  61:Core/Src/oled.c ****     OLED_Write_Command(0x20); // Set memory addressing mode
 818              		.loc 1 61 5 view .LVU179
 819 0062 2E20     		movs	r0, #46
 820 0064 FFF7FEFF 		bl	OLED_Write_Command
 821              	.LVL70:
  62:Core/Src/oled.c ****     OLED_Write_Command(0x10); // -- Page Addressing Mode (RESET)
 822              		.loc 1 62 5 view .LVU180
 823 0068 2020     		movs	r0, #32
 824 006a FFF7FEFF 		bl	OLED_Write_Command
 825              	.LVL71:
  63:Core/Src/oled.c ****     OLED_Write_Command(0xDA); // Set COM pins hardware configuration
 826              		.loc 1 63 5 view .LVU181
 827 006e 1020     		movs	r0, #16
 828 0070 FFF7FEFF 		bl	OLED_Write_Command
 829              	.LVL72:
  64:Core/Src/oled.c ****     OLED_Write_Command(0x02); // --
 830              		.loc 1 64 5 view .LVU182
 831 0074 DA20     		movs	r0, #218
 832 0076 FFF7FEFF 		bl	OLED_Write_Command
 833              	.LVL73:
  65:Core/Src/oled.c ****     OLED_Write_Command(0xD9); // Set pre-charge period
 834              		.loc 1 65 5 view .LVU183
 835 007a 0220     		movs	r0, #2
 836 007c FFF7FEFF 		bl	OLED_Write_Command
 837              	.LVL74:
  66:Core/Src/oled.c ****     OLED_Write_Command(0x22); // --
 838              		.loc 1 66 5 view .LVU184
 839 0080 D920     		movs	r0, #217
 840 0082 FFF7FEFF 		bl	OLED_Write_Command
 841              	.LVL75:
  67:Core/Src/oled.c ****     OLED_Write_Command(0xDB); // Set Vcomh deselect level
 842              		.loc 1 67 5 view .LVU185
 843 0086 2220     		movs	r0, #34
 844 0088 FFF7FEFF 		bl	OLED_Write_Command
 845              	.LVL76:
ARM GAS  C:\Users\jisu8\AppData\Local\Temp\cctpPzFE.s 			page 23


  68:Core/Src/oled.c ****     OLED_Write_Command(0x20); // -- 0.77 x Vcc (RESET)
 846              		.loc 1 68 5 view .LVU186
 847 008c DB20     		movs	r0, #219
 848 008e FFF7FEFF 		bl	OLED_Write_Command
 849              	.LVL77:
  69:Core/Src/oled.c **** 
 850              		.loc 1 69 5 view .LVU187
 851 0092 2020     		movs	r0, #32
 852 0094 FFF7FEFF 		bl	OLED_Write_Command
 853              	.LVL78:
  71:Core/Src/oled.c ****     OLED_Write_Command(0x00); // Set lower column start address for page addressing mode
 854              		.loc 1 71 5 view .LVU188
 855 0098 B020     		movs	r0, #176
 856 009a FFF7FEFF 		bl	OLED_Write_Command
 857              	.LVL79:
  72:Core/Src/oled.c ****     OLED_Write_Command(0x10); // Set higher column start address for page addressing mode
 858              		.loc 1 72 5 view .LVU189
 859 009e 0020     		movs	r0, #0
 860 00a0 FFF7FEFF 		bl	OLED_Write_Command
 861              	.LVL80:
  73:Core/Src/oled.c **** 
 862              		.loc 1 73 5 view .LVU190
 863 00a4 1020     		movs	r0, #16
 864 00a6 FFF7FEFF 		bl	OLED_Write_Command
 865              	.LVL81:
  75:Core/Src/oled.c **** 
 866              		.loc 1 75 5 view .LVU191
 867 00aa AF20     		movs	r0, #175
 868 00ac FFF7FEFF 		bl	OLED_Write_Command
 869              	.LVL82:
  77:Core/Src/oled.c ****     OLED_Update_Screen();
 870              		.loc 1 77 5 view .LVU192
 871 00b0 0020     		movs	r0, #0
 872 00b2 FFF7FEFF 		bl	OLED_Fill_Screen
 873              	.LVL83:
  78:Core/Src/oled.c **** 
 874              		.loc 1 78 5 view .LVU193
 875 00b6 FFF7FEFF 		bl	OLED_Update_Screen
 876              	.LVL84:
  80:Core/Src/oled.c ****     sprintf(Tx_data,"https://www.allprime.co.kr");
 877              		.loc 1 80 5 view .LVU194
 878 00ba FFF7FEFF 		bl	Clear_TxBuffer
 879              	.LVL85:
  81:Core/Src/oled.c ****     length = strlen(Tx_data);
 880              		.loc 1 81 5 view .LVU195
 881 00be 0A4C     		ldr	r4, .L55
 882 00c0 0A4B     		ldr	r3, .L55+4
 883 00c2 2200     		movs	r2, r4
 884 00c4 23CB     		ldmia	r3!, {r0, r1, r5}
 885 00c6 23C2     		stmia	r2!, {r0, r1, r5}
 886 00c8 23CB     		ldmia	r3!, {r0, r1, r5}
 887 00ca 23C2     		stmia	r2!, {r0, r1, r5}
 888 00cc 1988     		ldrh	r1, [r3]
 889 00ce 1180     		strh	r1, [r2]
 890 00d0 9B78     		ldrb	r3, [r3, #2]
 891 00d2 9370     		strb	r3, [r2, #2]
  82:Core/Src/oled.c ****     Tx_data[length] = ' ';
ARM GAS  C:\Users\jisu8\AppData\Local\Temp\cctpPzFE.s 			page 24


 892              		.loc 1 82 5 view .LVU196
  82:Core/Src/oled.c ****     Tx_data[length] = ' ';
 893              		.loc 1 82 14 is_stmt 0 view .LVU197
 894 00d4 2000     		movs	r0, r4
 895 00d6 FFF7FEFF 		bl	strlen
 896              	.LVL86:
  83:Core/Src/oled.c ****     Print_TxBuffer();
 897              		.loc 1 83 5 is_stmt 1 view .LVU198
  83:Core/Src/oled.c ****     Print_TxBuffer();
 898              		.loc 1 83 21 is_stmt 0 view .LVU199
 899 00da 2023     		movs	r3, #32
 900 00dc 2354     		strb	r3, [r4, r0]
  84:Core/Src/oled.c ****     
 901              		.loc 1 84 5 is_stmt 1 view .LVU200
 902 00de FFF7FEFF 		bl	Print_TxBuffer
 903              	.LVL87:
  86:Core/Src/oled.c **** }
 904              		.loc 1 86 5 view .LVU201
 905 00e2 FFF7FEFF 		bl	OLED_Update_Screen
 906              	.LVL88:
  87:Core/Src/oled.c **** 
 907              		.loc 1 87 1 is_stmt 0 view .LVU202
 908              		@ sp needed
 909 00e6 70BD     		pop	{r4, r5, r6, pc}
 910              	.L56:
 911              		.align	2
 912              	.L55:
 913 00e8 00000000 		.word	.LANCHOR0
 914 00ec 00000000 		.word	.LC14
 915              		.cfi_endproc
 916              	.LFE41:
 918              		.section	.text.OLED_Display,"ax",%progbits
 919              		.align	1
 920              		.global	OLED_Display
 921              		.syntax unified
 922              		.code	16
 923              		.thumb_func
 925              	OLED_Display:
 926              	.LFB42:
  90:Core/Src/oled.c ****     uint8 length;
 927              		.loc 1 90 1 is_stmt 1 view -0
 928              		.cfi_startproc
 929              		@ args = 0, pretend = 0, frame = 0
 930              		@ frame_needed = 0, uses_anonymous_args = 0
 931 0000 70B5     		push	{r4, r5, r6, lr}
 932              	.LCFI10:
 933              		.cfi_def_cfa_offset 16
 934              		.cfi_offset 4, -16
 935              		.cfi_offset 5, -12
 936              		.cfi_offset 6, -8
 937              		.cfi_offset 14, -4
  91:Core/Src/oled.c ****     Clear_TxBuffer();
 938              		.loc 1 91 5 view .LVU204
  92:Core/Src/oled.c ****     sprintf(Tx_data,"https://www.allprime.co.kr");
 939              		.loc 1 92 5 view .LVU205
 940 0002 FFF7FEFF 		bl	Clear_TxBuffer
 941              	.LVL89:
ARM GAS  C:\Users\jisu8\AppData\Local\Temp\cctpPzFE.s 			page 25


  93:Core/Src/oled.c ****     length = strlen(Tx_data);
 942              		.loc 1 93 5 view .LVU206
 943 0006 0A4C     		ldr	r4, .L58
 944 0008 0A4B     		ldr	r3, .L58+4
 945 000a 2200     		movs	r2, r4
 946 000c 23CB     		ldmia	r3!, {r0, r1, r5}
 947 000e 23C2     		stmia	r2!, {r0, r1, r5}
 948 0010 23CB     		ldmia	r3!, {r0, r1, r5}
 949 0012 23C2     		stmia	r2!, {r0, r1, r5}
 950 0014 1988     		ldrh	r1, [r3]
 951 0016 1180     		strh	r1, [r2]
 952 0018 9B78     		ldrb	r3, [r3, #2]
 953 001a 9370     		strb	r3, [r2, #2]
  94:Core/Src/oled.c ****     Tx_data[length] = ' ';
 954              		.loc 1 94 5 view .LVU207
  94:Core/Src/oled.c ****     Tx_data[length] = ' ';
 955              		.loc 1 94 14 is_stmt 0 view .LVU208
 956 001c 2000     		movs	r0, r4
 957 001e FFF7FEFF 		bl	strlen
 958              	.LVL90:
  95:Core/Src/oled.c ****     Print_TxBuffer();
 959              		.loc 1 95 5 is_stmt 1 view .LVU209
  95:Core/Src/oled.c ****     Print_TxBuffer();
 960              		.loc 1 95 21 is_stmt 0 view .LVU210
 961 0022 2023     		movs	r3, #32
 962 0024 2354     		strb	r3, [r4, r0]
  96:Core/Src/oled.c ****     
 963              		.loc 1 96 5 is_stmt 1 view .LVU211
 964 0026 FFF7FEFF 		bl	Print_TxBuffer
 965              	.LVL91:
  98:Core/Src/oled.c **** }
 966              		.loc 1 98 5 view .LVU212
 967 002a FFF7FEFF 		bl	OLED_Update_Screen
 968              	.LVL92:
  99:Core/Src/oled.c **** 
 969              		.loc 1 99 1 is_stmt 0 view .LVU213
 970              		@ sp needed
 971 002e 70BD     		pop	{r4, r5, r6, pc}
 972              	.L59:
 973              		.align	2
 974              	.L58:
 975 0030 00000000 		.word	.LANCHOR0
 976 0034 00000000 		.word	.LC14
 977              		.cfi_endproc
 978              	.LFE42:
 980              		.global	Tx_data_Korean
 981              		.global	Tx_data
 982              		.global	OLED
 983              		.global	OLED_Address
 984              		.section	.bss.OLED,"aw",%nobits
 985              		.align	2
 986              		.set	.LANCHOR2,. + 0
 989              	OLED:
 990 0000 00000000 		.space	4
 991              		.section	.bss.OLED_Address,"aw",%nobits
 992              		.set	.LANCHOR3,. + 0
 995              	OLED_Address:
ARM GAS  C:\Users\jisu8\AppData\Local\Temp\cctpPzFE.s 			page 26


 996 0000 00       		.space	1
 997              		.section	.bss.OLED_Buffer,"aw",%nobits
 998              		.align	2
 1001              	OLED_Buffer:
 1002 0000 00000000 		.space	1024
 1002      00000000 
 1002      00000000 
 1002      00000000 
 1002      00000000 
 1003              		.section	.bss.Tx_data,"aw",%nobits
 1004              		.align	2
 1005              		.set	.LANCHOR0,. + 0
 1008              	Tx_data:
 1009 0000 00000000 		.space	100
 1009      00000000 
 1009      00000000 
 1009      00000000 
 1009      00000000 
 1010              		.section	.bss.Tx_data_Korean,"aw",%nobits
 1011              		.align	2
 1012              		.set	.LANCHOR1,. + 0
 1015              	Tx_data_Korean:
 1016 0000 00000000 		.space	100
 1016      00000000 
 1016      00000000 
 1016      00000000 
 1016      00000000 
 1017              		.text
 1018              	.Letext0:
 1019              		.file 2 "d:\\3.tools\\arm_gcc_toolchain\\arm-none-eabi\\include\\machine\\_default_types.h"
 1020              		.file 3 "d:\\3.tools\\arm_gcc_toolchain\\arm-none-eabi\\include\\sys\\_stdint.h"
 1021              		.file 4 "Drivers/CMSIS/Device/ST/STM32F0xx/Include/stm32f072xb.h"
 1022              		.file 5 "Drivers/STM32F0xx_HAL_Driver/Inc/stm32f0xx_hal_def.h"
 1023              		.file 6 "Drivers/STM32F0xx_HAL_Driver/Inc/stm32f0xx_hal_dma.h"
 1024              		.file 7 "Drivers/STM32F0xx_HAL_Driver/Inc/stm32f0xx_hal_i2c.h"
 1025              		.file 8 "Core/Inc/vardef.h"
 1026              		.file 9 "Core/Inc/oled_fonts.h"
 1027              		.file 10 "Core/Inc/main.h"
 1028              		.file 11 "Core/Inc/oled.h"
 1029              		.file 12 "<built-in>"
 1030              		.file 13 "d:\\3.tools\\arm_gcc_toolchain\\arm-none-eabi\\include\\string.h"
ARM GAS  C:\Users\jisu8\AppData\Local\Temp\cctpPzFE.s 			page 27


DEFINED SYMBOLS
                            *ABS*:00000000 oled.c
C:\Users\jisu8\AppData\Local\Temp\cctpPzFE.s:18     .text.Clear_TxBuffer:00000000 $t
C:\Users\jisu8\AppData\Local\Temp\cctpPzFE.s:23     .text.Clear_TxBuffer:00000000 Clear_TxBuffer
C:\Users\jisu8\AppData\Local\Temp\cctpPzFE.s:67     .text.Clear_TxBuffer:00000018 $d
C:\Users\jisu8\AppData\Local\Temp\cctpPzFE.s:73     .text.OLED_Set_X_Y:00000000 $t
C:\Users\jisu8\AppData\Local\Temp\cctpPzFE.s:78     .text.OLED_Set_X_Y:00000000 OLED_Set_X_Y
C:\Users\jisu8\AppData\Local\Temp\cctpPzFE.s:99     .text.OLED_Set_X_Y:00000008 $d
C:\Users\jisu8\AppData\Local\Temp\cctpPzFE.s:104    .text.OLED_DrawPixel:00000000 $t
C:\Users\jisu8\AppData\Local\Temp\cctpPzFE.s:109    .text.OLED_DrawPixel:00000000 OLED_DrawPixel
C:\Users\jisu8\AppData\Local\Temp\cctpPzFE.s:176    .text.OLED_DrawPixel:0000003c $d
C:\Users\jisu8\AppData\Local\Temp\cctpPzFE.s:1001   .bss.OLED_Buffer:00000000 OLED_Buffer
C:\Users\jisu8\AppData\Local\Temp\cctpPzFE.s:181    .text.OLED_Set_Char:00000000 $t
C:\Users\jisu8\AppData\Local\Temp\cctpPzFE.s:186    .text.OLED_Set_Char:00000000 OLED_Set_Char
C:\Users\jisu8\AppData\Local\Temp\cctpPzFE.s:372    .text.OLED_Set_Char:000000a0 $d
C:\Users\jisu8\AppData\Local\Temp\cctpPzFE.s:377    .text.Print_TxBuffer:00000000 $t
C:\Users\jisu8\AppData\Local\Temp\cctpPzFE.s:382    .text.Print_TxBuffer:00000000 Print_TxBuffer
C:\Users\jisu8\AppData\Local\Temp\cctpPzFE.s:488    .text.Print_TxBuffer:00000060 $d
C:\Users\jisu8\AppData\Local\Temp\cctpPzFE.s:495    .text.OLED_Write_Command:00000000 $t
C:\Users\jisu8\AppData\Local\Temp\cctpPzFE.s:500    .text.OLED_Write_Command:00000000 OLED_Write_Command
C:\Users\jisu8\AppData\Local\Temp\cctpPzFE.s:540    .text.OLED_Write_Command:00000024 $d
C:\Users\jisu8\AppData\Local\Temp\cctpPzFE.s:545    .text.OLED_Fill_Screen:00000000 $t
C:\Users\jisu8\AppData\Local\Temp\cctpPzFE.s:550    .text.OLED_Fill_Screen:00000000 OLED_Fill_Screen
C:\Users\jisu8\AppData\Local\Temp\cctpPzFE.s:587    .text.OLED_Fill_Screen:00000018 $d
C:\Users\jisu8\AppData\Local\Temp\cctpPzFE.s:592    .text.OLED_Update_Screen:00000000 $t
C:\Users\jisu8\AppData\Local\Temp\cctpPzFE.s:597    .text.OLED_Update_Screen:00000000 OLED_Update_Screen
C:\Users\jisu8\AppData\Local\Temp\cctpPzFE.s:676    .text.OLED_Update_Screen:00000048 $d
C:\Users\jisu8\AppData\Local\Temp\cctpPzFE.s:682    .text.OLED_FindAddress:00000000 $t
C:\Users\jisu8\AppData\Local\Temp\cctpPzFE.s:688    .text.OLED_FindAddress:00000000 OLED_FindAddress
C:\Users\jisu8\AppData\Local\Temp\cctpPzFE.s:724    .text.OLED_FindAddress:00000020 $d
C:\Users\jisu8\AppData\Local\Temp\cctpPzFE.s:730    .rodata.OLED_Init.str1.4:00000000 $d
C:\Users\jisu8\AppData\Local\Temp\cctpPzFE.s:734    .text.OLED_Init:00000000 $t
C:\Users\jisu8\AppData\Local\Temp\cctpPzFE.s:740    .text.OLED_Init:00000000 OLED_Init
C:\Users\jisu8\AppData\Local\Temp\cctpPzFE.s:913    .text.OLED_Init:000000e8 $d
C:\Users\jisu8\AppData\Local\Temp\cctpPzFE.s:919    .text.OLED_Display:00000000 $t
C:\Users\jisu8\AppData\Local\Temp\cctpPzFE.s:925    .text.OLED_Display:00000000 OLED_Display
C:\Users\jisu8\AppData\Local\Temp\cctpPzFE.s:975    .text.OLED_Display:00000030 $d
C:\Users\jisu8\AppData\Local\Temp\cctpPzFE.s:1015   .bss.Tx_data_Korean:00000000 Tx_data_Korean
C:\Users\jisu8\AppData\Local\Temp\cctpPzFE.s:1008   .bss.Tx_data:00000000 Tx_data
C:\Users\jisu8\AppData\Local\Temp\cctpPzFE.s:989    .bss.OLED:00000000 OLED
C:\Users\jisu8\AppData\Local\Temp\cctpPzFE.s:995    .bss.OLED_Address:00000000 OLED_Address
C:\Users\jisu8\AppData\Local\Temp\cctpPzFE.s:985    .bss.OLED:00000000 $d
C:\Users\jisu8\AppData\Local\Temp\cctpPzFE.s:996    .bss.OLED_Address:00000000 $d
C:\Users\jisu8\AppData\Local\Temp\cctpPzFE.s:998    .bss.OLED_Buffer:00000000 $d
C:\Users\jisu8\AppData\Local\Temp\cctpPzFE.s:1004   .bss.Tx_data:00000000 $d
C:\Users\jisu8\AppData\Local\Temp\cctpPzFE.s:1011   .bss.Tx_data_Korean:00000000 $d

UNDEFINED SYMBOLS
OLED_Font_7x10
HAL_I2C_Master_Transmit
hi2c2
memset
HAL_I2C_Mem_Write
HAL_I2C_IsDeviceReady
strlen
