ARM GAS  C:\Users\jisu8\AppData\Local\Temp\ccTw41sf.s 			page 1


   1              		.cpu cortex-m0
   2              		.arch armv6s-m
   3              		.fpu softvfp
   4              		.eabi_attribute 20, 1
   5              		.eabi_attribute 21, 1
   6              		.eabi_attribute 23, 3
   7              		.eabi_attribute 24, 1
   8              		.eabi_attribute 25, 1
   9              		.eabi_attribute 26, 1
  10              		.eabi_attribute 30, 1
  11              		.eabi_attribute 34, 0
  12              		.eabi_attribute 18, 4
  13              		.file	"os.c"
  14              		.text
  15              	.Ltext0:
  16              		.cfi_sections	.debug_frame
  17              		.section	.text.Os_1ms_Task,"ax",%progbits
  18              		.align	1
  19              		.syntax unified
  20              		.code	16
  21              		.thumb_func
  23              	Os_1ms_Task:
  24              	.LFB1:
  25              		.file 1 "Core/Src/os.c"
   1:Core/Src/os.c **** #include "os.h"
   2:Core/Src/os.c **** 
   3:Core/Src/os.c **** Os_Var_t Os_Var;
   4:Core/Src/os.c **** 
   5:Core/Src/os.c **** static void Os_Calc_Period(uint8 idx);
   6:Core/Src/os.c **** static void Os_Calc_Runtime_Start(uint8 idx);
   7:Core/Src/os.c **** static void Os_Calc_Runtime_Stop(uint8 idx);
   8:Core/Src/os.c **** static void Os_1ms_Task(void);
   9:Core/Src/os.c **** static void Os_10ms_Task(void);
  10:Core/Src/os.c **** static void Os_100ms_Task(void);
  11:Core/Src/os.c **** static void Os_Background_Task(void);
  12:Core/Src/os.c **** 
  13:Core/Src/os.c **** void Os_Init_Task(void)
  14:Core/Src/os.c **** {
  15:Core/Src/os.c **** 	OLED_Init();
  16:Core/Src/os.c **** }
  17:Core/Src/os.c **** static void Os_1ms_Task(void)
  18:Core/Src/os.c **** {
  26              		.loc 1 18 1 view -0
  27              		.cfi_startproc
  28              		@ args = 0, pretend = 0, frame = 0
  29              		@ frame_needed = 0, uses_anonymous_args = 0
  30              		@ link register save eliminated.
  19:Core/Src/os.c **** 
  20:Core/Src/os.c **** }
  31              		.loc 1 20 1 view .LVU1
  32              		@ sp needed
  33 0000 7047     		bx	lr
  34              		.cfi_endproc
  35              	.LFE1:
  37              		.section	.text.Os_100ms_Task,"ax",%progbits
  38              		.align	1
  39              		.syntax unified
ARM GAS  C:\Users\jisu8\AppData\Local\Temp\ccTw41sf.s 			page 2


  40              		.code	16
  41              		.thumb_func
  43              	Os_100ms_Task:
  44              	.LFB3:
  21:Core/Src/os.c **** 
  22:Core/Src/os.c **** static void Os_10ms_Task(void)
  23:Core/Src/os.c **** {
  24:Core/Src/os.c **** 	Key_Scan();
  25:Core/Src/os.c **** 	OLED_Display();
  26:Core/Src/os.c **** 	Key_Input();
  27:Core/Src/os.c **** }
  28:Core/Src/os.c **** 
  29:Core/Src/os.c **** static void Os_100ms_Task(void)
  30:Core/Src/os.c **** {
  45              		.loc 1 30 1 view -0
  46              		.cfi_startproc
  47              		@ args = 0, pretend = 0, frame = 0
  48              		@ frame_needed = 0, uses_anonymous_args = 0
  49              		@ link register save eliminated.
  31:Core/Src/os.c **** 
  32:Core/Src/os.c **** }
  50              		.loc 1 32 1 view .LVU3
  51              		@ sp needed
  52 0000 7047     		bx	lr
  53              		.cfi_endproc
  54              	.LFE3:
  56              		.section	.text.Os_10ms_Task,"ax",%progbits
  57              		.align	1
  58              		.syntax unified
  59              		.code	16
  60              		.thumb_func
  62              	Os_10ms_Task:
  63              	.LFB2:
  23:Core/Src/os.c **** 	Key_Scan();
  64              		.loc 1 23 1 view -0
  65              		.cfi_startproc
  66              		@ args = 0, pretend = 0, frame = 0
  67              		@ frame_needed = 0, uses_anonymous_args = 0
  68 0000 10B5     		push	{r4, lr}
  69              	.LCFI0:
  70              		.cfi_def_cfa_offset 8
  71              		.cfi_offset 4, -8
  72              		.cfi_offset 14, -4
  24:Core/Src/os.c **** 	OLED_Display();
  73              		.loc 1 24 2 view .LVU5
  74 0002 FFF7FEFF 		bl	Key_Scan
  75              	.LVL0:
  25:Core/Src/os.c **** 	Key_Input();
  76              		.loc 1 25 2 view .LVU6
  77 0006 FFF7FEFF 		bl	OLED_Display
  78              	.LVL1:
  26:Core/Src/os.c **** }
  79              		.loc 1 26 2 view .LVU7
  80 000a FFF7FEFF 		bl	Key_Input
  81              	.LVL2:
  27:Core/Src/os.c **** 
  82              		.loc 1 27 1 is_stmt 0 view .LVU8
ARM GAS  C:\Users\jisu8\AppData\Local\Temp\ccTw41sf.s 			page 3


  83              		@ sp needed
  84 000e 10BD     		pop	{r4, pc}
  85              		.cfi_endproc
  86              	.LFE2:
  88              		.section	.text.Os_Init_Task,"ax",%progbits
  89              		.align	1
  90              		.global	Os_Init_Task
  91              		.syntax unified
  92              		.code	16
  93              		.thumb_func
  95              	Os_Init_Task:
  96              	.LFB0:
  14:Core/Src/os.c **** 	OLED_Init();
  97              		.loc 1 14 1 is_stmt 1 view -0
  98              		.cfi_startproc
  99              		@ args = 0, pretend = 0, frame = 0
 100              		@ frame_needed = 0, uses_anonymous_args = 0
 101 0000 10B5     		push	{r4, lr}
 102              	.LCFI1:
 103              		.cfi_def_cfa_offset 8
 104              		.cfi_offset 4, -8
 105              		.cfi_offset 14, -4
  15:Core/Src/os.c **** }
 106              		.loc 1 15 2 view .LVU10
 107 0002 FFF7FEFF 		bl	OLED_Init
 108              	.LVL3:
  16:Core/Src/os.c **** static void Os_1ms_Task(void)
 109              		.loc 1 16 1 is_stmt 0 view .LVU11
 110              		@ sp needed
 111 0006 10BD     		pop	{r4, pc}
 112              		.cfi_endproc
 113              	.LFE0:
 115              		.section	.text.Os_Time_Handler,"ax",%progbits
 116              		.align	1
 117              		.global	Os_Time_Handler
 118              		.syntax unified
 119              		.code	16
 120              		.thumb_func
 122              	Os_Time_Handler:
 123              	.LFB5:
  33:Core/Src/os.c **** 
  34:Core/Src/os.c **** static void Os_Background_Task(void)
  35:Core/Src/os.c **** {
  36:Core/Src/os.c **** 
  37:Core/Src/os.c **** }
  38:Core/Src/os.c **** 
  39:Core/Src/os.c **** void Os_Time_Handler(void)
  40:Core/Src/os.c **** {
 124              		.loc 1 40 1 is_stmt 1 view -0
 125              		.cfi_startproc
 126              		@ args = 0, pretend = 0, frame = 0
 127              		@ frame_needed = 0, uses_anonymous_args = 0
 128              		@ link register save eliminated.
  41:Core/Src/os.c **** 	Os_Var.Os_Counter.Os_100us_Counter++;
 129              		.loc 1 41 2 view .LVU13
 130              		.loc 1 41 19 is_stmt 0 view .LVU14
 131 0000 024A     		ldr	r2, .L6
ARM GAS  C:\Users\jisu8\AppData\Local\Temp\ccTw41sf.s 			page 4


 132              		.loc 1 41 36 view .LVU15
 133 0002 1368     		ldr	r3, [r2]
 134 0004 0133     		adds	r3, r3, #1
 135 0006 1360     		str	r3, [r2]
  42:Core/Src/os.c **** }
 136              		.loc 1 42 1 view .LVU16
 137              		@ sp needed
 138 0008 7047     		bx	lr
 139              	.L7:
 140 000a C046     		.align	2
 141              	.L6:
 142 000c 00000000 		.word	.LANCHOR0
 143              		.cfi_endproc
 144              	.LFE5:
 146              		.section	.text.Os_Get_Tick_100us,"ax",%progbits
 147              		.align	1
 148              		.global	Os_Get_Tick_100us
 149              		.syntax unified
 150              		.code	16
 151              		.thumb_func
 153              	Os_Get_Tick_100us:
 154              	.LFB9:
  43:Core/Src/os.c **** 
  44:Core/Src/os.c **** void Os_Handler(void)
  45:Core/Src/os.c **** {
  46:Core/Src/os.c **** 	void(*fp)(void);
  47:Core/Src/os.c ****     if(Os_Var.Os_Task_Flag.Os_100ms_Flag == 1)
  48:Core/Src/os.c **** 	{
  49:Core/Src/os.c **** 		fp = Os_100ms_Task;
  50:Core/Src/os.c **** 		Os_Var.Os_Task_Add.Os_100ms_Address = fp;
  51:Core/Src/os.c **** 		Os_Var.Os_Task_Flag.Os_100ms_Flag = 0;
  52:Core/Src/os.c **** 		Os_Calc_Runtime_Start(OS_TASK_INDEX_100MS);
  53:Core/Src/os.c **** 		(void)Os_100ms_Task();
  54:Core/Src/os.c **** 		Os_Calc_Runtime_Stop(OS_TASK_INDEX_100MS);
  55:Core/Src/os.c **** 		Os_Calc_Period(OS_TASK_INDEX_100MS);
  56:Core/Src/os.c **** 	}
  57:Core/Src/os.c **** 	else
  58:Core/Src/os.c **** 	{
  59:Core/Src/os.c **** 		Os_Calc_Runtime_Start(OS_TASK_INDEX_BG);
  60:Core/Src/os.c **** 		(void)Os_Background_Task();
  61:Core/Src/os.c **** 		Os_Calc_Runtime_Stop(OS_TASK_INDEX_BG);
  62:Core/Src/os.c **** 		Os_Calc_Period(OS_TASK_INDEX_BG);
  63:Core/Src/os.c **** 	}
  64:Core/Src/os.c **** 
  65:Core/Src/os.c ****     return;
  66:Core/Src/os.c **** }
  67:Core/Src/os.c **** 
  68:Core/Src/os.c **** void Os_Handler_1ms(void)
  69:Core/Src/os.c **** {
  70:Core/Src/os.c **** 	if(Os_Var.Os_Counter.Os_1ms_Counter % 1 == 0)
  71:Core/Src/os.c **** 	{
  72:Core/Src/os.c **** 		Os_Var.Os_Counter.Os_1ms_Counter++;
  73:Core/Src/os.c **** 		Os_Var.Os_Task_Flag.Os_1ms_Flag = 1;
  74:Core/Src/os.c **** 	}
  75:Core/Src/os.c **** 
  76:Core/Src/os.c **** 	if(Os_Var.Os_Counter.Os_1ms_Counter % 100 == 0)
  77:Core/Src/os.c **** 	{
ARM GAS  C:\Users\jisu8\AppData\Local\Temp\ccTw41sf.s 			page 5


  78:Core/Src/os.c **** 		Os_Var.Os_Counter.Os_100ms_Counter++;
  79:Core/Src/os.c **** 		Os_Var.Os_Task_Flag.Os_100ms_Flag = 1;
  80:Core/Src/os.c **** 	}
  81:Core/Src/os.c **** 	void(*fp)(void);
  82:Core/Src/os.c **** 	if(Os_Var.Os_Task_Flag.Os_1ms_Flag == 1)
  83:Core/Src/os.c **** 	{
  84:Core/Src/os.c **** 		fp = Os_1ms_Task;
  85:Core/Src/os.c **** 		Os_Var.Os_Task_Add.Os_1ms_Address = fp;
  86:Core/Src/os.c **** 		Os_Var.Os_Task_Flag.Os_1ms_Flag = 0;
  87:Core/Src/os.c **** 		Os_Calc_Runtime_Start(OS_TASK_INDEX_1MS);
  88:Core/Src/os.c **** 		(void)Os_1ms_Task();
  89:Core/Src/os.c **** 		Os_Calc_Runtime_Stop(OS_TASK_INDEX_1MS);
  90:Core/Src/os.c **** 		Os_Calc_Period(OS_TASK_INDEX_1MS);
  91:Core/Src/os.c **** 	}
  92:Core/Src/os.c **** }
  93:Core/Src/os.c **** 
  94:Core/Src/os.c **** void Os_Handler_10ms(void)
  95:Core/Src/os.c **** {
  96:Core/Src/os.c **** 	Os_Var.Os_Counter.Os_10ms_Counter++;
  97:Core/Src/os.c **** 	Os_Var.Os_Task_Flag.Os_10ms_Flag = 1;
  98:Core/Src/os.c **** 	void(*fp)(void);
  99:Core/Src/os.c **** 	if(Os_Var.Os_Task_Flag.Os_10ms_Flag == 1)
 100:Core/Src/os.c **** 	{
 101:Core/Src/os.c **** 		fp = Os_10ms_Task;
 102:Core/Src/os.c **** 		Os_Var.Os_Task_Add.Os_10ms_Address = fp;
 103:Core/Src/os.c **** 		Os_Var.Os_Task_Flag.Os_10ms_Flag = 0;
 104:Core/Src/os.c **** 		Os_Calc_Runtime_Start(OS_TASK_INDEX_10MS);
 105:Core/Src/os.c **** 		(void)Os_10ms_Task();
 106:Core/Src/os.c **** 		Os_Calc_Runtime_Stop(OS_TASK_INDEX_10MS);
 107:Core/Src/os.c **** 		Os_Calc_Period(OS_TASK_INDEX_10MS);
 108:Core/Src/os.c **** 	}
 109:Core/Src/os.c **** }
 110:Core/Src/os.c **** 
 111:Core/Src/os.c **** uint32 Os_Get_Tick_100us(void)
 112:Core/Src/os.c **** {
 155              		.loc 1 112 1 is_stmt 1 view -0
 156              		.cfi_startproc
 157              		@ args = 0, pretend = 0, frame = 0
 158              		@ frame_needed = 0, uses_anonymous_args = 0
 159              		@ link register save eliminated.
 113:Core/Src/os.c **** 	return Os_Var.Os_Counter.Os_100us_Counter;
 160              		.loc 1 113 2 view .LVU18
 161              		.loc 1 113 26 is_stmt 0 view .LVU19
 162 0000 014B     		ldr	r3, .L9
 163 0002 1868     		ldr	r0, [r3]
 114:Core/Src/os.c **** }
 164              		.loc 1 114 1 view .LVU20
 165              		@ sp needed
 166 0004 7047     		bx	lr
 167              	.L10:
 168 0006 C046     		.align	2
 169              	.L9:
 170 0008 00000000 		.word	.LANCHOR0
 171              		.cfi_endproc
 172              	.LFE9:
 174              		.section	.text.Os_Calc_Runtime_Start,"ax",%progbits
 175              		.align	1
ARM GAS  C:\Users\jisu8\AppData\Local\Temp\ccTw41sf.s 			page 6


 176              		.syntax unified
 177              		.code	16
 178              		.thumb_func
 180              	Os_Calc_Runtime_Start:
 181              	.LVL4:
 182              	.LFB11:
 115:Core/Src/os.c **** 
 116:Core/Src/os.c **** static void Os_Calc_Period(uint8 idx)
 117:Core/Src/os.c **** {
 118:Core/Src/os.c **** 	uint32 OS_TimeLoc=0;
 119:Core/Src/os.c **** 	uint32 OS_TimeOldLoc=0;
 120:Core/Src/os.c **** 	uint32 Os_TimeDiffLoc=0;
 121:Core/Src/os.c **** 
 122:Core/Src/os.c **** 	OS_TimeLoc = Os_Get_Tick_100us();
 123:Core/Src/os.c **** 
 124:Core/Src/os.c **** 	switch(idx)
 125:Core/Src/os.c **** 	{
 126:Core/Src/os.c **** 		case OS_TASK_INDEX_1MS : 
 127:Core/Src/os.c **** 			OS_TimeOldLoc = Os_Var.Os_Tick_Period.Os_1ms_Tick_Period;
 128:Core/Src/os.c **** 		break;
 129:Core/Src/os.c **** 		case OS_TASK_INDEX_10MS : 
 130:Core/Src/os.c **** 			OS_TimeOldLoc = Os_Var.Os_Tick_Period.Os_10ms_Tick_Period;
 131:Core/Src/os.c **** 		break;
 132:Core/Src/os.c **** 		case OS_TASK_INDEX_100MS : 
 133:Core/Src/os.c **** 			OS_TimeOldLoc = Os_Var.Os_Tick_Period.Os_100ms_Tick_Period;
 134:Core/Src/os.c **** 		break;
 135:Core/Src/os.c **** 	}
 136:Core/Src/os.c **** 
 137:Core/Src/os.c **** 	Os_TimeDiffLoc = OS_TimeLoc - OS_TimeOldLoc;
 138:Core/Src/os.c **** 	OS_TimeOldLoc = OS_TimeLoc;
 139:Core/Src/os.c **** 	
 140:Core/Src/os.c **** 	switch(idx)
 141:Core/Src/os.c **** 	{
 142:Core/Src/os.c **** 		case OS_TASK_INDEX_1MS : 
 143:Core/Src/os.c **** 			Os_Var.Os_Period.Os_1ms_Period = Os_TimeDiffLoc;
 144:Core/Src/os.c **** 			Os_Var.Os_Tick_Period.Os_1ms_Tick_Period = OS_TimeOldLoc;
 145:Core/Src/os.c **** 		break;
 146:Core/Src/os.c **** 		case OS_TASK_INDEX_10MS : 
 147:Core/Src/os.c **** 			Os_Var.Os_Period.Os_10ms_Period = Os_TimeDiffLoc;
 148:Core/Src/os.c **** 			Os_Var.Os_Tick_Period.Os_10ms_Tick_Period = OS_TimeOldLoc;
 149:Core/Src/os.c **** 		break;
 150:Core/Src/os.c **** 		case OS_TASK_INDEX_100MS : 
 151:Core/Src/os.c **** 			Os_Var.Os_Period.Os_100ms_Period = Os_TimeDiffLoc;
 152:Core/Src/os.c **** 			Os_Var.Os_Tick_Period.Os_100ms_Tick_Period = OS_TimeOldLoc;
 153:Core/Src/os.c **** 		break;
 154:Core/Src/os.c **** 	}
 155:Core/Src/os.c **** 	
 156:Core/Src/os.c **** 	return;
 157:Core/Src/os.c **** }
 158:Core/Src/os.c **** 
 159:Core/Src/os.c **** static void Os_Calc_Runtime_Start(uint8 idx)
 160:Core/Src/os.c **** {
 183              		.loc 1 160 1 is_stmt 1 view -0
 184              		.cfi_startproc
 185              		@ args = 0, pretend = 0, frame = 0
 186              		@ frame_needed = 0, uses_anonymous_args = 0
 187              		.loc 1 160 1 is_stmt 0 view .LVU22
ARM GAS  C:\Users\jisu8\AppData\Local\Temp\ccTw41sf.s 			page 7


 188 0000 10B5     		push	{r4, lr}
 189              	.LCFI2:
 190              		.cfi_def_cfa_offset 8
 191              		.cfi_offset 4, -8
 192              		.cfi_offset 14, -4
 193 0002 0400     		movs	r4, r0
 161:Core/Src/os.c **** 	uint32 OS_TimeLoc=0;
 194              		.loc 1 161 2 is_stmt 1 view .LVU23
 195              	.LVL5:
 162:Core/Src/os.c **** 
 163:Core/Src/os.c **** 	OS_TimeLoc = Os_Get_Tick_100us();
 196              		.loc 1 163 2 view .LVU24
 197              		.loc 1 163 15 is_stmt 0 view .LVU25
 198 0004 FFF7FEFF 		bl	Os_Get_Tick_100us
 199              	.LVL6:
 164:Core/Src/os.c **** 
 165:Core/Src/os.c **** 	switch(idx)
 200              		.loc 1 165 2 is_stmt 1 view .LVU26
 201 0008 022C     		cmp	r4, #2
 202 000a 07D0     		beq	.L12
 203 000c 032C     		cmp	r4, #3
 204 000e 08D0     		beq	.L13
 205 0010 012C     		cmp	r4, #1
 206 0012 00D0     		beq	.L15
 207              	.L11:
 166:Core/Src/os.c **** 	{
 167:Core/Src/os.c **** 		case OS_TASK_INDEX_1MS : 
 168:Core/Src/os.c **** 			Os_Var.Os_Tick_Runtime.Os_1ms_Tick_Runtime_Start = OS_TimeLoc;
 169:Core/Src/os.c **** 		break;
 170:Core/Src/os.c **** 		case OS_TASK_INDEX_10MS : 
 171:Core/Src/os.c **** 			Os_Var.Os_Tick_Runtime.Os_10ms_Tick_Runtime_Start = OS_TimeLoc;
 172:Core/Src/os.c **** 		break;
 173:Core/Src/os.c **** 		case OS_TASK_INDEX_100MS : 
 174:Core/Src/os.c **** 			Os_Var.Os_Tick_Runtime.Os_100ms_Tick_Runtime_Start = OS_TimeLoc;
 175:Core/Src/os.c **** 		break;
 176:Core/Src/os.c **** 	}
 177:Core/Src/os.c **** 
 178:Core/Src/os.c **** 	return;
 179:Core/Src/os.c **** }
 208              		.loc 1 179 1 is_stmt 0 view .LVU27
 209              		@ sp needed
 210 0014 10BD     		pop	{r4, pc}
 211              	.L15:
 168:Core/Src/os.c **** 		break;
 212              		.loc 1 168 4 is_stmt 1 view .LVU28
 168:Core/Src/os.c **** 		break;
 213              		.loc 1 168 53 is_stmt 0 view .LVU29
 214 0016 044B     		ldr	r3, .L16
 215 0018 1861     		str	r0, [r3, #16]
 169:Core/Src/os.c **** 		case OS_TASK_INDEX_10MS : 
 216              		.loc 1 169 3 is_stmt 1 view .LVU30
 217 001a FBE7     		b	.L11
 218              	.L12:
 171:Core/Src/os.c **** 		break;
 219              		.loc 1 171 4 view .LVU31
 171:Core/Src/os.c **** 		break;
 220              		.loc 1 171 54 is_stmt 0 view .LVU32
ARM GAS  C:\Users\jisu8\AppData\Local\Temp\ccTw41sf.s 			page 8


 221 001c 024B     		ldr	r3, .L16
 222 001e 9861     		str	r0, [r3, #24]
 172:Core/Src/os.c **** 		case OS_TASK_INDEX_100MS : 
 223              		.loc 1 172 3 is_stmt 1 view .LVU33
 224 0020 F8E7     		b	.L11
 225              	.L13:
 174:Core/Src/os.c **** 		break;
 226              		.loc 1 174 4 view .LVU34
 174:Core/Src/os.c **** 		break;
 227              		.loc 1 174 55 is_stmt 0 view .LVU35
 228 0022 014B     		ldr	r3, .L16
 229 0024 1862     		str	r0, [r3, #32]
 175:Core/Src/os.c **** 	}
 230              		.loc 1 175 3 is_stmt 1 view .LVU36
 178:Core/Src/os.c **** }
 231              		.loc 1 178 2 view .LVU37
 232 0026 F5E7     		b	.L11
 233              	.L17:
 234              		.align	2
 235              	.L16:
 236 0028 00000000 		.word	.LANCHOR0
 237              		.cfi_endproc
 238              	.LFE11:
 240              		.section	.text.Os_Calc_Runtime_Stop,"ax",%progbits
 241              		.align	1
 242              		.syntax unified
 243              		.code	16
 244              		.thumb_func
 246              	Os_Calc_Runtime_Stop:
 247              	.LVL7:
 248              	.LFB12:
 180:Core/Src/os.c **** 
 181:Core/Src/os.c **** static void Os_Calc_Runtime_Stop(uint8 idx)
 182:Core/Src/os.c **** {
 249              		.loc 1 182 1 view -0
 250              		.cfi_startproc
 251              		@ args = 0, pretend = 0, frame = 0
 252              		@ frame_needed = 0, uses_anonymous_args = 0
 253              		.loc 1 182 1 is_stmt 0 view .LVU39
 254 0000 10B5     		push	{r4, lr}
 255              	.LCFI3:
 256              		.cfi_def_cfa_offset 8
 257              		.cfi_offset 4, -8
 258              		.cfi_offset 14, -4
 259 0002 0400     		movs	r4, r0
 183:Core/Src/os.c **** 	uint32 OS_TimeLoc=0;
 260              		.loc 1 183 2 is_stmt 1 view .LVU40
 261              	.LVL8:
 184:Core/Src/os.c **** 	uint32 OS_TimeOldLoc=0;
 262              		.loc 1 184 2 view .LVU41
 185:Core/Src/os.c **** 	uint32 Os_TimeDiffLoc=0;
 263              		.loc 1 185 2 view .LVU42
 186:Core/Src/os.c **** 
 187:Core/Src/os.c **** 	OS_TimeLoc = Os_Get_Tick_100us();
 264              		.loc 1 187 2 view .LVU43
 265              		.loc 1 187 15 is_stmt 0 view .LVU44
 266 0004 FFF7FEFF 		bl	Os_Get_Tick_100us
ARM GAS  C:\Users\jisu8\AppData\Local\Temp\ccTw41sf.s 			page 9


 267              	.LVL9:
 188:Core/Src/os.c **** 
 189:Core/Src/os.c **** 	switch(idx)
 268              		.loc 1 189 2 is_stmt 1 view .LVU45
 269 0008 022C     		cmp	r4, #2
 270 000a 0FD0     		beq	.L19
 271 000c 032C     		cmp	r4, #3
 272 000e 10D0     		beq	.L20
 273 0010 012C     		cmp	r4, #1
 274 0012 08D0     		beq	.L26
 275 0014 0023     		movs	r3, #0
 276              	.LVL10:
 277              	.L21:
 190:Core/Src/os.c **** 	{
 191:Core/Src/os.c **** 		case OS_TASK_INDEX_1MS : 
 192:Core/Src/os.c **** 			OS_TimeOldLoc = Os_Var.Os_Tick_Runtime.Os_1ms_Tick_Runtime_Start;
 193:Core/Src/os.c **** 		break;
 194:Core/Src/os.c **** 		case OS_TASK_INDEX_10MS : 
 195:Core/Src/os.c **** 			OS_TimeOldLoc = Os_Var.Os_Tick_Runtime.Os_10ms_Tick_Runtime_Start;
 196:Core/Src/os.c **** 		break;
 197:Core/Src/os.c **** 		case OS_TASK_INDEX_100MS : 
 198:Core/Src/os.c **** 			OS_TimeOldLoc = Os_Var.Os_Tick_Runtime.Os_100ms_Tick_Runtime_Start;
 199:Core/Src/os.c **** 		break;
 200:Core/Src/os.c **** 	}
 201:Core/Src/os.c **** 
 202:Core/Src/os.c **** 	Os_TimeDiffLoc = OS_TimeLoc - OS_TimeOldLoc;
 278              		.loc 1 202 2 view .LVU46
 279              		.loc 1 202 17 is_stmt 0 view .LVU47
 280 0016 C31A     		subs	r3, r0, r3
 281              	.LVL11:
 203:Core/Src/os.c **** 
 204:Core/Src/os.c **** 	switch(idx)
 282              		.loc 1 204 2 is_stmt 1 view .LVU48
 283 0018 022C     		cmp	r4, #2
 284 001a 11D0     		beq	.L22
 285 001c 032C     		cmp	r4, #3
 286 001e 13D0     		beq	.L23
 287 0020 012C     		cmp	r4, #1
 288 0022 09D0     		beq	.L27
 289              	.L18:
 205:Core/Src/os.c **** 	{
 206:Core/Src/os.c **** 		case OS_TASK_INDEX_1MS : 
 207:Core/Src/os.c **** 			Os_Var.Os_Runtime.Os_1ms_Runtime = Os_TimeDiffLoc;
 208:Core/Src/os.c **** 			Os_Var.Os_Tick_Runtime.Os_1ms_Tick_Runtime_Stop = OS_TimeLoc;
 209:Core/Src/os.c **** 		break;
 210:Core/Src/os.c **** 		case OS_TASK_INDEX_10MS : 
 211:Core/Src/os.c **** 			Os_Var.Os_Runtime.Os_10ms_Runtime = Os_TimeDiffLoc;
 212:Core/Src/os.c **** 			Os_Var.Os_Tick_Runtime.Os_10ms_Tick_Runtime_Stop = OS_TimeLoc;
 213:Core/Src/os.c **** 		break;
 214:Core/Src/os.c **** 		case OS_TASK_INDEX_100MS : 
 215:Core/Src/os.c **** 			Os_Var.Os_Runtime.Os_100ms_Runtime = Os_TimeDiffLoc;
 216:Core/Src/os.c **** 			Os_Var.Os_Tick_Runtime.Os_100ms_Tick_Runtime_Stop = OS_TimeLoc;
 217:Core/Src/os.c **** 		break;
 218:Core/Src/os.c **** 	}
 219:Core/Src/os.c **** 
 220:Core/Src/os.c **** 	return;
 221:Core/Src/os.c **** }...
ARM GAS  C:\Users\jisu8\AppData\Local\Temp\ccTw41sf.s 			page 10


 290              		.loc 1 221 1 is_stmt 0 view .LVU49
 291              		@ sp needed
 292 0024 10BD     		pop	{r4, pc}
 293              	.LVL12:
 294              	.L26:
 192:Core/Src/os.c **** 			OS_TimeOldLoc = Os_Var.Os_Tick_Runtime.Os_1ms_Tick_Runtime_Start;
 295              		.loc 1 192 4 is_stmt 1 view .LVU50
 192:Core/Src/os.c **** 			OS_TimeOldLoc = Os_Var.Os_Tick_Runtime.Os_1ms_Tick_Runtime_Start;
 296              		.loc 1 192 18 is_stmt 0 view .LVU51
 297 0026 0A4B     		ldr	r3, .L28
 298 0028 1B69     		ldr	r3, [r3, #16]
 299              	.LVL13:
 193:Core/Src/os.c **** 		break;
 300              		.loc 1 193 3 is_stmt 1 view .LVU52
 301 002a F4E7     		b	.L21
 302              	.LVL14:
 303              	.L19:
 195:Core/Src/os.c **** 			OS_TimeOldLoc = Os_Var.Os_Tick_Runtime.Os_10ms_Tick_Runtime_Start;
 304              		.loc 1 195 4 view .LVU53
 195:Core/Src/os.c **** 			OS_TimeOldLoc = Os_Var.Os_Tick_Runtime.Os_10ms_Tick_Runtime_Start;
 305              		.loc 1 195 18 is_stmt 0 view .LVU54
 306 002c 084B     		ldr	r3, .L28
 307 002e 9B69     		ldr	r3, [r3, #24]
 308              	.LVL15:
 196:Core/Src/os.c **** 		break;
 309              		.loc 1 196 3 is_stmt 1 view .LVU55
 310 0030 F1E7     		b	.L21
 311              	.LVL16:
 312              	.L20:
 198:Core/Src/os.c **** 			OS_TimeOldLoc = Os_Var.Os_Tick_Runtime.Os_100ms_Tick_Runtime_Start;
 313              		.loc 1 198 4 view .LVU56
 198:Core/Src/os.c **** 			OS_TimeOldLoc = Os_Var.Os_Tick_Runtime.Os_100ms_Tick_Runtime_Start;
 314              		.loc 1 198 18 is_stmt 0 view .LVU57
 315 0032 074B     		ldr	r3, .L28
 316 0034 1B6A     		ldr	r3, [r3, #32]
 317              	.LVL17:
 199:Core/Src/os.c **** 		break;
 318              		.loc 1 199 3 is_stmt 1 view .LVU58
 319 0036 EEE7     		b	.L21
 320              	.LVL18:
 321              	.L27:
 207:Core/Src/os.c **** 			Os_Var.Os_Runtime.Os_1ms_Runtime = Os_TimeDiffLoc;
 322              		.loc 1 207 4 view .LVU59
 207:Core/Src/os.c **** 			Os_Var.Os_Runtime.Os_1ms_Runtime = Os_TimeDiffLoc;
 323              		.loc 1 207 37 is_stmt 0 view .LVU60
 324 0038 054A     		ldr	r2, .L28
 325 003a 5363     		str	r3, [r2, #52]
 208:Core/Src/os.c **** 			Os_Var.Os_Tick_Runtime.Os_1ms_Tick_Runtime_Stop = OS_TimeLoc;
 326              		.loc 1 208 4 is_stmt 1 view .LVU61
 208:Core/Src/os.c **** 			Os_Var.Os_Tick_Runtime.Os_1ms_Tick_Runtime_Stop = OS_TimeLoc;
 327              		.loc 1 208 52 is_stmt 0 view .LVU62
 328 003c 5061     		str	r0, [r2, #20]
 209:Core/Src/os.c **** 		break;
 329              		.loc 1 209 3 is_stmt 1 view .LVU63
 330 003e F1E7     		b	.L18
 331              	.L22:
 211:Core/Src/os.c **** 			Os_Var.Os_Runtime.Os_10ms_Runtime = Os_TimeDiffLoc;
ARM GAS  C:\Users\jisu8\AppData\Local\Temp\ccTw41sf.s 			page 11


 332              		.loc 1 211 4 view .LVU64
 211:Core/Src/os.c **** 			Os_Var.Os_Runtime.Os_10ms_Runtime = Os_TimeDiffLoc;
 333              		.loc 1 211 38 is_stmt 0 view .LVU65
 334 0040 034A     		ldr	r2, .L28
 335 0042 9363     		str	r3, [r2, #56]
 212:Core/Src/os.c **** 			Os_Var.Os_Tick_Runtime.Os_10ms_Tick_Runtime_Stop = OS_TimeLoc;
 336              		.loc 1 212 4 is_stmt 1 view .LVU66
 212:Core/Src/os.c **** 			Os_Var.Os_Tick_Runtime.Os_10ms_Tick_Runtime_Stop = OS_TimeLoc;
 337              		.loc 1 212 53 is_stmt 0 view .LVU67
 338 0044 D061     		str	r0, [r2, #28]
 213:Core/Src/os.c **** 		break;
 339              		.loc 1 213 3 is_stmt 1 view .LVU68
 340 0046 EDE7     		b	.L18
 341              	.L23:
 215:Core/Src/os.c **** 			Os_Var.Os_Runtime.Os_100ms_Runtime = Os_TimeDiffLoc;
 342              		.loc 1 215 4 view .LVU69
 215:Core/Src/os.c **** 			Os_Var.Os_Runtime.Os_100ms_Runtime = Os_TimeDiffLoc;
 343              		.loc 1 215 39 is_stmt 0 view .LVU70
 344 0048 014A     		ldr	r2, .L28
 345 004a D363     		str	r3, [r2, #60]
 216:Core/Src/os.c **** 			Os_Var.Os_Tick_Runtime.Os_100ms_Tick_Runtime_Stop = OS_TimeLoc;
 346              		.loc 1 216 4 is_stmt 1 view .LVU71
 216:Core/Src/os.c **** 			Os_Var.Os_Tick_Runtime.Os_100ms_Tick_Runtime_Stop = OS_TimeLoc;
 347              		.loc 1 216 54 is_stmt 0 view .LVU72
 348 004c 5062     		str	r0, [r2, #36]
 217:Core/Src/os.c **** 		break;
 349              		.loc 1 217 3 is_stmt 1 view .LVU73
 220:Core/Src/os.c **** 	return;
 350              		.loc 1 220 2 view .LVU74
 351 004e E9E7     		b	.L18
 352              	.L29:
 353              		.align	2
 354              	.L28:
 355 0050 00000000 		.word	.LANCHOR0
 356              		.cfi_endproc
 357              	.LFE12:
 359              		.section	.text.Os_Calc_Period,"ax",%progbits
 360              		.align	1
 361              		.syntax unified
 362              		.code	16
 363              		.thumb_func
 365              	Os_Calc_Period:
 366              	.LVL19:
 367              	.LFB10:
 117:Core/Src/os.c **** {
 368              		.loc 1 117 1 view -0
 369              		.cfi_startproc
 370              		@ args = 0, pretend = 0, frame = 0
 371              		@ frame_needed = 0, uses_anonymous_args = 0
 117:Core/Src/os.c **** {
 372              		.loc 1 117 1 is_stmt 0 view .LVU76
 373 0000 10B5     		push	{r4, lr}
 374              	.LCFI4:
 375              		.cfi_def_cfa_offset 8
 376              		.cfi_offset 4, -8
 377              		.cfi_offset 14, -4
 378 0002 0400     		movs	r4, r0
ARM GAS  C:\Users\jisu8\AppData\Local\Temp\ccTw41sf.s 			page 12


 118:Core/Src/os.c **** 	uint32 OS_TimeLoc=0;
 379              		.loc 1 118 2 is_stmt 1 view .LVU77
 380              	.LVL20:
 119:Core/Src/os.c **** 	uint32 OS_TimeOldLoc=0;
 381              		.loc 1 119 2 view .LVU78
 120:Core/Src/os.c **** 	uint32 Os_TimeDiffLoc=0;
 382              		.loc 1 120 2 view .LVU79
 122:Core/Src/os.c **** 	OS_TimeLoc = Os_Get_Tick_100us();
 383              		.loc 1 122 2 view .LVU80
 122:Core/Src/os.c **** 	OS_TimeLoc = Os_Get_Tick_100us();
 384              		.loc 1 122 15 is_stmt 0 view .LVU81
 385 0004 FFF7FEFF 		bl	Os_Get_Tick_100us
 386              	.LVL21:
 124:Core/Src/os.c **** 	switch(idx)
 387              		.loc 1 124 2 is_stmt 1 view .LVU82
 388 0008 022C     		cmp	r4, #2
 389 000a 0FD0     		beq	.L31
 390 000c 032C     		cmp	r4, #3
 391 000e 10D0     		beq	.L32
 392 0010 012C     		cmp	r4, #1
 393 0012 08D0     		beq	.L38
 394 0014 0023     		movs	r3, #0
 395              	.LVL22:
 396              	.L33:
 137:Core/Src/os.c **** 	Os_TimeDiffLoc = OS_TimeLoc - OS_TimeOldLoc;
 397              		.loc 1 137 2 view .LVU83
 137:Core/Src/os.c **** 	Os_TimeDiffLoc = OS_TimeLoc - OS_TimeOldLoc;
 398              		.loc 1 137 17 is_stmt 0 view .LVU84
 399 0016 C31A     		subs	r3, r0, r3
 400              	.LVL23:
 138:Core/Src/os.c **** 	OS_TimeOldLoc = OS_TimeLoc;
 401              		.loc 1 138 2 is_stmt 1 view .LVU85
 140:Core/Src/os.c **** 	switch(idx)
 402              		.loc 1 140 2 view .LVU86
 403 0018 022C     		cmp	r4, #2
 404 001a 11D0     		beq	.L34
 405 001c 032C     		cmp	r4, #3
 406 001e 13D0     		beq	.L35
 407 0020 012C     		cmp	r4, #1
 408 0022 09D0     		beq	.L39
 409              	.L30:
 157:Core/Src/os.c **** }
 410              		.loc 1 157 1 is_stmt 0 view .LVU87
 411              		@ sp needed
 412 0024 10BD     		pop	{r4, pc}
 413              	.LVL24:
 414              	.L38:
 127:Core/Src/os.c **** 			OS_TimeOldLoc = Os_Var.Os_Tick_Period.Os_1ms_Tick_Period;
 415              		.loc 1 127 4 is_stmt 1 view .LVU88
 127:Core/Src/os.c **** 			OS_TimeOldLoc = Os_Var.Os_Tick_Period.Os_1ms_Tick_Period;
 416              		.loc 1 127 18 is_stmt 0 view .LVU89
 417 0026 0A4B     		ldr	r3, .L40
 418 0028 9B6A     		ldr	r3, [r3, #40]
 419              	.LVL25:
 128:Core/Src/os.c **** 		break;
 420              		.loc 1 128 3 is_stmt 1 view .LVU90
 421 002a F4E7     		b	.L33
ARM GAS  C:\Users\jisu8\AppData\Local\Temp\ccTw41sf.s 			page 13


 422              	.LVL26:
 423              	.L31:
 130:Core/Src/os.c **** 			OS_TimeOldLoc = Os_Var.Os_Tick_Period.Os_10ms_Tick_Period;
 424              		.loc 1 130 4 view .LVU91
 130:Core/Src/os.c **** 			OS_TimeOldLoc = Os_Var.Os_Tick_Period.Os_10ms_Tick_Period;
 425              		.loc 1 130 18 is_stmt 0 view .LVU92
 426 002c 084B     		ldr	r3, .L40
 427 002e DB6A     		ldr	r3, [r3, #44]
 428              	.LVL27:
 131:Core/Src/os.c **** 		break;
 429              		.loc 1 131 3 is_stmt 1 view .LVU93
 430 0030 F1E7     		b	.L33
 431              	.LVL28:
 432              	.L32:
 133:Core/Src/os.c **** 			OS_TimeOldLoc = Os_Var.Os_Tick_Period.Os_100ms_Tick_Period;
 433              		.loc 1 133 4 view .LVU94
 133:Core/Src/os.c **** 			OS_TimeOldLoc = Os_Var.Os_Tick_Period.Os_100ms_Tick_Period;
 434              		.loc 1 133 18 is_stmt 0 view .LVU95
 435 0032 074B     		ldr	r3, .L40
 436 0034 1B6B     		ldr	r3, [r3, #48]
 437              	.LVL29:
 134:Core/Src/os.c **** 		break;
 438              		.loc 1 134 3 is_stmt 1 view .LVU96
 439 0036 EEE7     		b	.L33
 440              	.LVL30:
 441              	.L39:
 143:Core/Src/os.c **** 			Os_Var.Os_Period.Os_1ms_Period = Os_TimeDiffLoc;
 442              		.loc 1 143 4 view .LVU97
 143:Core/Src/os.c **** 			Os_Var.Os_Period.Os_1ms_Period = Os_TimeDiffLoc;
 443              		.loc 1 143 35 is_stmt 0 view .LVU98
 444 0038 054A     		ldr	r2, .L40
 445 003a 1364     		str	r3, [r2, #64]
 144:Core/Src/os.c **** 			Os_Var.Os_Tick_Period.Os_1ms_Tick_Period = OS_TimeOldLoc;
 446              		.loc 1 144 4 is_stmt 1 view .LVU99
 144:Core/Src/os.c **** 			Os_Var.Os_Tick_Period.Os_1ms_Tick_Period = OS_TimeOldLoc;
 447              		.loc 1 144 45 is_stmt 0 view .LVU100
 448 003c 9062     		str	r0, [r2, #40]
 145:Core/Src/os.c **** 		break;
 449              		.loc 1 145 3 is_stmt 1 view .LVU101
 450 003e F1E7     		b	.L30
 451              	.L34:
 147:Core/Src/os.c **** 			Os_Var.Os_Period.Os_10ms_Period = Os_TimeDiffLoc;
 452              		.loc 1 147 4 view .LVU102
 147:Core/Src/os.c **** 			Os_Var.Os_Period.Os_10ms_Period = Os_TimeDiffLoc;
 453              		.loc 1 147 36 is_stmt 0 view .LVU103
 454 0040 034A     		ldr	r2, .L40
 455 0042 5364     		str	r3, [r2, #68]
 148:Core/Src/os.c **** 			Os_Var.Os_Tick_Period.Os_10ms_Tick_Period = OS_TimeOldLoc;
 456              		.loc 1 148 4 is_stmt 1 view .LVU104
 148:Core/Src/os.c **** 			Os_Var.Os_Tick_Period.Os_10ms_Tick_Period = OS_TimeOldLoc;
 457              		.loc 1 148 46 is_stmt 0 view .LVU105
 458 0044 D062     		str	r0, [r2, #44]
 149:Core/Src/os.c **** 		break;
 459              		.loc 1 149 3 is_stmt 1 view .LVU106
 460 0046 EDE7     		b	.L30
 461              	.L35:
 151:Core/Src/os.c **** 			Os_Var.Os_Period.Os_100ms_Period = Os_TimeDiffLoc;
ARM GAS  C:\Users\jisu8\AppData\Local\Temp\ccTw41sf.s 			page 14


 462              		.loc 1 151 4 view .LVU107
 151:Core/Src/os.c **** 			Os_Var.Os_Period.Os_100ms_Period = Os_TimeDiffLoc;
 463              		.loc 1 151 37 is_stmt 0 view .LVU108
 464 0048 014A     		ldr	r2, .L40
 465 004a 9364     		str	r3, [r2, #72]
 152:Core/Src/os.c **** 			Os_Var.Os_Tick_Period.Os_100ms_Tick_Period = OS_TimeOldLoc;
 466              		.loc 1 152 4 is_stmt 1 view .LVU109
 152:Core/Src/os.c **** 			Os_Var.Os_Tick_Period.Os_100ms_Tick_Period = OS_TimeOldLoc;
 467              		.loc 1 152 47 is_stmt 0 view .LVU110
 468 004c 1063     		str	r0, [r2, #48]
 153:Core/Src/os.c **** 		break;
 469              		.loc 1 153 3 is_stmt 1 view .LVU111
 156:Core/Src/os.c **** 	return;
 470              		.loc 1 156 2 view .LVU112
 471 004e E9E7     		b	.L30
 472              	.L41:
 473              		.align	2
 474              	.L40:
 475 0050 00000000 		.word	.LANCHOR0
 476              		.cfi_endproc
 477              	.LFE10:
 479              		.section	.text.Os_Handler,"ax",%progbits
 480              		.align	1
 481              		.global	Os_Handler
 482              		.syntax unified
 483              		.code	16
 484              		.thumb_func
 486              	Os_Handler:
 487              	.LFB6:
  45:Core/Src/os.c **** {
 488              		.loc 1 45 1 view -0
 489              		.cfi_startproc
 490              		@ args = 0, pretend = 0, frame = 0
 491              		@ frame_needed = 0, uses_anonymous_args = 0
 492 0000 10B5     		push	{r4, lr}
 493              	.LCFI5:
 494              		.cfi_def_cfa_offset 8
 495              		.cfi_offset 4, -8
 496              		.cfi_offset 14, -4
  46:Core/Src/os.c **** 	void(*fp)(void);
 497              		.loc 1 46 2 view .LVU114
  47:Core/Src/os.c ****     if(Os_Var.Os_Task_Flag.Os_100ms_Flag == 1)
 498              		.loc 1 47 5 view .LVU115
  47:Core/Src/os.c ****     if(Os_Var.Os_Task_Flag.Os_100ms_Flag == 1)
 499              		.loc 1 47 27 is_stmt 0 view .LVU116
 500 0002 0F4A     		ldr	r2, .L46
 501 0004 5623     		movs	r3, #86
 502 0006 D35C     		ldrb	r3, [r2, r3]
  47:Core/Src/os.c ****     if(Os_Var.Os_Task_Flag.Os_100ms_Flag == 1)
 503              		.loc 1 47 7 view .LVU117
 504 0008 012B     		cmp	r3, #1
 505 000a 09D0     		beq	.L45
  59:Core/Src/os.c **** 		Os_Calc_Runtime_Start(OS_TASK_INDEX_BG);
 506              		.loc 1 59 3 is_stmt 1 view .LVU118
 507 000c 0420     		movs	r0, #4
 508 000e FFF7FEFF 		bl	Os_Calc_Runtime_Start
 509              	.LVL31:
ARM GAS  C:\Users\jisu8\AppData\Local\Temp\ccTw41sf.s 			page 15


  60:Core/Src/os.c **** 		(void)Os_Background_Task();
 510              		.loc 1 60 3 view .LVU119
  61:Core/Src/os.c **** 		Os_Calc_Runtime_Stop(OS_TASK_INDEX_BG);
 511              		.loc 1 61 3 view .LVU120
 512 0012 0420     		movs	r0, #4
 513 0014 FFF7FEFF 		bl	Os_Calc_Runtime_Stop
 514              	.LVL32:
  62:Core/Src/os.c **** 		Os_Calc_Period(OS_TASK_INDEX_BG);
 515              		.loc 1 62 3 view .LVU121
 516 0018 0420     		movs	r0, #4
 517 001a FFF7FEFF 		bl	Os_Calc_Period
 518              	.LVL33:
  65:Core/Src/os.c ****     return;
 519              		.loc 1 65 5 view .LVU122
 520              	.L42:
  66:Core/Src/os.c **** }
 521              		.loc 1 66 1 is_stmt 0 view .LVU123
 522              		@ sp needed
 523 001e 10BD     		pop	{r4, pc}
 524              	.L45:
  49:Core/Src/os.c **** 		fp = Os_100ms_Task;
 525              		.loc 1 49 3 is_stmt 1 view .LVU124
  50:Core/Src/os.c **** 		Os_Var.Os_Task_Add.Os_100ms_Address = fp;
 526              		.loc 1 50 3 view .LVU125
  50:Core/Src/os.c **** 		Os_Var.Os_Task_Add.Os_100ms_Address = fp;
 527              		.loc 1 50 39 is_stmt 0 view .LVU126
 528 0020 1300     		movs	r3, r2
 529 0022 084A     		ldr	r2, .L46+4
 530 0024 1A66     		str	r2, [r3, #96]
  51:Core/Src/os.c **** 		Os_Var.Os_Task_Flag.Os_100ms_Flag = 0;
 531              		.loc 1 51 3 is_stmt 1 view .LVU127
  51:Core/Src/os.c **** 		Os_Var.Os_Task_Flag.Os_100ms_Flag = 0;
 532              		.loc 1 51 37 is_stmt 0 view .LVU128
 533 0026 5622     		movs	r2, #86
 534 0028 0021     		movs	r1, #0
 535 002a 9954     		strb	r1, [r3, r2]
  52:Core/Src/os.c **** 		Os_Calc_Runtime_Start(OS_TASK_INDEX_100MS);
 536              		.loc 1 52 3 is_stmt 1 view .LVU129
 537 002c 0320     		movs	r0, #3
 538 002e FFF7FEFF 		bl	Os_Calc_Runtime_Start
 539              	.LVL34:
  53:Core/Src/os.c **** 		(void)Os_100ms_Task();
 540              		.loc 1 53 3 view .LVU130
  54:Core/Src/os.c **** 		Os_Calc_Runtime_Stop(OS_TASK_INDEX_100MS);
 541              		.loc 1 54 3 view .LVU131
 542 0032 0320     		movs	r0, #3
 543 0034 FFF7FEFF 		bl	Os_Calc_Runtime_Stop
 544              	.LVL35:
  55:Core/Src/os.c **** 		Os_Calc_Period(OS_TASK_INDEX_100MS);
 545              		.loc 1 55 3 view .LVU132
 546 0038 0320     		movs	r0, #3
 547 003a FFF7FEFF 		bl	Os_Calc_Period
 548              	.LVL36:
 549 003e EEE7     		b	.L42
 550              	.L47:
 551              		.align	2
 552              	.L46:
ARM GAS  C:\Users\jisu8\AppData\Local\Temp\ccTw41sf.s 			page 16


 553 0040 00000000 		.word	.LANCHOR0
 554 0044 00000000 		.word	Os_100ms_Task
 555              		.cfi_endproc
 556              	.LFE6:
 558              		.global	__aeabi_uidivmod
 559              		.section	.text.Os_Handler_1ms,"ax",%progbits
 560              		.align	1
 561              		.global	Os_Handler_1ms
 562              		.syntax unified
 563              		.code	16
 564              		.thumb_func
 566              	Os_Handler_1ms:
 567              	.LFB7:
  69:Core/Src/os.c **** {
 568              		.loc 1 69 1 view -0
 569              		.cfi_startproc
 570              		@ args = 0, pretend = 0, frame = 0
 571              		@ frame_needed = 0, uses_anonymous_args = 0
 572 0000 10B5     		push	{r4, lr}
 573              	.LCFI6:
 574              		.cfi_def_cfa_offset 8
 575              		.cfi_offset 4, -8
 576              		.cfi_offset 14, -4
  70:Core/Src/os.c **** 	if(Os_Var.Os_Counter.Os_1ms_Counter % 1 == 0)
 577              		.loc 1 70 2 view .LVU134
  72:Core/Src/os.c **** 		Os_Var.Os_Counter.Os_1ms_Counter++;
 578              		.loc 1 72 3 view .LVU135
  72:Core/Src/os.c **** 		Os_Var.Os_Counter.Os_1ms_Counter++;
 579              		.loc 1 72 20 is_stmt 0 view .LVU136
 580 0002 114B     		ldr	r3, .L50
  72:Core/Src/os.c **** 		Os_Var.Os_Counter.Os_1ms_Counter++;
 581              		.loc 1 72 35 view .LVU137
 582 0004 5A68     		ldr	r2, [r3, #4]
 583 0006 501C     		adds	r0, r2, #1
 584 0008 5860     		str	r0, [r3, #4]
  73:Core/Src/os.c **** 		Os_Var.Os_Task_Flag.Os_1ms_Flag = 1;
 585              		.loc 1 73 3 is_stmt 1 view .LVU138
  73:Core/Src/os.c **** 		Os_Var.Os_Task_Flag.Os_1ms_Flag = 1;
 586              		.loc 1 73 35 is_stmt 0 view .LVU139
 587 000a 5422     		movs	r2, #84
 588 000c 0121     		movs	r1, #1
 589 000e 9954     		strb	r1, [r3, r2]
  76:Core/Src/os.c **** 	if(Os_Var.Os_Counter.Os_1ms_Counter % 100 == 0)
 590              		.loc 1 76 2 is_stmt 1 view .LVU140
  76:Core/Src/os.c **** 	if(Os_Var.Os_Counter.Os_1ms_Counter % 100 == 0)
 591              		.loc 1 76 38 is_stmt 0 view .LVU141
 592 0010 6331     		adds	r1, r1, #99
 593 0012 FFF7FEFF 		bl	__aeabi_uidivmod
 594              	.LVL37:
  76:Core/Src/os.c **** 	if(Os_Var.Os_Counter.Os_1ms_Counter % 100 == 0)
 595              		.loc 1 76 4 view .LVU142
 596 0016 0029     		cmp	r1, #0
 597 0018 06D1     		bne	.L49
  78:Core/Src/os.c **** 		Os_Var.Os_Counter.Os_100ms_Counter++;
 598              		.loc 1 78 3 is_stmt 1 view .LVU143
  78:Core/Src/os.c **** 		Os_Var.Os_Counter.Os_100ms_Counter++;
 599              		.loc 1 78 20 is_stmt 0 view .LVU144
ARM GAS  C:\Users\jisu8\AppData\Local\Temp\ccTw41sf.s 			page 17


 600 001a 0B4B     		ldr	r3, .L50
  78:Core/Src/os.c **** 		Os_Var.Os_Counter.Os_100ms_Counter++;
 601              		.loc 1 78 37 view .LVU145
 602 001c DA68     		ldr	r2, [r3, #12]
 603 001e 0132     		adds	r2, r2, #1
 604 0020 DA60     		str	r2, [r3, #12]
  79:Core/Src/os.c **** 		Os_Var.Os_Task_Flag.Os_100ms_Flag = 1;
 605              		.loc 1 79 3 is_stmt 1 view .LVU146
  79:Core/Src/os.c **** 		Os_Var.Os_Task_Flag.Os_100ms_Flag = 1;
 606              		.loc 1 79 37 is_stmt 0 view .LVU147
 607 0022 5622     		movs	r2, #86
 608 0024 0131     		adds	r1, r1, #1
 609 0026 9954     		strb	r1, [r3, r2]
 610              	.L49:
  81:Core/Src/os.c **** 	void(*fp)(void);
 611              		.loc 1 81 2 is_stmt 1 view .LVU148
  82:Core/Src/os.c **** 	if(Os_Var.Os_Task_Flag.Os_1ms_Flag == 1)
 612              		.loc 1 82 2 view .LVU149
  84:Core/Src/os.c **** 		fp = Os_1ms_Task;
 613              		.loc 1 84 3 view .LVU150
  85:Core/Src/os.c **** 		Os_Var.Os_Task_Add.Os_1ms_Address = fp;
 614              		.loc 1 85 3 view .LVU151
  85:Core/Src/os.c **** 		Os_Var.Os_Task_Add.Os_1ms_Address = fp;
 615              		.loc 1 85 37 is_stmt 0 view .LVU152
 616 0028 074B     		ldr	r3, .L50
 617 002a 084A     		ldr	r2, .L50+4
 618 002c 9A65     		str	r2, [r3, #88]
  86:Core/Src/os.c **** 		Os_Var.Os_Task_Flag.Os_1ms_Flag = 0;
 619              		.loc 1 86 3 is_stmt 1 view .LVU153
  86:Core/Src/os.c **** 		Os_Var.Os_Task_Flag.Os_1ms_Flag = 0;
 620              		.loc 1 86 35 is_stmt 0 view .LVU154
 621 002e 5422     		movs	r2, #84
 622 0030 0021     		movs	r1, #0
 623 0032 9954     		strb	r1, [r3, r2]
  87:Core/Src/os.c **** 		Os_Calc_Runtime_Start(OS_TASK_INDEX_1MS);
 624              		.loc 1 87 3 is_stmt 1 view .LVU155
 625 0034 0120     		movs	r0, #1
 626 0036 FFF7FEFF 		bl	Os_Calc_Runtime_Start
 627              	.LVL38:
  88:Core/Src/os.c **** 		(void)Os_1ms_Task();
 628              		.loc 1 88 3 view .LVU156
  89:Core/Src/os.c **** 		Os_Calc_Runtime_Stop(OS_TASK_INDEX_1MS);
 629              		.loc 1 89 3 view .LVU157
 630 003a 0120     		movs	r0, #1
 631 003c FFF7FEFF 		bl	Os_Calc_Runtime_Stop
 632              	.LVL39:
  90:Core/Src/os.c **** 		Os_Calc_Period(OS_TASK_INDEX_1MS);
 633              		.loc 1 90 3 view .LVU158
 634 0040 0120     		movs	r0, #1
 635 0042 FFF7FEFF 		bl	Os_Calc_Period
 636              	.LVL40:
  92:Core/Src/os.c **** }
 637              		.loc 1 92 1 is_stmt 0 view .LVU159
 638              		@ sp needed
 639 0046 10BD     		pop	{r4, pc}
 640              	.L51:
 641              		.align	2
ARM GAS  C:\Users\jisu8\AppData\Local\Temp\ccTw41sf.s 			page 18


 642              	.L50:
 643 0048 00000000 		.word	.LANCHOR0
 644 004c 00000000 		.word	Os_1ms_Task
 645              		.cfi_endproc
 646              	.LFE7:
 648              		.section	.text.Os_Handler_10ms,"ax",%progbits
 649              		.align	1
 650              		.global	Os_Handler_10ms
 651              		.syntax unified
 652              		.code	16
 653              		.thumb_func
 655              	Os_Handler_10ms:
 656              	.LFB8:
  95:Core/Src/os.c **** {
 657              		.loc 1 95 1 is_stmt 1 view -0
 658              		.cfi_startproc
 659              		@ args = 0, pretend = 0, frame = 0
 660              		@ frame_needed = 0, uses_anonymous_args = 0
 661 0000 10B5     		push	{r4, lr}
 662              	.LCFI7:
 663              		.cfi_def_cfa_offset 8
 664              		.cfi_offset 4, -8
 665              		.cfi_offset 14, -4
  96:Core/Src/os.c **** 	Os_Var.Os_Counter.Os_10ms_Counter++;
 666              		.loc 1 96 2 view .LVU161
  96:Core/Src/os.c **** 	Os_Var.Os_Counter.Os_10ms_Counter++;
 667              		.loc 1 96 19 is_stmt 0 view .LVU162
 668 0002 0B4B     		ldr	r3, .L53
  96:Core/Src/os.c **** 	Os_Var.Os_Counter.Os_10ms_Counter++;
 669              		.loc 1 96 35 view .LVU163
 670 0004 9A68     		ldr	r2, [r3, #8]
 671 0006 0132     		adds	r2, r2, #1
 672 0008 9A60     		str	r2, [r3, #8]
  97:Core/Src/os.c **** 	Os_Var.Os_Task_Flag.Os_10ms_Flag = 1;
 673              		.loc 1 97 2 is_stmt 1 view .LVU164
  97:Core/Src/os.c **** 	Os_Var.Os_Task_Flag.Os_10ms_Flag = 1;
 674              		.loc 1 97 35 is_stmt 0 view .LVU165
 675 000a 5522     		movs	r2, #85
 676 000c 0121     		movs	r1, #1
 677 000e 9954     		strb	r1, [r3, r2]
  98:Core/Src/os.c **** 	void(*fp)(void);
 678              		.loc 1 98 2 is_stmt 1 view .LVU166
  99:Core/Src/os.c **** 	if(Os_Var.Os_Task_Flag.Os_10ms_Flag == 1)
 679              		.loc 1 99 2 view .LVU167
 101:Core/Src/os.c **** 		fp = Os_10ms_Task;
 680              		.loc 1 101 3 view .LVU168
 102:Core/Src/os.c **** 		Os_Var.Os_Task_Add.Os_10ms_Address = fp;
 681              		.loc 1 102 3 view .LVU169
 102:Core/Src/os.c **** 		Os_Var.Os_Task_Add.Os_10ms_Address = fp;
 682              		.loc 1 102 38 is_stmt 0 view .LVU170
 683 0010 0849     		ldr	r1, .L53+4
 684 0012 D965     		str	r1, [r3, #92]
 103:Core/Src/os.c **** 		Os_Var.Os_Task_Flag.Os_10ms_Flag = 0;
 685              		.loc 1 103 3 is_stmt 1 view .LVU171
 103:Core/Src/os.c **** 		Os_Var.Os_Task_Flag.Os_10ms_Flag = 0;
 686              		.loc 1 103 36 is_stmt 0 view .LVU172
 687 0014 0021     		movs	r1, #0
ARM GAS  C:\Users\jisu8\AppData\Local\Temp\ccTw41sf.s 			page 19


 688 0016 9954     		strb	r1, [r3, r2]
 104:Core/Src/os.c **** 		Os_Calc_Runtime_Start(OS_TASK_INDEX_10MS);
 689              		.loc 1 104 3 is_stmt 1 view .LVU173
 690 0018 0220     		movs	r0, #2
 691 001a FFF7FEFF 		bl	Os_Calc_Runtime_Start
 692              	.LVL41:
 105:Core/Src/os.c **** 		(void)Os_10ms_Task();
 693              		.loc 1 105 3 view .LVU174
 694 001e FFF7FEFF 		bl	Os_10ms_Task
 695              	.LVL42:
 106:Core/Src/os.c **** 		Os_Calc_Runtime_Stop(OS_TASK_INDEX_10MS);
 696              		.loc 1 106 3 view .LVU175
 697 0022 0220     		movs	r0, #2
 698 0024 FFF7FEFF 		bl	Os_Calc_Runtime_Stop
 699              	.LVL43:
 107:Core/Src/os.c **** 		Os_Calc_Period(OS_TASK_INDEX_10MS);
 700              		.loc 1 107 3 view .LVU176
 701 0028 0220     		movs	r0, #2
 702 002a FFF7FEFF 		bl	Os_Calc_Period
 703              	.LVL44:
 109:Core/Src/os.c **** }
 704              		.loc 1 109 1 is_stmt 0 view .LVU177
 705              		@ sp needed
 706 002e 10BD     		pop	{r4, pc}
 707              	.L54:
 708              		.align	2
 709              	.L53:
 710 0030 00000000 		.word	.LANCHOR0
 711 0034 00000000 		.word	Os_10ms_Task
 712              		.cfi_endproc
 713              	.LFE8:
 715              		.global	Os_Var
 716              		.section	.bss.Os_Var,"aw",%nobits
 717              		.align	2
 718              		.set	.LANCHOR0,. + 0
 721              	Os_Var:
 722 0000 00000000 		.space	100
 722      00000000 
 722      00000000 
 722      00000000 
 722      00000000 
 723              		.text
 724              	.Letext0:
 725              		.file 2 "Core/Inc/vardef.h"
 726              		.file 3 "Core/Inc/os.h"
ARM GAS  C:\Users\jisu8\AppData\Local\Temp\ccTw41sf.s 			page 20


DEFINED SYMBOLS
                            *ABS*:00000000 os.c
C:\Users\jisu8\AppData\Local\Temp\ccTw41sf.s:18     .text.Os_1ms_Task:00000000 $t
C:\Users\jisu8\AppData\Local\Temp\ccTw41sf.s:23     .text.Os_1ms_Task:00000000 Os_1ms_Task
C:\Users\jisu8\AppData\Local\Temp\ccTw41sf.s:38     .text.Os_100ms_Task:00000000 $t
C:\Users\jisu8\AppData\Local\Temp\ccTw41sf.s:43     .text.Os_100ms_Task:00000000 Os_100ms_Task
C:\Users\jisu8\AppData\Local\Temp\ccTw41sf.s:57     .text.Os_10ms_Task:00000000 $t
C:\Users\jisu8\AppData\Local\Temp\ccTw41sf.s:62     .text.Os_10ms_Task:00000000 Os_10ms_Task
C:\Users\jisu8\AppData\Local\Temp\ccTw41sf.s:89     .text.Os_Init_Task:00000000 $t
C:\Users\jisu8\AppData\Local\Temp\ccTw41sf.s:95     .text.Os_Init_Task:00000000 Os_Init_Task
C:\Users\jisu8\AppData\Local\Temp\ccTw41sf.s:116    .text.Os_Time_Handler:00000000 $t
C:\Users\jisu8\AppData\Local\Temp\ccTw41sf.s:122    .text.Os_Time_Handler:00000000 Os_Time_Handler
C:\Users\jisu8\AppData\Local\Temp\ccTw41sf.s:142    .text.Os_Time_Handler:0000000c $d
C:\Users\jisu8\AppData\Local\Temp\ccTw41sf.s:147    .text.Os_Get_Tick_100us:00000000 $t
C:\Users\jisu8\AppData\Local\Temp\ccTw41sf.s:153    .text.Os_Get_Tick_100us:00000000 Os_Get_Tick_100us
C:\Users\jisu8\AppData\Local\Temp\ccTw41sf.s:170    .text.Os_Get_Tick_100us:00000008 $d
C:\Users\jisu8\AppData\Local\Temp\ccTw41sf.s:175    .text.Os_Calc_Runtime_Start:00000000 $t
C:\Users\jisu8\AppData\Local\Temp\ccTw41sf.s:180    .text.Os_Calc_Runtime_Start:00000000 Os_Calc_Runtime_Start
C:\Users\jisu8\AppData\Local\Temp\ccTw41sf.s:236    .text.Os_Calc_Runtime_Start:00000028 $d
C:\Users\jisu8\AppData\Local\Temp\ccTw41sf.s:241    .text.Os_Calc_Runtime_Stop:00000000 $t
C:\Users\jisu8\AppData\Local\Temp\ccTw41sf.s:246    .text.Os_Calc_Runtime_Stop:00000000 Os_Calc_Runtime_Stop
C:\Users\jisu8\AppData\Local\Temp\ccTw41sf.s:355    .text.Os_Calc_Runtime_Stop:00000050 $d
C:\Users\jisu8\AppData\Local\Temp\ccTw41sf.s:360    .text.Os_Calc_Period:00000000 $t
C:\Users\jisu8\AppData\Local\Temp\ccTw41sf.s:365    .text.Os_Calc_Period:00000000 Os_Calc_Period
C:\Users\jisu8\AppData\Local\Temp\ccTw41sf.s:475    .text.Os_Calc_Period:00000050 $d
C:\Users\jisu8\AppData\Local\Temp\ccTw41sf.s:480    .text.Os_Handler:00000000 $t
C:\Users\jisu8\AppData\Local\Temp\ccTw41sf.s:486    .text.Os_Handler:00000000 Os_Handler
C:\Users\jisu8\AppData\Local\Temp\ccTw41sf.s:553    .text.Os_Handler:00000040 $d
C:\Users\jisu8\AppData\Local\Temp\ccTw41sf.s:560    .text.Os_Handler_1ms:00000000 $t
C:\Users\jisu8\AppData\Local\Temp\ccTw41sf.s:566    .text.Os_Handler_1ms:00000000 Os_Handler_1ms
C:\Users\jisu8\AppData\Local\Temp\ccTw41sf.s:643    .text.Os_Handler_1ms:00000048 $d
C:\Users\jisu8\AppData\Local\Temp\ccTw41sf.s:649    .text.Os_Handler_10ms:00000000 $t
C:\Users\jisu8\AppData\Local\Temp\ccTw41sf.s:655    .text.Os_Handler_10ms:00000000 Os_Handler_10ms
C:\Users\jisu8\AppData\Local\Temp\ccTw41sf.s:710    .text.Os_Handler_10ms:00000030 $d
C:\Users\jisu8\AppData\Local\Temp\ccTw41sf.s:721    .bss.Os_Var:00000000 Os_Var
C:\Users\jisu8\AppData\Local\Temp\ccTw41sf.s:717    .bss.Os_Var:00000000 $d

UNDEFINED SYMBOLS
Key_Scan
OLED_Display
Key_Input
OLED_Init
__aeabi_uidivmod
